running develop
running egg_info
creating usb_mount.egg-info
writing usb_mount.egg-info/PKG-INFO
writing dependency_links to usb_mount.egg-info/dependency_links.txt
writing entry points to usb_mount.egg-info/entry_points.txt
writing requirements to usb_mount.egg-info/requires.txt
writing top-level names to usb_mount.egg-info/top_level.txt
writing manifest file 'usb_mount.egg-info/SOURCES.txt'
reading manifest file 'usb_mount.egg-info/SOURCES.txt'
writing manifest file 'usb_mount.egg-info/SOURCES.txt'
running build_ext
Creating /home/vom/ros2_ws/Nano_Vision/install/usb_mount/lib/python3.10/site-packages/usb-mount.egg-link (link to .)
Installing mount script to /home/vom/ros2_ws/Nano_Vision/install/usb_mount/lib/usb_mount

Installed /home/vom/ros2_ws/Nano_Vision/build/usb_mount
running install_data
creating /home/vom/ros2_ws/Nano_Vision/install/usb_mount/share/ament_index
creating /home/vom/ros2_ws/Nano_Vision/install/usb_mount/share/ament_index/resource_index
creating /home/vom/ros2_ws/Nano_Vision/install/usb_mount/share/ament_index/resource_index/packages
copying resource/usb_mount -> /home/vom/ros2_ws/Nano_Vision/install/usb_mount/share/ament_index/resource_index/packages
copying package.xml -> /home/vom/ros2_ws/Nano_Vision/install/usb_mount/share/usb_mount
