[5.638s] Invoking command in '/home/yansa/Yansa_Vision/build/IRCamera': PYTHONPATH=/home/yansa/Yansa_Vision/build/IRCamera/prefix_override:/home/yansa/Yansa_Vision/install/IRCamera/lib/python3.8/site-packages:${PYTHONPATH} /usr/bin/python3 setup.py develop --editable --build-directory /home/yansa/Yansa_Vision/build/IRCamera/build --no-deps install_data
[6.701s] running develop
[7.298s] running egg_info
[7.299s] writing IRCamera.egg-info/PKG-INFO
[7.299s] writing dependency_links to IRCamera.egg-info/dependency_links.txt
[7.300s] writing entry points to IRCamera.egg-info/entry_points.txt
[7.302s] writing requirements to IRCamera.egg-info/requires.txt
[7.302s] writing top-level names to IRCamera.egg-info/top_level.txt
[7.471s] reading manifest file 'IRCamera.egg-info/SOURCES.txt'
[7.476s] writing manifest file 'IRCamera.egg-info/SOURCES.txt'
[7.657s] running build_ext
[7.660s] Creating /home/yansa/Yansa_Vision/install/IRCamera/lib/python3.8/site-packages/IRCamera.egg-link (link to .)
[7.664s] Installing ir_grab script to /home/yansa/Yansa_Vision/install/IRCamera/lib/IRCamera
[7.665s] Installing ir_pub script to /home/yansa/Yansa_Vision/install/IRCamera/lib/IRCamera
[7.669s] Installing ir_sub script to /home/yansa/Yansa_Vision/install/IRCamera/lib/IRCamera
[7.670s] 
[7.670s] Installed /home/yansa/Yansa_Vision/build/IRCamera
[7.671s] running install_data
[7.671s] copying resource/IRCamera -> /home/yansa/Yansa_Vision/install/IRCamera/share/ament_index/resource_index/packages
[7.672s] copying package.xml -> /home/yansa/Yansa_Vision/install/IRCamera/share/IRCamera
[7.861s] Invoked command in '/home/yansa/Yansa_Vision/build/IRCamera' returned '0': PYTHONPATH=/home/yansa/Yansa_Vision/build/IRCamera/prefix_override:/home/yansa/Yansa_Vision/install/IRCamera/lib/python3.8/site-packages:${PYTHONPATH} /usr/bin/python3 setup.py develop --editable --build-directory /home/yansa/Yansa_Vision/build/IRCamera/build --no-deps install_data
