[1.172s] Invoking command in '/home/vom/Nano_Vision/build/ir_camera': PYTHONPATH=/home/vom/Nano_Vision/build/ir_camera/prefix_override:/home/vom/Nano_Vision/install/ir_camera/lib/python3.10/site-packages:${PYTHONPATH} /usr/bin/python3 setup.py develop --editable --build-directory /home/vom/Nano_Vision/build/ir_camera/build --no-deps install_data
[1.422s] running develop
[1.587s] running egg_info
[1.588s] creating ir_camera.egg-info
[1.588s] writing ir_camera.egg-info/PKG-INFO
[1.588s] writing dependency_links to ir_camera.egg-info/dependency_links.txt
[1.588s] writing entry points to ir_camera.egg-info/entry_points.txt
[1.589s] writing requirements to ir_camera.egg-info/requires.txt
[1.589s] writing top-level names to ir_camera.egg-info/top_level.txt
[1.589s] writing manifest file 'ir_camera.egg-info/SOURCES.txt'
[1.591s] reading manifest file 'ir_camera.egg-info/SOURCES.txt'
[1.592s] writing manifest file 'ir_camera.egg-info/SOURCES.txt'
[1.633s] running build_ext
[1.633s] Creating /home/vom/Nano_Vision/install/ir_camera/lib/python3.10/site-packages/ir-camera.egg-link (link to .)
[1.634s] Installing ir_grab script to /home/vom/Nano_Vision/install/ir_camera/lib/ir_camera
[1.634s] Installing ir_pub script to /home/vom/Nano_Vision/install/ir_camera/lib/ir_camera
[1.634s] Installing ir_sub script to /home/vom/Nano_Vision/install/ir_camera/lib/ir_camera
[1.634s] 
[1.634s] Installed /home/vom/Nano_Vision/build/ir_camera
[1.634s] running install_data
[1.634s] creating /home/vom/Nano_Vision/install/ir_camera/share/ament_index
[1.635s] creating /home/vom/Nano_Vision/install/ir_camera/share/ament_index/resource_index
[1.635s] creating /home/vom/Nano_Vision/install/ir_camera/share/ament_index/resource_index/packages
[1.635s] copying resource/ir_camera -> /home/vom/Nano_Vision/install/ir_camera/share/ament_index/resource_index/packages
[1.635s] copying package.xml -> /home/vom/Nano_Vision/install/ir_camera/share/ir_camera
[1.671s] Invoked command in '/home/vom/Nano_Vision/build/ir_camera' returned '0': PYTHONPATH=/home/vom/Nano_Vision/build/ir_camera/prefix_override:/home/vom/Nano_Vision/install/ir_camera/lib/python3.10/site-packages:${PYTHONPATH} /usr/bin/python3 setup.py develop --editable --build-directory /home/vom/Nano_Vision/build/ir_camera/build --no-deps install_data
