[0.099s] Invoking command in '/home/vom/Nano_Vision/build/yansa_vision_bringup': AMENT_PREFIX_PATH=/home/vom/Nano_Vision/install/rgb_camera:/home/vom/Nano_Vision/install/ir_camera:${AMENT_PREFIX_PATH} CMAKE_PREFIX_PATH=${CMAKE_PREFIX_PATH}:/home/vom/RasPi_LiDAR/install/velodyne_lidar:/opt/ros/humble PYTHONPATH=/home/vom/Nano_Vision/install/rgb_camera/lib/python3.10/site-packages:/home/vom/Nano_Vision/install/ir_camera/lib/python3.10/site-packages:${PYTHONPATH} /usr/bin/cmake /home/vom/Nano_Vision/src/yansa_vision_bringup -DCMAKE_INSTALL_PREFIX=/home/vom/Nano_Vision/install/yansa_vision_bringup
[0.152s] -- The C compiler identification is GNU 11.4.0
[0.217s] -- The CXX compiler identification is GNU 11.4.0
[0.225s] -- Detecting C compiler ABI info
[0.286s] -- Detecting C compiler ABI info - done
[0.292s] -- Check for working C compiler: /usr/bin/cc - skipped
[0.293s] -- Detecting C compile features
[0.293s] -- Detecting C compile features - done
[0.295s] -- Detecting CXX compiler ABI info
[0.370s] -- Detecting CXX compiler ABI info - done
[0.386s] -- Check for working CXX compiler: /usr/bin/c++ - skipped
[0.386s] -- Detecting CXX compile features
[0.390s] -- Detecting CXX compile features - done
[0.406s] -- Found ament_cmake: 1.3.5 (/opt/ros/humble/share/ament_cmake/cmake)
[0.575s] -- Found Python3: /usr/bin/python3.10 (found version "3.10.12") found components: Interpreter 
[0.737s] -- Configuring done
[0.739s] -- Generating done
[0.740s] -- Build files have been written to: /home/vom/Nano_Vision/build/yansa_vision_bringup
[0.744s] Invoked command in '/home/vom/Nano_Vision/build/yansa_vision_bringup' returned '0': AMENT_PREFIX_PATH=/home/vom/Nano_Vision/install/rgb_camera:/home/vom/Nano_Vision/install/ir_camera:${AMENT_PREFIX_PATH} CMAKE_PREFIX_PATH=${CMAKE_PREFIX_PATH}:/home/vom/RasPi_LiDAR/install/velodyne_lidar:/opt/ros/humble PYTHONPATH=/home/vom/Nano_Vision/install/rgb_camera/lib/python3.10/site-packages:/home/vom/Nano_Vision/install/ir_camera/lib/python3.10/site-packages:${PYTHONPATH} /usr/bin/cmake /home/vom/Nano_Vision/src/yansa_vision_bringup -DCMAKE_INSTALL_PREFIX=/home/vom/Nano_Vision/install/yansa_vision_bringup
[0.745s] Invoking command in '/home/vom/Nano_Vision/build/yansa_vision_bringup': AMENT_PREFIX_PATH=/home/vom/Nano_Vision/install/rgb_camera:/home/vom/Nano_Vision/install/ir_camera:${AMENT_PREFIX_PATH} CMAKE_PREFIX_PATH=${CMAKE_PREFIX_PATH}:/home/vom/RasPi_LiDAR/install/velodyne_lidar:/opt/ros/humble PYTHONPATH=/home/vom/Nano_Vision/install/rgb_camera/lib/python3.10/site-packages:/home/vom/Nano_Vision/install/ir_camera/lib/python3.10/site-packages:${PYTHONPATH} /usr/bin/cmake --build /home/vom/Nano_Vision/build/yansa_vision_bringup -- -j8 -l8
[0.782s] Invoked command in '/home/vom/Nano_Vision/build/yansa_vision_bringup' returned '0': AMENT_PREFIX_PATH=/home/vom/Nano_Vision/install/rgb_camera:/home/vom/Nano_Vision/install/ir_camera:${AMENT_PREFIX_PATH} CMAKE_PREFIX_PATH=${CMAKE_PREFIX_PATH}:/home/vom/RasPi_LiDAR/install/velodyne_lidar:/opt/ros/humble PYTHONPATH=/home/vom/Nano_Vision/install/rgb_camera/lib/python3.10/site-packages:/home/vom/Nano_Vision/install/ir_camera/lib/python3.10/site-packages:${PYTHONPATH} /usr/bin/cmake --build /home/vom/Nano_Vision/build/yansa_vision_bringup -- -j8 -l8
[0.814s] Invoking command in '/home/vom/Nano_Vision/build/yansa_vision_bringup': AMENT_PREFIX_PATH=/home/vom/Nano_Vision/install/rgb_camera:/home/vom/Nano_Vision/install/ir_camera:${AMENT_PREFIX_PATH} CMAKE_PREFIX_PATH=${CMAKE_PREFIX_PATH}:/home/vom/RasPi_LiDAR/install/velodyne_lidar:/opt/ros/humble PYTHONPATH=/home/vom/Nano_Vision/install/rgb_camera/lib/python3.10/site-packages:/home/vom/Nano_Vision/install/ir_camera/lib/python3.10/site-packages:${PYTHONPATH} /usr/bin/cmake --install /home/vom/Nano_Vision/build/yansa_vision_bringup
[0.822s] -- Install configuration: ""
[0.822s] -- Installing: /home/vom/Nano_Vision/install/yansa_vision_bringup/share/yansa_vision_bringup/launch
[0.822s] -- Installing: /home/vom/Nano_Vision/install/yansa_vision_bringup/share/yansa_vision_bringup/launch/__pycache__
[0.823s] -- Installing: /home/vom/Nano_Vision/install/yansa_vision_bringup/share/yansa_vision_bringup/launch/__pycache__/vision.launch.cpython-310.pyc
[0.823s] -- Installing: /home/vom/Nano_Vision/install/yansa_vision_bringup/share/yansa_vision_bringup/launch/vision.launch.py
[0.823s] -- Installing: /home/vom/Nano_Vision/install/yansa_vision_bringup/share/ament_index/resource_index/package_run_dependencies/yansa_vision_bringup
[0.824s] -- Installing: /home/vom/Nano_Vision/install/yansa_vision_bringup/share/ament_index/resource_index/parent_prefix_path/yansa_vision_bringup
[0.824s] -- Installing: /home/vom/Nano_Vision/install/yansa_vision_bringup/share/yansa_vision_bringup/environment/ament_prefix_path.sh
[0.824s] -- Installing: /home/vom/Nano_Vision/install/yansa_vision_bringup/share/yansa_vision_bringup/environment/ament_prefix_path.dsv
[0.824s] -- Installing: /home/vom/Nano_Vision/install/yansa_vision_bringup/share/yansa_vision_bringup/environment/path.sh
[0.824s] -- Installing: /home/vom/Nano_Vision/install/yansa_vision_bringup/share/yansa_vision_bringup/environment/path.dsv
[0.824s] -- Installing: /home/vom/Nano_Vision/install/yansa_vision_bringup/share/yansa_vision_bringup/local_setup.bash
[0.824s] -- Installing: /home/vom/Nano_Vision/install/yansa_vision_bringup/share/yansa_vision_bringup/local_setup.sh
[0.824s] -- Installing: /home/vom/Nano_Vision/install/yansa_vision_bringup/share/yansa_vision_bringup/local_setup.zsh
[0.825s] -- Installing: /home/vom/Nano_Vision/install/yansa_vision_bringup/share/yansa_vision_bringup/local_setup.dsv
[0.825s] -- Installing: /home/vom/Nano_Vision/install/yansa_vision_bringup/share/yansa_vision_bringup/package.dsv
[0.825s] -- Installing: /home/vom/Nano_Vision/install/yansa_vision_bringup/share/ament_index/resource_index/packages/yansa_vision_bringup
[0.825s] -- Installing: /home/vom/Nano_Vision/install/yansa_vision_bringup/share/yansa_vision_bringup/cmake/yansa_vision_bringupConfig.cmake
[0.825s] -- Installing: /home/vom/Nano_Vision/install/yansa_vision_bringup/share/yansa_vision_bringup/cmake/yansa_vision_bringupConfig-version.cmake
[0.825s] -- Installing: /home/vom/Nano_Vision/install/yansa_vision_bringup/share/yansa_vision_bringup/package.xml
[0.827s] Invoked command in '/home/vom/Nano_Vision/build/yansa_vision_bringup' returned '0': AMENT_PREFIX_PATH=/home/vom/Nano_Vision/install/rgb_camera:/home/vom/Nano_Vision/install/ir_camera:${AMENT_PREFIX_PATH} CMAKE_PREFIX_PATH=${CMAKE_PREFIX_PATH}:/home/vom/RasPi_LiDAR/install/velodyne_lidar:/opt/ros/humble PYTHONPATH=/home/vom/Nano_Vision/install/rgb_camera/lib/python3.10/site-packages:/home/vom/Nano_Vision/install/ir_camera/lib/python3.10/site-packages:${PYTHONPATH} /usr/bin/cmake --install /home/vom/Nano_Vision/build/yansa_vision_bringup
