[1.648s] Invoking command in '/home/vom/Nano_Vision/src/ir_camera': PYTHONPATH=/home/vom/Nano_Vision/build/ir_camera/prefix_override:/home/vom/Nano_Vision/install/ir_camera/lib/python3.10/site-packages:${PYTHONPATH} /usr/bin/python3 setup.py egg_info --egg-base ../../build/ir_camera build --build-base /home/vom/Nano_Vision/build/ir_camera/build install --record /home/vom/Nano_Vision/build/ir_camera/install.log --single-version-externally-managed
[1.887s] running egg_info
[1.887s] writing ../../build/ir_camera/ir_camera.egg-info/PKG-INFO
[1.887s] writing dependency_links to ../../build/ir_camera/ir_camera.egg-info/dependency_links.txt
[1.888s] writing entry points to ../../build/ir_camera/ir_camera.egg-info/entry_points.txt
[1.888s] writing requirements to ../../build/ir_camera/ir_camera.egg-info/requires.txt
[1.888s] writing top-level names to ../../build/ir_camera/ir_camera.egg-info/top_level.txt
[1.890s] reading manifest file '../../build/ir_camera/ir_camera.egg-info/SOURCES.txt'
[1.892s] writing manifest file '../../build/ir_camera/ir_camera.egg-info/SOURCES.txt'
[1.892s] running build
[1.892s] running build_py
[1.892s] running install
[1.893s] running install_lib
[1.894s] running install_data
[1.895s] running install_egg_info
[1.896s] removing '/home/vom/Nano_Vision/install/ir_camera/lib/python3.10/site-packages/ir_camera-0.0.0-py3.10.egg-info' (and everything under it)
[1.897s] Copying ../../build/ir_camera/ir_camera.egg-info to /home/vom/Nano_Vision/install/ir_camera/lib/python3.10/site-packages/ir_camera-0.0.0-py3.10.egg-info
[1.897s] running install_scripts
[1.915s] Installing ir_grab script to /home/vom/Nano_Vision/install/ir_camera/lib/ir_camera
[1.915s] Installing ir_pub script to /home/vom/Nano_Vision/install/ir_camera/lib/ir_camera
[1.916s] Installing ir_sub script to /home/vom/Nano_Vision/install/ir_camera/lib/ir_camera
[1.916s] writing list of installed files to '/home/vom/Nano_Vision/build/ir_camera/install.log'
[1.936s] Invoked command in '/home/vom/Nano_Vision/src/ir_camera' returned '0': PYTHONPATH=/home/vom/Nano_Vision/build/ir_camera/prefix_override:/home/vom/Nano_Vision/install/ir_camera/lib/python3.10/site-packages:${PYTHONPATH} /usr/bin/python3 setup.py egg_info --egg-base ../../build/ir_camera build --build-base /home/vom/Nano_Vision/build/ir_camera/build install --record /home/vom/Nano_Vision/build/ir_camera/install.log --single-version-externally-managed
