[1.641s] Invoking command in '/home/vom/Nano_Vision/src/rgb_camera': PYTHONPATH=/home/vom/Nano_Vision/build/rgb_camera/prefix_override:/home/vom/Nano_Vision/install/rgb_camera/lib/python3.10/site-packages:${PYTHONPATH} /usr/bin/python3 setup.py egg_info --egg-base ../../build/rgb_camera build --build-base /home/vom/Nano_Vision/build/rgb_camera/build install --record /home/vom/Nano_Vision/build/rgb_camera/install.log --single-version-externally-managed
[2.952s] running egg_info
[2.953s] writing ../../build/rgb_camera/rgb_camera.egg-info/PKG-INFO
[2.953s] writing dependency_links to ../../build/rgb_camera/rgb_camera.egg-info/dependency_links.txt
[2.954s] writing entry points to ../../build/rgb_camera/rgb_camera.egg-info/entry_points.txt
[2.954s] writing requirements to ../../build/rgb_camera/rgb_camera.egg-info/requires.txt
[2.954s] writing top-level names to ../../build/rgb_camera/rgb_camera.egg-info/top_level.txt
[2.956s] reading manifest file '../../build/rgb_camera/rgb_camera.egg-info/SOURCES.txt'
[2.978s] writing manifest file '../../build/rgb_camera/rgb_camera.egg-info/SOURCES.txt'
[2.978s] running build
[2.978s] running build_py
[2.979s] running install
[2.979s] running install_lib
[2.982s] running install_data
[2.996s] running install_egg_info
[2.996s] removing '/home/vom/Nano_Vision/install/rgb_camera/lib/python3.10/site-packages/rgb_camera-0.0.0-py3.10.egg-info' (and everything under it)
[2.996s] Copying ../../build/rgb_camera/rgb_camera.egg-info to /home/vom/Nano_Vision/install/rgb_camera/lib/python3.10/site-packages/rgb_camera-0.0.0-py3.10.egg-info
[2.998s] running install_scripts
[3.120s] Installing asynchronous_opencv_grab script to /home/vom/Nano_Vision/install/rgb_camera/lib/rgb_camera
[3.120s] Installing rgb_grab script to /home/vom/Nano_Vision/install/rgb_camera/lib/rgb_camera
[3.121s] writing list of installed files to '/home/vom/Nano_Vision/build/rgb_camera/install.log'
[3.398s] Invoked command in '/home/vom/Nano_Vision/src/rgb_camera' returned '0': PYTHONPATH=/home/vom/Nano_Vision/build/rgb_camera/prefix_override:/home/vom/Nano_Vision/install/rgb_camera/lib/python3.10/site-packages:${PYTHONPATH} /usr/bin/python3 setup.py egg_info --egg-base ../../build/rgb_camera build --build-base /home/vom/Nano_Vision/build/rgb_camera/build install --record /home/vom/Nano_Vision/build/rgb_camera/install.log --single-version-externally-managed
