[1.822s] Invoking command in '/home/vom/Nano_Vision/src/ir_camera': PYTHONPATH=/home/vom/Nano_Vision/build/ir_camera/prefix_override:/home/vom/Nano_Vision/install/ir_camera/lib/python3.10/site-packages:${PYTHONPATH} /usr/bin/python3 setup.py egg_info --egg-base ../../build/ir_camera build --build-base /home/vom/Nano_Vision/build/ir_camera/build install --record /home/vom/Nano_Vision/build/ir_camera/install.log --single-version-externally-managed
[2.923s] running egg_info
[2.926s] writing ../../build/ir_camera/ir_camera.egg-info/PKG-INFO
[2.927s] writing dependency_links to ../../build/ir_camera/ir_camera.egg-info/dependency_links.txt
[2.928s] writing entry points to ../../build/ir_camera/ir_camera.egg-info/entry_points.txt
[2.929s] writing requirements to ../../build/ir_camera/ir_camera.egg-info/requires.txt
[2.931s] writing top-level names to ../../build/ir_camera/ir_camera.egg-info/top_level.txt
[2.936s] reading manifest file '../../build/ir_camera/ir_camera.egg-info/SOURCES.txt'
[2.938s] writing manifest file '../../build/ir_camera/ir_camera.egg-info/SOURCES.txt'
[2.939s] running build
[2.939s] running build_py
[2.940s] running install
[2.941s] running install_lib
[2.942s] running install_data
[2.944s] running install_egg_info
[2.946s] removing '/home/vom/Nano_Vision/install/ir_camera/lib/python3.10/site-packages/ir_camera-0.0.0-py3.10.egg-info' (and everything under it)
[2.947s] Copying ../../build/ir_camera/ir_camera.egg-info to /home/vom/Nano_Vision/install/ir_camera/lib/python3.10/site-packages/ir_camera-0.0.0-py3.10.egg-info
[2.948s] running install_scripts
[3.060s] Installing ir_grab script to /home/vom/Nano_Vision/install/ir_camera/lib/ir_camera
[3.069s] Installing ir_pub script to /home/vom/Nano_Vision/install/ir_camera/lib/ir_camera
[3.069s] Installing ir_sub script to /home/vom/Nano_Vision/install/ir_camera/lib/ir_camera
[3.070s] writing list of installed files to '/home/vom/Nano_Vision/build/ir_camera/install.log'
[3.205s] Invoked command in '/home/vom/Nano_Vision/src/ir_camera' returned '0': PYTHONPATH=/home/vom/Nano_Vision/build/ir_camera/prefix_override:/home/vom/Nano_Vision/install/ir_camera/lib/python3.10/site-packages:${PYTHONPATH} /usr/bin/python3 setup.py egg_info --egg-base ../../build/ir_camera build --build-base /home/vom/Nano_Vision/build/ir_camera/build install --record /home/vom/Nano_Vision/build/ir_camera/install.log --single-version-externally-managed
