[0.939s] DEBUG:colcon:Command line arguments: ['/usr/bin/colcon', 'build', '--symlink-install']
[0.939s] DEBUG:colcon:Parsed command line arguments: Namespace(log_base=None, log_level=None, verb_name='build', build_base='build', install_base='install', merge_install=False, symlink_install=True, test_result_base=None, continue_on_error=False, executor='parallel', parallel_workers=8, event_handlers=None, ignore_user_meta=False, metas=['./colcon.meta'], base_paths=['.'], packages_ignore=None, packages_ignore_regex=None, paths=None, packages_up_to=None, packages_up_to_regex=None, packages_above=None, packages_above_and_dependencies=None, packages_above_depth=None, packages_select_by_dep=None, packages_skip_by_dep=None, packages_skip_up_to=None, packages_select_build_failed=False, packages_skip_build_finished=False, packages_select_test_failures=False, packages_skip_test_passed=False, packages_select=None, packages_skip=None, packages_select_regex=None, packages_skip_regex=None, packages_start=None, packages_end=None, allow_overriding=[], cmake_args=None, cmake_target=None, cmake_target_skip_unavailable=False, cmake_clean_cache=False, cmake_clean_first=False, cmake_force_configure=False, ament_cmake_args=None, catkin_cmake_args=None, catkin_skip_building_tests=False, verb_parser=<colcon_defaults.argument_parser.defaults.DefaultArgumentsDecorator object at 0x7f5f20d8d4b0>, verb_extension=<colcon_core.verb.build.BuildVerb object at 0x7f5f213cb970>, main=<bound method BuildVerb.main of <colcon_core.verb.build.BuildVerb object at 0x7f5f213cb970>>)
[0.980s] Level 1:colcon.colcon_core.package_discovery:discover_packages(colcon_meta) check parameters
[0.980s] Level 1:colcon.colcon_core.package_discovery:discover_packages(recursive) check parameters
[0.980s] Level 1:colcon.colcon_core.package_discovery:discover_packages(ignore) check parameters
[0.980s] Level 1:colcon.colcon_core.package_discovery:discover_packages(path) check parameters
[0.980s] Level 1:colcon.colcon_core.package_discovery:discover_packages(colcon_meta) discover
[0.980s] Level 1:colcon.colcon_core.package_discovery:discover_packages(recursive) discover
[0.980s] INFO:colcon.colcon_core.package_discovery:Crawling recursively for packages in '/home/vom/Nano_Vision'
[0.980s] Level 1:colcon.colcon_core.package_identification:_identify(.) by extensions ['ignore', 'ignore_ament_install']
[0.980s] Level 1:colcon.colcon_core.package_identification:_identify(.) by extension 'ignore'
[0.980s] Level 1:colcon.colcon_core.package_identification:_identify(.) by extension 'ignore_ament_install'
[0.981s] Level 1:colcon.colcon_core.package_identification:_identify(.) by extensions ['colcon_pkg']
[0.981s] Level 1:colcon.colcon_core.package_identification:_identify(.) by extension 'colcon_pkg'
[0.981s] Level 1:colcon.colcon_core.package_identification:_identify(.) by extensions ['colcon_meta']
[0.981s] Level 1:colcon.colcon_core.package_identification:_identify(.) by extension 'colcon_meta'
[0.981s] Level 1:colcon.colcon_core.package_identification:_identify(.) by extensions ['ros']
[0.981s] Level 1:colcon.colcon_core.package_identification:_identify(.) by extension 'ros'
[0.989s] Level 1:colcon.colcon_core.package_identification:_identify(.) by extensions ['cmake', 'python']
[0.989s] Level 1:colcon.colcon_core.package_identification:_identify(.) by extension 'cmake'
[0.989s] Level 1:colcon.colcon_core.package_identification:_identify(.) by extension 'python'
[0.989s] Level 1:colcon.colcon_core.package_identification:_identify(.) by extensions ['python_setup_py']
[0.989s] Level 1:colcon.colcon_core.package_identification:_identify(.) by extension 'python_setup_py'
[0.989s] Level 1:colcon.colcon_core.package_identification:_identify(build) by extensions ['ignore', 'ignore_ament_install']
[0.989s] Level 1:colcon.colcon_core.package_identification:_identify(build) by extension 'ignore'
[0.989s] Level 1:colcon.colcon_core.package_identification:_identify(build) ignored
[0.989s] Level 1:colcon.colcon_core.package_identification:_identify(install) by extensions ['ignore', 'ignore_ament_install']
[0.989s] Level 1:colcon.colcon_core.package_identification:_identify(install) by extension 'ignore'
[0.989s] Level 1:colcon.colcon_core.package_identification:_identify(install) ignored
[0.989s] Level 1:colcon.colcon_core.package_identification:_identify(log) by extensions ['ignore', 'ignore_ament_install']
[0.989s] Level 1:colcon.colcon_core.package_identification:_identify(log) by extension 'ignore'
[0.989s] Level 1:colcon.colcon_core.package_identification:_identify(log) ignored
[0.989s] Level 1:colcon.colcon_core.package_identification:_identify(src) by extensions ['ignore', 'ignore_ament_install']
[0.990s] Level 1:colcon.colcon_core.package_identification:_identify(src) by extension 'ignore'
[0.990s] Level 1:colcon.colcon_core.package_identification:_identify(src) by extension 'ignore_ament_install'
[0.990s] Level 1:colcon.colcon_core.package_identification:_identify(src) by extensions ['colcon_pkg']
[0.990s] Level 1:colcon.colcon_core.package_identification:_identify(src) by extension 'colcon_pkg'
[0.990s] Level 1:colcon.colcon_core.package_identification:_identify(src) by extensions ['colcon_meta']
[0.990s] Level 1:colcon.colcon_core.package_identification:_identify(src) by extension 'colcon_meta'
[0.990s] Level 1:colcon.colcon_core.package_identification:_identify(src) by extensions ['ros']
[0.990s] Level 1:colcon.colcon_core.package_identification:_identify(src) by extension 'ros'
[0.990s] Level 1:colcon.colcon_core.package_identification:_identify(src) by extensions ['cmake', 'python']
[0.990s] Level 1:colcon.colcon_core.package_identification:_identify(src) by extension 'cmake'
[0.990s] Level 1:colcon.colcon_core.package_identification:_identify(src) by extension 'python'
[0.990s] Level 1:colcon.colcon_core.package_identification:_identify(src) by extensions ['python_setup_py']
[0.990s] Level 1:colcon.colcon_core.package_identification:_identify(src) by extension 'python_setup_py'
[0.990s] Level 1:colcon.colcon_core.package_identification:_identify(src/IRCamera) by extensions ['ignore', 'ignore_ament_install']
[0.990s] Level 1:colcon.colcon_core.package_identification:_identify(src/IRCamera) by extension 'ignore'
[0.990s] Level 1:colcon.colcon_core.package_identification:_identify(src/IRCamera) by extension 'ignore_ament_install'
[0.990s] Level 1:colcon.colcon_core.package_identification:_identify(src/IRCamera) by extensions ['colcon_pkg']
[0.990s] Level 1:colcon.colcon_core.package_identification:_identify(src/IRCamera) by extension 'colcon_pkg'
[0.990s] Level 1:colcon.colcon_core.package_identification:_identify(src/IRCamera) by extensions ['colcon_meta']
[0.990s] Level 1:colcon.colcon_core.package_identification:_identify(src/IRCamera) by extension 'colcon_meta'
[0.990s] Level 1:colcon.colcon_core.package_identification:_identify(src/IRCamera) by extensions ['ros']
[0.990s] Level 1:colcon.colcon_core.package_identification:_identify(src/IRCamera) by extension 'ros'
[0.992s] DEBUG:colcon.colcon_core.package_identification:Package 'src/IRCamera' with type 'ros.ament_python' and name 'IRCamera'
[0.992s] Level 1:colcon.colcon_core.package_identification:_identify(src/RGBCamera) by extensions ['ignore', 'ignore_ament_install']
[0.993s] Level 1:colcon.colcon_core.package_identification:_identify(src/RGBCamera) by extension 'ignore'
[0.993s] Level 1:colcon.colcon_core.package_identification:_identify(src/RGBCamera) by extension 'ignore_ament_install'
[0.993s] Level 1:colcon.colcon_core.package_identification:_identify(src/RGBCamera) by extensions ['colcon_pkg']
[0.993s] Level 1:colcon.colcon_core.package_identification:_identify(src/RGBCamera) by extension 'colcon_pkg'
[0.993s] Level 1:colcon.colcon_core.package_identification:_identify(src/RGBCamera) by extensions ['colcon_meta']
[0.993s] Level 1:colcon.colcon_core.package_identification:_identify(src/RGBCamera) by extension 'colcon_meta'
[0.993s] Level 1:colcon.colcon_core.package_identification:_identify(src/RGBCamera) by extensions ['ros']
[0.993s] Level 1:colcon.colcon_core.package_identification:_identify(src/RGBCamera) by extension 'ros'
[0.993s] DEBUG:colcon.colcon_core.package_identification:Package 'src/RGBCamera' with type 'ros.ament_python' and name 'RGBCamera'
[0.994s] Level 1:colcon.colcon_core.package_discovery:discover_packages(recursive) using defaults
[0.994s] Level 1:colcon.colcon_core.package_discovery:discover_packages(ignore) discover
[0.994s] Level 1:colcon.colcon_core.package_discovery:discover_packages(ignore) using defaults
[0.994s] Level 1:colcon.colcon_core.package_discovery:discover_packages(path) discover
[0.994s] Level 1:colcon.colcon_core.package_discovery:discover_packages(path) using defaults
[1.086s] Level 1:colcon.colcon_core.package_discovery:discover_packages(prefix_path) check parameters
[1.086s] Level 1:colcon.colcon_core.package_discovery:discover_packages(prefix_path) discover
[1.114s] DEBUG:colcon.colcon_installed_package_information.package_discovery:Found 2 installed packages in /home/vom/ros2_ws/install
[1.130s] DEBUG:colcon.colcon_installed_package_information.package_discovery:Found 276 installed packages in /opt/ros/humble
[1.131s] Level 1:colcon.colcon_core.package_discovery:discover_packages(prefix_path) using defaults
[1.211s] Level 5:colcon.colcon_core.verb:set package 'IRCamera' build argument 'cmake_args' from command line to 'None'
[1.211s] Level 5:colcon.colcon_core.verb:set package 'IRCamera' build argument 'cmake_target' from command line to 'None'
[1.211s] Level 5:colcon.colcon_core.verb:set package 'IRCamera' build argument 'cmake_target_skip_unavailable' from command line to 'False'
[1.211s] Level 5:colcon.colcon_core.verb:set package 'IRCamera' build argument 'cmake_clean_cache' from command line to 'False'
[1.211s] Level 5:colcon.colcon_core.verb:set package 'IRCamera' build argument 'cmake_clean_first' from command line to 'False'
[1.211s] Level 5:colcon.colcon_core.verb:set package 'IRCamera' build argument 'cmake_force_configure' from command line to 'False'
[1.211s] Level 5:colcon.colcon_core.verb:set package 'IRCamera' build argument 'ament_cmake_args' from command line to 'None'
[1.211s] Level 5:colcon.colcon_core.verb:set package 'IRCamera' build argument 'catkin_cmake_args' from command line to 'None'
[1.211s] Level 5:colcon.colcon_core.verb:set package 'IRCamera' build argument 'catkin_skip_building_tests' from command line to 'False'
[1.211s] DEBUG:colcon.colcon_core.verb:Building package 'IRCamera' with the following arguments: {'ament_cmake_args': None, 'build_base': '/home/vom/Nano_Vision/build/IRCamera', 'catkin_cmake_args': None, 'catkin_skip_building_tests': False, 'cmake_args': None, 'cmake_clean_cache': False, 'cmake_clean_first': False, 'cmake_force_configure': False, 'cmake_target': None, 'cmake_target_skip_unavailable': False, 'install_base': '/home/vom/Nano_Vision/install/IRCamera', 'merge_install': False, 'path': '/home/vom/Nano_Vision/src/IRCamera', 'symlink_install': True, 'test_result_base': None}
[1.224s] Level 5:colcon.colcon_core.verb:set package 'RGBCamera' build argument 'cmake_args' from command line to 'None'
[1.224s] Level 5:colcon.colcon_core.verb:set package 'RGBCamera' build argument 'cmake_target' from command line to 'None'
[1.224s] Level 5:colcon.colcon_core.verb:set package 'RGBCamera' build argument 'cmake_target_skip_unavailable' from command line to 'False'
[1.224s] Level 5:colcon.colcon_core.verb:set package 'RGBCamera' build argument 'cmake_clean_cache' from command line to 'False'
[1.224s] Level 5:colcon.colcon_core.verb:set package 'RGBCamera' build argument 'cmake_clean_first' from command line to 'False'
[1.224s] Level 5:colcon.colcon_core.verb:set package 'RGBCamera' build argument 'cmake_force_configure' from command line to 'False'
[1.224s] Level 5:colcon.colcon_core.verb:set package 'RGBCamera' build argument 'ament_cmake_args' from command line to 'None'
[1.224s] Level 5:colcon.colcon_core.verb:set package 'RGBCamera' build argument 'catkin_cmake_args' from command line to 'None'
[1.224s] Level 5:colcon.colcon_core.verb:set package 'RGBCamera' build argument 'catkin_skip_building_tests' from command line to 'False'
[1.224s] DEBUG:colcon.colcon_core.verb:Building package 'RGBCamera' with the following arguments: {'ament_cmake_args': None, 'build_base': '/home/vom/Nano_Vision/build/RGBCamera', 'catkin_cmake_args': None, 'catkin_skip_building_tests': False, 'cmake_args': None, 'cmake_clean_cache': False, 'cmake_clean_first': False, 'cmake_force_configure': False, 'cmake_target': None, 'cmake_target_skip_unavailable': False, 'install_base': '/home/vom/Nano_Vision/install/RGBCamera', 'merge_install': False, 'path': '/home/vom/Nano_Vision/src/RGBCamera', 'symlink_install': True, 'test_result_base': None}
[1.237s] INFO:colcon.colcon_core.executor:Executing jobs using 'parallel' executor
[1.251s] DEBUG:colcon.colcon_parallel_executor.executor.parallel:run_until_complete
[1.251s] INFO:colcon.colcon_ros.task.ament_python.build:Building ROS package in '/home/vom/Nano_Vision/src/IRCamera' with build type 'ament_python'
[1.251s] Level 1:colcon.colcon_core.shell:create_environment_hook('IRCamera', 'ament_prefix_path')
[1.266s] INFO:colcon.colcon_core.plugin_system:Skipping extension 'colcon_core.shell.bat': Not used on non-Windows systems
[1.266s] INFO:colcon.colcon_core.shell:Creating environment hook '/home/vom/Nano_Vision/install/IRCamera/share/IRCamera/hook/ament_prefix_path.ps1'
[1.267s] INFO:colcon.colcon_core.shell:Creating environment descriptor '/home/vom/Nano_Vision/install/IRCamera/share/IRCamera/hook/ament_prefix_path.dsv'
[1.268s] INFO:colcon.colcon_core.shell:Creating environment hook '/home/vom/Nano_Vision/install/IRCamera/share/IRCamera/hook/ament_prefix_path.sh'
[1.282s] INFO:colcon.colcon_core.shell:Skip shell extension 'powershell' for command environment: Not usable outside of PowerShell
[1.282s] DEBUG:colcon.colcon_core.shell:Skip shell extension 'dsv' for command environment
[1.329s] INFO:colcon.colcon_ros.task.ament_python.build:Building ROS package in '/home/vom/Nano_Vision/src/RGBCamera' with build type 'ament_python'
[1.329s] Level 1:colcon.colcon_core.shell:create_environment_hook('RGBCamera', 'ament_prefix_path')
[1.343s] INFO:colcon.colcon_core.shell:Creating environment hook '/home/vom/Nano_Vision/install/RGBCamera/share/RGBCamera/hook/ament_prefix_path.ps1'
[1.344s] INFO:colcon.colcon_core.shell:Creating environment descriptor '/home/vom/Nano_Vision/install/RGBCamera/share/RGBCamera/hook/ament_prefix_path.dsv'
[1.344s] INFO:colcon.colcon_core.shell:Creating environment hook '/home/vom/Nano_Vision/install/RGBCamera/share/RGBCamera/hook/ament_prefix_path.sh'
[1.359s] INFO:colcon.colcon_core.shell:Skip shell extension 'powershell' for command environment: Not usable outside of PowerShell
[1.359s] DEBUG:colcon.colcon_core.shell:Skip shell extension 'dsv' for command environment
[1.652s] INFO:colcon.colcon_core.task.python.build:Building Python package in '/home/vom/Nano_Vision/src/IRCamera'
[1.674s] INFO:colcon.colcon_core.shell:Skip shell extension 'powershell' for command environment: Not usable outside of PowerShell
[1.674s] DEBUG:colcon.colcon_core.shell:Skip shell extension 'dsv' for command environment
[1.966s] INFO:colcon.colcon_core.task.python.build:Building Python package in '/home/vom/Nano_Vision/src/RGBCamera'
[1.981s] INFO:colcon.colcon_core.shell:Skip shell extension 'powershell' for command environment: Not usable outside of PowerShell
[1.981s] DEBUG:colcon.colcon_core.shell:Skip shell extension 'dsv' for command environment
[2.437s] DEBUG:colcon.colcon_core.event_handler.log_command:Invoking command in '/home/vom/Nano_Vision/build/RGBCamera': PYTHONPATH=/home/vom/Nano_Vision/build/RGBCamera/prefix_override:/home/vom/Nano_Vision/install/RGBCamera/lib/python3.10/site-packages:${PYTHONPATH} /usr/bin/python3 setup.py develop --editable --build-directory /home/vom/Nano_Vision/build/RGBCamera/build --no-deps install_data
[2.439s] DEBUG:colcon.colcon_core.event_handler.log_command:Invoking command in '/home/vom/Nano_Vision/build/IRCamera': PYTHONPATH=/home/vom/Nano_Vision/build/IRCamera/prefix_override:/home/vom/Nano_Vision/install/IRCamera/lib/python3.10/site-packages:${PYTHONPATH} /usr/bin/python3 setup.py develop --editable --build-directory /home/vom/Nano_Vision/build/IRCamera/build --no-deps install_data
[2.897s] Level 1:colcon.colcon_core.shell:create_environment_hook('RGBCamera', 'pythonpath_develop')
[2.897s] DEBUG:colcon.colcon_core.event_handler.log_command:Invoked command in '/home/vom/Nano_Vision/build/RGBCamera' returned '0': PYTHONPATH=/home/vom/Nano_Vision/build/RGBCamera/prefix_override:/home/vom/Nano_Vision/install/RGBCamera/lib/python3.10/site-packages:${PYTHONPATH} /usr/bin/python3 setup.py develop --editable --build-directory /home/vom/Nano_Vision/build/RGBCamera/build --no-deps install_data
[2.913s] INFO:colcon.colcon_core.shell:Creating environment hook '/home/vom/Nano_Vision/build/RGBCamera/share/RGBCamera/hook/pythonpath_develop.ps1'
[2.913s] INFO:colcon.colcon_core.shell:Creating environment descriptor '/home/vom/Nano_Vision/build/RGBCamera/share/RGBCamera/hook/pythonpath_develop.dsv'
[2.913s] INFO:colcon.colcon_core.shell:Creating environment hook '/home/vom/Nano_Vision/build/RGBCamera/share/RGBCamera/hook/pythonpath_develop.sh'
[2.929s] Level 1:colcon.colcon_core.environment:checking '/home/vom/Nano_Vision/install/RGBCamera' for CMake module files
[2.929s] Level 1:colcon.colcon_core.environment:checking '/home/vom/Nano_Vision/install/RGBCamera' for CMake config files
[2.929s] Level 1:colcon.colcon_core.environment:checking '/home/vom/Nano_Vision/install/RGBCamera/lib'
[2.930s] Level 1:colcon.colcon_core.environment:checking '/home/vom/Nano_Vision/install/RGBCamera/bin'
[2.930s] Level 1:colcon.colcon_core.environment:checking '/home/vom/Nano_Vision/install/RGBCamera/lib/pkgconfig/RGBCamera.pc'
[2.930s] Level 1:colcon.colcon_core.environment:checking '/home/vom/Nano_Vision/install/RGBCamera/lib/python3.10/site-packages'
[2.930s] Level 1:colcon.colcon_core.shell:create_environment_hook('RGBCamera', 'pythonpath')
[2.947s] INFO:colcon.colcon_core.shell:Creating environment hook '/home/vom/Nano_Vision/install/RGBCamera/share/RGBCamera/hook/pythonpath.ps1'
[2.947s] INFO:colcon.colcon_core.shell:Creating environment descriptor '/home/vom/Nano_Vision/install/RGBCamera/share/RGBCamera/hook/pythonpath.dsv'
[2.948s] INFO:colcon.colcon_core.shell:Creating environment hook '/home/vom/Nano_Vision/install/RGBCamera/share/RGBCamera/hook/pythonpath.sh'
[2.948s] Level 1:colcon.colcon_core.environment:checking '/home/vom/Nano_Vision/install/RGBCamera/bin'
[2.949s] Level 1:colcon.colcon_core.environment:create_environment_scripts_only(RGBCamera)
[2.963s] INFO:colcon.colcon_core.shell:Creating package script '/home/vom/Nano_Vision/install/RGBCamera/share/RGBCamera/package.ps1'
[2.964s] INFO:colcon.colcon_core.shell:Creating package descriptor '/home/vom/Nano_Vision/install/RGBCamera/share/RGBCamera/package.dsv'
[2.964s] INFO:colcon.colcon_core.shell:Creating package script '/home/vom/Nano_Vision/install/RGBCamera/share/RGBCamera/package.sh'
[2.965s] INFO:colcon.colcon_core.shell:Creating package script '/home/vom/Nano_Vision/install/RGBCamera/share/RGBCamera/package.bash'
[2.966s] INFO:colcon.colcon_core.shell:Creating package script '/home/vom/Nano_Vision/install/RGBCamera/share/RGBCamera/package.zsh'
[2.966s] Level 1:colcon.colcon_core.environment:create_file_with_runtime_dependencies(/home/vom/Nano_Vision/install/RGBCamera/share/colcon-core/packages/RGBCamera)
[2.968s] Level 1:colcon.colcon_core.shell:create_environment_hook('IRCamera', 'pythonpath_develop')
[2.968s] DEBUG:colcon.colcon_core.event_handler.log_command:Invoked command in '/home/vom/Nano_Vision/build/IRCamera' returned '0': PYTHONPATH=/home/vom/Nano_Vision/build/IRCamera/prefix_override:/home/vom/Nano_Vision/install/IRCamera/lib/python3.10/site-packages:${PYTHONPATH} /usr/bin/python3 setup.py develop --editable --build-directory /home/vom/Nano_Vision/build/IRCamera/build --no-deps install_data
[2.983s] INFO:colcon.colcon_core.shell:Creating environment hook '/home/vom/Nano_Vision/build/IRCamera/share/IRCamera/hook/pythonpath_develop.ps1'
[2.984s] INFO:colcon.colcon_core.shell:Creating environment descriptor '/home/vom/Nano_Vision/build/IRCamera/share/IRCamera/hook/pythonpath_develop.dsv'
[2.992s] INFO:colcon.colcon_core.shell:Creating environment hook '/home/vom/Nano_Vision/build/IRCamera/share/IRCamera/hook/pythonpath_develop.sh'
[3.013s] Level 1:colcon.colcon_core.environment:checking '/home/vom/Nano_Vision/install/IRCamera' for CMake module files
[3.013s] Level 1:colcon.colcon_core.environment:checking '/home/vom/Nano_Vision/install/IRCamera' for CMake config files
[3.014s] Level 1:colcon.colcon_core.environment:checking '/home/vom/Nano_Vision/install/IRCamera/lib'
[3.014s] Level 1:colcon.colcon_core.environment:checking '/home/vom/Nano_Vision/install/IRCamera/bin'
[3.014s] Level 1:colcon.colcon_core.environment:checking '/home/vom/Nano_Vision/install/IRCamera/lib/pkgconfig/IRCamera.pc'
[3.014s] Level 1:colcon.colcon_core.environment:checking '/home/vom/Nano_Vision/install/IRCamera/lib/python3.10/site-packages'
[3.014s] Level 1:colcon.colcon_core.shell:create_environment_hook('IRCamera', 'pythonpath')
[3.028s] INFO:colcon.colcon_core.shell:Creating environment hook '/home/vom/Nano_Vision/install/IRCamera/share/IRCamera/hook/pythonpath.ps1'
[3.029s] INFO:colcon.colcon_core.shell:Creating environment descriptor '/home/vom/Nano_Vision/install/IRCamera/share/IRCamera/hook/pythonpath.dsv'
[3.029s] INFO:colcon.colcon_core.shell:Creating environment hook '/home/vom/Nano_Vision/install/IRCamera/share/IRCamera/hook/pythonpath.sh'
[3.030s] Level 1:colcon.colcon_core.environment:checking '/home/vom/Nano_Vision/install/IRCamera/bin'
[3.030s] Level 1:colcon.colcon_core.environment:create_environment_scripts_only(IRCamera)
[3.045s] INFO:colcon.colcon_core.shell:Creating package script '/home/vom/Nano_Vision/install/IRCamera/share/IRCamera/package.ps1'
[3.046s] INFO:colcon.colcon_core.shell:Creating package descriptor '/home/vom/Nano_Vision/install/IRCamera/share/IRCamera/package.dsv'
[3.046s] INFO:colcon.colcon_core.shell:Creating package script '/home/vom/Nano_Vision/install/IRCamera/share/IRCamera/package.sh'
[3.046s] INFO:colcon.colcon_core.shell:Creating package script '/home/vom/Nano_Vision/install/IRCamera/share/IRCamera/package.bash'
[3.047s] INFO:colcon.colcon_core.shell:Creating package script '/home/vom/Nano_Vision/install/IRCamera/share/IRCamera/package.zsh'
[3.047s] Level 1:colcon.colcon_core.environment:create_file_with_runtime_dependencies(/home/vom/Nano_Vision/install/IRCamera/share/colcon-core/packages/IRCamera)
[3.047s] DEBUG:colcon.colcon_parallel_executor.executor.parallel:closing loop
[3.047s] DEBUG:colcon.colcon_parallel_executor.executor.parallel:loop closed
[3.047s] DEBUG:colcon.colcon_parallel_executor.executor.parallel:run_until_complete finished with '0'
[3.047s] DEBUG:colcon.colcon_core.event_reactor:joining thread
[3.067s] INFO:colcon.colcon_core.plugin_system:Skipping extension 'colcon_notification.desktop_notification.terminal_notifier': Not used on non-Darwin systems
[3.067s] INFO:colcon.colcon_core.plugin_system:Skipping extension 'colcon_notification.desktop_notification.win32': Not used on non-Windows systems
[3.067s] INFO:colcon.colcon_notification.desktop_notification:Sending desktop notification using 'notify2'
[3.080s] DEBUG:colcon.colcon_core.event_reactor:joined thread
[3.097s] INFO:colcon.colcon_core.shell:Creating prefix script '/home/vom/Nano_Vision/install/local_setup.ps1'
[3.099s] INFO:colcon.colcon_core.shell:Creating prefix util module '/home/vom/Nano_Vision/install/_local_setup_util_ps1.py'
[3.100s] INFO:colcon.colcon_core.shell:Creating prefix chain script '/home/vom/Nano_Vision/install/setup.ps1'
[3.121s] INFO:colcon.colcon_core.shell:Creating prefix script '/home/vom/Nano_Vision/install/local_setup.sh'
[3.122s] INFO:colcon.colcon_core.shell:Creating prefix util module '/home/vom/Nano_Vision/install/_local_setup_util_sh.py'
[3.123s] INFO:colcon.colcon_core.shell:Creating prefix chain script '/home/vom/Nano_Vision/install/setup.sh'
[3.139s] INFO:colcon.colcon_core.shell:Creating prefix script '/home/vom/Nano_Vision/install/local_setup.bash'
[3.140s] INFO:colcon.colcon_core.shell:Creating prefix chain script '/home/vom/Nano_Vision/install/setup.bash'
[3.156s] INFO:colcon.colcon_core.shell:Creating prefix script '/home/vom/Nano_Vision/install/local_setup.zsh'
[3.157s] INFO:colcon.colcon_core.shell:Creating prefix chain script '/home/vom/Nano_Vision/install/setup.zsh'
