[4.230s] Invoking command in '/home/yansa/Yansa_Vision/build/RGBCamera': PYTHONPATH=/home/yansa/Yansa_Vision/build/RGBCamera/prefix_override:/home/yansa/Yansa_Vision/install/RGBCamera/lib/python3.8/site-packages:${PYTHONPATH} /usr/bin/python3 setup.py develop --editable --build-directory /home/yansa/Yansa_Vision/build/RGBCamera/build --no-deps install_data
[5.432s] running develop
[6.194s] running egg_info
[6.195s] creating RGBCamera.egg-info
[6.196s] writing RGBCamera.egg-info/PKG-INFO
[6.197s] writing dependency_links to RGBCamera.egg-info/dependency_links.txt
[6.197s] writing entry points to RGBCamera.egg-info/entry_points.txt
[6.198s] writing requirements to RGBCamera.egg-info/requires.txt
[6.200s] writing top-level names to RGBCamera.egg-info/top_level.txt
[6.205s] writing manifest file 'RGBCamera.egg-info/SOURCES.txt'
[6.519s] reading manifest file 'RGBCamera.egg-info/SOURCES.txt'
[6.522s] writing manifest file 'RGBCamera.egg-info/SOURCES.txt'
[6.847s] running build_ext
[6.849s] Creating /home/yansa/Yansa_Vision/install/RGBCamera/lib/python3.8/site-packages/RGBCamera.egg-link (link to .)
[6.853s] Installing rgb_pub script to /home/yansa/Yansa_Vision/install/RGBCamera/lib/RGBCamera
[6.863s] Installing rgb_sub script to /home/yansa/Yansa_Vision/install/RGBCamera/lib/RGBCamera
[6.864s] 
[6.865s] Installed /home/yansa/Yansa_Vision/build/RGBCamera
[6.865s] running install_data
[7.148s] Invoked command in '/home/yansa/Yansa_Vision/build/RGBCamera' returned '0': PYTHONPATH=/home/yansa/Yansa_Vision/build/RGBCamera/prefix_override:/home/yansa/Yansa_Vision/install/RGBCamera/lib/python3.8/site-packages:${PYTHONPATH} /usr/bin/python3 setup.py develop --editable --build-directory /home/yansa/Yansa_Vision/build/RGBCamera/build --no-deps install_data
