[4.326s] Invoking command in '/home/yansa/Yansa_Vision/build/RGBCamera': PYTHONPATH=/home/yansa/Yansa_Vision/build/RGBCamera/prefix_override:/home/yansa/Yansa_Vision/install/RGBCamera/lib/python3.8/site-packages:${PYTHONPATH} /usr/bin/python3 setup.py develop --editable --build-directory /home/yansa/Yansa_Vision/build/RGBCamera/build --no-deps install_data
[5.416s] running develop
[6.037s] running egg_info
[6.038s] creating RGBCamera.egg-info
[6.039s] writing RGBCamera.egg-info/PKG-INFO
[6.039s] writing dependency_links to RGBCamera.egg-info/dependency_links.txt
[6.040s] writing entry points to RGBCamera.egg-info/entry_points.txt
[6.040s] writing requirements to RGBCamera.egg-info/requires.txt
[6.041s] writing top-level names to RGBCamera.egg-info/top_level.txt
[6.046s] writing manifest file 'RGBCamera.egg-info/SOURCES.txt'
[6.206s] reading manifest file 'RGBCamera.egg-info/SOURCES.txt'
[6.209s] writing manifest file 'RGBCamera.egg-info/SOURCES.txt'
[6.393s] running build_ext
[6.395s] Creating /home/yansa/Yansa_Vision/install/RGBCamera/lib/python3.8/site-packages/site.py
[6.404s] Creating /home/yansa/Yansa_Vision/install/RGBCamera/lib/python3.8/site-packages/RGBCamera.egg-link (link to .)
[6.408s] Installing rgb_pub script to /home/yansa/Yansa_Vision/install/RGBCamera/lib/RGBCamera
[6.408s] Installing rgb_sub script to /home/yansa/Yansa_Vision/install/RGBCamera/lib/RGBCamera
[6.409s] 
[6.411s] Installed /home/yansa/Yansa_Vision/build/RGBCamera
[6.411s] running install_data
[6.412s] creating /home/yansa/Yansa_Vision/install/RGBCamera/share/ament_index
[6.412s] creating /home/yansa/Yansa_Vision/install/RGBCamera/share/ament_index/resource_index
[6.414s] creating /home/yansa/Yansa_Vision/install/RGBCamera/share/ament_index/resource_index/packages
[6.414s] copying resource/RGBCamera -> /home/yansa/Yansa_Vision/install/RGBCamera/share/ament_index/resource_index/packages
[6.415s] copying package.xml -> /home/yansa/Yansa_Vision/install/RGBCamera/share/RGBCamera
[6.608s] Invoked command in '/home/yansa/Yansa_Vision/build/RGBCamera' returned '0': PYTHONPATH=/home/yansa/Yansa_Vision/build/RGBCamera/prefix_override:/home/yansa/Yansa_Vision/install/RGBCamera/lib/python3.8/site-packages:${PYTHONPATH} /usr/bin/python3 setup.py develop --editable --build-directory /home/yansa/Yansa_Vision/build/RGBCamera/build --no-deps install_data
