-- Found ament_cmake: 1.3.5 (/opt/ros/humble/share/ament_cmake/cmake)
-- Override CMake install command with custom implementation using symlinks instead of copying resources
-- Configuring done
-- Generating done
-- Build files have been written to: /home/vom/Nano_Vision/build/yansa_vision_bringup
-- Install configuration: ""
-- Execute custom install script
-- Symlinking: /home/vom/Nano_Vision/install/yansa_vision_bringup/share/yansa_vision_bringup/launch/__pycache__/vision.launch.cpython-310.pyc
-- Symlinking: /home/vom/Nano_Vision/install/yansa_vision_bringup/share/yansa_vision_bringup/launch/vision.launch.py
-- Symlinking: /home/vom/Nano_Vision/install/yansa_vision_bringup/share/ament_index/resource_index/package_run_dependencies/yansa_vision_bringup
-- Symlinking: /home/vom/Nano_Vision/install/yansa_vision_bringup/share/ament_index/resource_index/parent_prefix_path/yansa_vision_bringup
-- Symlinking: /home/vom/Nano_Vision/install/yansa_vision_bringup/share/yansa_vision_bringup/environment/ament_prefix_path.sh
-- Symlinking: /home/vom/Nano_Vision/install/yansa_vision_bringup/share/yansa_vision_bringup/environment/ament_prefix_path.dsv
-- Symlinking: /home/vom/Nano_Vision/install/yansa_vision_bringup/share/yansa_vision_bringup/environment/path.sh
-- Symlinking: /home/vom/Nano_Vision/install/yansa_vision_bringup/share/yansa_vision_bringup/environment/path.dsv
-- Symlinking: /home/vom/Nano_Vision/install/yansa_vision_bringup/share/yansa_vision_bringup/local_setup.bash
-- Symlinking: /home/vom/Nano_Vision/install/yansa_vision_bringup/share/yansa_vision_bringup/local_setup.sh
-- Symlinking: /home/vom/Nano_Vision/install/yansa_vision_bringup/share/yansa_vision_bringup/local_setup.zsh
-- Symlinking: /home/vom/Nano_Vision/install/yansa_vision_bringup/share/yansa_vision_bringup/local_setup.dsv
-- Symlinking: /home/vom/Nano_Vision/install/yansa_vision_bringup/share/yansa_vision_bringup/package.dsv
-- Symlinking: /home/vom/Nano_Vision/install/yansa_vision_bringup/share/ament_index/resource_index/packages/yansa_vision_bringup
-- Symlinking: /home/vom/Nano_Vision/install/yansa_vision_bringup/share/yansa_vision_bringup/cmake/yansa_vision_bringupConfig.cmake
-- Symlinking: /home/vom/Nano_Vision/install/yansa_vision_bringup/share/yansa_vision_bringup/cmake/yansa_vision_bringupConfig-version.cmake
-- Symlinking: /home/vom/Nano_Vision/install/yansa_vision_bringup/share/yansa_vision_bringup/package.xml
