[0.079s] Invoking command in '/home/vom/Nano_Vision/build/yansa_vision_bringup': AMENT_PREFIX_PATH=/home/vom/Nano_Vision/install/rgb_camera:/home/vom/Nano_Vision/install/ir_camera:/home/vom/RasPi_LiDAR/install/velodyne_lidar_bringup:/home/vom/RasPi_LiDAR/install/velodyne_lidar:/home/vom/Nano_Vision/install/yansa_vision_bringup:/opt/ros/humble CMAKE_PREFIX_PATH=${CMAKE_PREFIX_PATH}:/home/vom/RasPi_LiDAR/install/velodyne_lidar:/home/vom/Nano_Vision/install/rgb_camera:/home/vom/Nano_Vision/install/ir_camera:/opt/ros/humble PYTHONPATH=/home/vom/Nano_Vision/build/rgb_camera:/home/vom/Nano_Vision/install/rgb_camera/lib/python3.10/site-packages:/home/vom/Nano_Vision/build/ir_camera:/home/vom/Nano_Vision/install/ir_camera/lib/python3.10/site-packages:/home/vom/RasPi_LiDAR/install/velodyne_lidar/lib/python3.10/site-packages:/opt/ros/humble/lib/python3.10/site-packages:/opt/ros/humble/local/lib/python3.10/dist-packages /usr/bin/cmake /home/vom/Nano_Vision/src/yansa_vision_bringup -DAMENT_CMAKE_SYMLINK_INSTALL=1 -DCMAKE_INSTALL_PREFIX=/home/vom/Nano_Vision/install/yansa_vision_bringup
[0.091s] -- Found ament_cmake: 1.3.5 (/opt/ros/humble/share/ament_cmake/cmake)
[0.229s] -- Override CMake install command with custom implementation using symlinks instead of copying resources
[0.300s] -- Configuring done
[0.303s] -- Generating done
[0.304s] -- Build files have been written to: /home/vom/Nano_Vision/build/yansa_vision_bringup
[0.308s] Invoked command in '/home/vom/Nano_Vision/build/yansa_vision_bringup' returned '0': AMENT_PREFIX_PATH=/home/vom/Nano_Vision/install/rgb_camera:/home/vom/Nano_Vision/install/ir_camera:/home/vom/RasPi_LiDAR/install/velodyne_lidar_bringup:/home/vom/RasPi_LiDAR/install/velodyne_lidar:/home/vom/Nano_Vision/install/yansa_vision_bringup:/opt/ros/humble CMAKE_PREFIX_PATH=${CMAKE_PREFIX_PATH}:/home/vom/RasPi_LiDAR/install/velodyne_lidar:/home/vom/Nano_Vision/install/rgb_camera:/home/vom/Nano_Vision/install/ir_camera:/opt/ros/humble PYTHONPATH=/home/vom/Nano_Vision/build/rgb_camera:/home/vom/Nano_Vision/install/rgb_camera/lib/python3.10/site-packages:/home/vom/Nano_Vision/build/ir_camera:/home/vom/Nano_Vision/install/ir_camera/lib/python3.10/site-packages:/home/vom/RasPi_LiDAR/install/velodyne_lidar/lib/python3.10/site-packages:/opt/ros/humble/lib/python3.10/site-packages:/opt/ros/humble/local/lib/python3.10/dist-packages /usr/bin/cmake /home/vom/Nano_Vision/src/yansa_vision_bringup -DAMENT_CMAKE_SYMLINK_INSTALL=1 -DCMAKE_INSTALL_PREFIX=/home/vom/Nano_Vision/install/yansa_vision_bringup
[0.309s] Invoking command in '/home/vom/Nano_Vision/build/yansa_vision_bringup': AMENT_PREFIX_PATH=/home/vom/Nano_Vision/install/rgb_camera:/home/vom/Nano_Vision/install/ir_camera:/home/vom/RasPi_LiDAR/install/velodyne_lidar_bringup:/home/vom/RasPi_LiDAR/install/velodyne_lidar:/home/vom/Nano_Vision/install/yansa_vision_bringup:/opt/ros/humble CMAKE_PREFIX_PATH=${CMAKE_PREFIX_PATH}:/home/vom/RasPi_LiDAR/install/velodyne_lidar:/home/vom/Nano_Vision/install/rgb_camera:/home/vom/Nano_Vision/install/ir_camera:/opt/ros/humble PYTHONPATH=/home/vom/Nano_Vision/build/rgb_camera:/home/vom/Nano_Vision/install/rgb_camera/lib/python3.10/site-packages:/home/vom/Nano_Vision/build/ir_camera:/home/vom/Nano_Vision/install/ir_camera/lib/python3.10/site-packages:/home/vom/RasPi_LiDAR/install/velodyne_lidar/lib/python3.10/site-packages:/opt/ros/humble/lib/python3.10/site-packages:/opt/ros/humble/local/lib/python3.10/dist-packages /usr/bin/cmake --build /home/vom/Nano_Vision/build/yansa_vision_bringup -- -j8 -l8
[0.348s] Invoked command in '/home/vom/Nano_Vision/build/yansa_vision_bringup' returned '0': AMENT_PREFIX_PATH=/home/vom/Nano_Vision/install/rgb_camera:/home/vom/Nano_Vision/install/ir_camera:/home/vom/RasPi_LiDAR/install/velodyne_lidar_bringup:/home/vom/RasPi_LiDAR/install/velodyne_lidar:/home/vom/Nano_Vision/install/yansa_vision_bringup:/opt/ros/humble CMAKE_PREFIX_PATH=${CMAKE_PREFIX_PATH}:/home/vom/RasPi_LiDAR/install/velodyne_lidar:/home/vom/Nano_Vision/install/rgb_camera:/home/vom/Nano_Vision/install/ir_camera:/opt/ros/humble PYTHONPATH=/home/vom/Nano_Vision/build/rgb_camera:/home/vom/Nano_Vision/install/rgb_camera/lib/python3.10/site-packages:/home/vom/Nano_Vision/build/ir_camera:/home/vom/Nano_Vision/install/ir_camera/lib/python3.10/site-packages:/home/vom/RasPi_LiDAR/install/velodyne_lidar/lib/python3.10/site-packages:/opt/ros/humble/lib/python3.10/site-packages:/opt/ros/humble/local/lib/python3.10/dist-packages /usr/bin/cmake --build /home/vom/Nano_Vision/build/yansa_vision_bringup -- -j8 -l8
[0.380s] Invoking command in '/home/vom/Nano_Vision/build/yansa_vision_bringup': AMENT_PREFIX_PATH=/home/vom/Nano_Vision/install/rgb_camera:/home/vom/Nano_Vision/install/ir_camera:/home/vom/RasPi_LiDAR/install/velodyne_lidar_bringup:/home/vom/RasPi_LiDAR/install/velodyne_lidar:/home/vom/Nano_Vision/install/yansa_vision_bringup:/opt/ros/humble CMAKE_PREFIX_PATH=${CMAKE_PREFIX_PATH}:/home/vom/RasPi_LiDAR/install/velodyne_lidar:/home/vom/Nano_Vision/install/rgb_camera:/home/vom/Nano_Vision/install/ir_camera:/opt/ros/humble PYTHONPATH=/home/vom/Nano_Vision/build/rgb_camera:/home/vom/Nano_Vision/install/rgb_camera/lib/python3.10/site-packages:/home/vom/Nano_Vision/build/ir_camera:/home/vom/Nano_Vision/install/ir_camera/lib/python3.10/site-packages:/home/vom/RasPi_LiDAR/install/velodyne_lidar/lib/python3.10/site-packages:/opt/ros/humble/lib/python3.10/site-packages:/opt/ros/humble/local/lib/python3.10/dist-packages /usr/bin/cmake --install /home/vom/Nano_Vision/build/yansa_vision_bringup
[0.388s] -- Install configuration: ""
[0.388s] -- Execute custom install script
[0.389s] -- Symlinking: /home/vom/Nano_Vision/install/yansa_vision_bringup/share/yansa_vision_bringup/launch/__pycache__/vision.launch.cpython-310.pyc
[0.398s] -- Symlinking: /home/vom/Nano_Vision/install/yansa_vision_bringup/share/yansa_vision_bringup/launch/vision.launch.py
[0.408s] -- Symlinking: /home/vom/Nano_Vision/install/yansa_vision_bringup/share/ament_index/resource_index/package_run_dependencies/yansa_vision_bringup
[0.417s] -- Symlinking: /home/vom/Nano_Vision/install/yansa_vision_bringup/share/ament_index/resource_index/parent_prefix_path/yansa_vision_bringup
[0.426s] -- Symlinking: /home/vom/Nano_Vision/install/yansa_vision_bringup/share/yansa_vision_bringup/environment/ament_prefix_path.sh
[0.435s] -- Symlinking: /home/vom/Nano_Vision/install/yansa_vision_bringup/share/yansa_vision_bringup/environment/ament_prefix_path.dsv
[0.444s] -- Symlinking: /home/vom/Nano_Vision/install/yansa_vision_bringup/share/yansa_vision_bringup/environment/path.sh
[0.453s] -- Symlinking: /home/vom/Nano_Vision/install/yansa_vision_bringup/share/yansa_vision_bringup/environment/path.dsv
[0.464s] -- Symlinking: /home/vom/Nano_Vision/install/yansa_vision_bringup/share/yansa_vision_bringup/local_setup.bash
[0.473s] -- Symlinking: /home/vom/Nano_Vision/install/yansa_vision_bringup/share/yansa_vision_bringup/local_setup.sh
[0.482s] -- Symlinking: /home/vom/Nano_Vision/install/yansa_vision_bringup/share/yansa_vision_bringup/local_setup.zsh
[0.492s] -- Symlinking: /home/vom/Nano_Vision/install/yansa_vision_bringup/share/yansa_vision_bringup/local_setup.dsv
[0.501s] -- Symlinking: /home/vom/Nano_Vision/install/yansa_vision_bringup/share/yansa_vision_bringup/package.dsv
[0.511s] -- Symlinking: /home/vom/Nano_Vision/install/yansa_vision_bringup/share/ament_index/resource_index/packages/yansa_vision_bringup
[0.522s] -- Symlinking: /home/vom/Nano_Vision/install/yansa_vision_bringup/share/yansa_vision_bringup/cmake/yansa_vision_bringupConfig.cmake
[0.531s] -- Symlinking: /home/vom/Nano_Vision/install/yansa_vision_bringup/share/yansa_vision_bringup/cmake/yansa_vision_bringupConfig-version.cmake
[0.540s] -- Symlinking: /home/vom/Nano_Vision/install/yansa_vision_bringup/share/yansa_vision_bringup/package.xml
[0.551s] Invoked command in '/home/vom/Nano_Vision/build/yansa_vision_bringup' returned '0': AMENT_PREFIX_PATH=/home/vom/Nano_Vision/install/rgb_camera:/home/vom/Nano_Vision/install/ir_camera:/home/vom/RasPi_LiDAR/install/velodyne_lidar_bringup:/home/vom/RasPi_LiDAR/install/velodyne_lidar:/home/vom/Nano_Vision/install/yansa_vision_bringup:/opt/ros/humble CMAKE_PREFIX_PATH=${CMAKE_PREFIX_PATH}:/home/vom/RasPi_LiDAR/install/velodyne_lidar:/home/vom/Nano_Vision/install/rgb_camera:/home/vom/Nano_Vision/install/ir_camera:/opt/ros/humble PYTHONPATH=/home/vom/Nano_Vision/build/rgb_camera:/home/vom/Nano_Vision/install/rgb_camera/lib/python3.10/site-packages:/home/vom/Nano_Vision/build/ir_camera:/home/vom/Nano_Vision/install/ir_camera/lib/python3.10/site-packages:/home/vom/RasPi_LiDAR/install/velodyne_lidar/lib/python3.10/site-packages:/opt/ros/humble/lib/python3.10/site-packages:/opt/ros/humble/local/lib/python3.10/dist-packages /usr/bin/cmake --install /home/vom/Nano_Vision/build/yansa_vision_bringup
