/home/vom/Nano_Vision/install/rgb_camera/lib/python3.10/site-packages/rgb_camera/image_pub.py
/home/vom/Nano_Vision/install/rgb_camera/lib/python3.10/site-packages/rgb_camera/multithreading_opencv.py
/home/vom/Nano_Vision/install/rgb_camera/lib/python3.10/site-packages/rgb_camera/list_features.py
/home/vom/Nano_Vision/install/rgb_camera/lib/python3.10/site-packages/rgb_camera/synchronous_grab.py
/home/vom/Nano_Vision/install/rgb_camera/lib/python3.10/site-packages/rgb_camera/action_commands.py
/home/vom/Nano_Vision/install/rgb_camera/lib/python3.10/site-packages/rgb_camera/__init__.py
/home/vom/Nano_Vision/install/rgb_camera/lib/python3.10/site-packages/rgb_camera/load_save_settings.py
/home/vom/Nano_Vision/install/rgb_camera/lib/python3.10/site-packages/rgb_camera/user_set.py
/home/vom/Nano_Vision/install/rgb_camera/lib/python3.10/site-packages/rgb_camera/create_trace_log.py
/home/vom/Nano_Vision/install/rgb_camera/lib/python3.10/site-packages/rgb_camera/image_sub.py
/home/vom/Nano_Vision/install/rgb_camera/lib/python3.10/site-packages/rgb_camera/image_grab.py
/home/vom/Nano_Vision/install/rgb_camera/lib/python3.10/site-packages/rgb_camera/asynchronous_grab_opencv.py
/home/vom/Nano_Vision/install/rgb_camera/lib/python3.10/site-packages/rgb_camera/list_cameras.py
/home/vom/Nano_Vision/install/rgb_camera/lib/python3.10/site-packages/rgb_camera/asynchronous_grab.py
/home/vom/Nano_Vision/install/rgb_camera/lib/python3.10/site-packages/rgb_camera/__pycache__/image_pub.cpython-310.pyc
/home/vom/Nano_Vision/install/rgb_camera/lib/python3.10/site-packages/rgb_camera/__pycache__/multithreading_opencv.cpython-310.pyc
/home/vom/Nano_Vision/install/rgb_camera/lib/python3.10/site-packages/rgb_camera/__pycache__/list_features.cpython-310.pyc
/home/vom/Nano_Vision/install/rgb_camera/lib/python3.10/site-packages/rgb_camera/__pycache__/synchronous_grab.cpython-310.pyc
/home/vom/Nano_Vision/install/rgb_camera/lib/python3.10/site-packages/rgb_camera/__pycache__/action_commands.cpython-310.pyc
/home/vom/Nano_Vision/install/rgb_camera/lib/python3.10/site-packages/rgb_camera/__pycache__/__init__.cpython-310.pyc
/home/vom/Nano_Vision/install/rgb_camera/lib/python3.10/site-packages/rgb_camera/__pycache__/load_save_settings.cpython-310.pyc
/home/vom/Nano_Vision/install/rgb_camera/lib/python3.10/site-packages/rgb_camera/__pycache__/user_set.cpython-310.pyc
/home/vom/Nano_Vision/install/rgb_camera/lib/python3.10/site-packages/rgb_camera/__pycache__/create_trace_log.cpython-310.pyc
/home/vom/Nano_Vision/install/rgb_camera/lib/python3.10/site-packages/rgb_camera/__pycache__/image_sub.cpython-310.pyc
/home/vom/Nano_Vision/install/rgb_camera/lib/python3.10/site-packages/rgb_camera/__pycache__/image_grab.cpython-310.pyc
/home/vom/Nano_Vision/install/rgb_camera/lib/python3.10/site-packages/rgb_camera/__pycache__/asynchronous_grab_opencv.cpython-310.pyc
/home/vom/Nano_Vision/install/rgb_camera/lib/python3.10/site-packages/rgb_camera/__pycache__/list_cameras.cpython-310.pyc
/home/vom/Nano_Vision/install/rgb_camera/lib/python3.10/site-packages/rgb_camera/__pycache__/asynchronous_grab.cpython-310.pyc
/home/vom/Nano_Vision/install/rgb_camera/share/ament_index/resource_index/packages/rgb_camera
/home/vom/Nano_Vision/install/rgb_camera/share/rgb_camera/package.xml
/home/vom/Nano_Vision/install/rgb_camera/lib/python3.10/site-packages/rgb_camera-0.0.0-py3.10.egg-info/requires.txt
/home/vom/Nano_Vision/install/rgb_camera/lib/python3.10/site-packages/rgb_camera-0.0.0-py3.10.egg-info/entry_points.txt
/home/vom/Nano_Vision/install/rgb_camera/lib/python3.10/site-packages/rgb_camera-0.0.0-py3.10.egg-info/SOURCES.txt
/home/vom/Nano_Vision/install/rgb_camera/lib/python3.10/site-packages/rgb_camera-0.0.0-py3.10.egg-info/top_level.txt
/home/vom/Nano_Vision/install/rgb_camera/lib/python3.10/site-packages/rgb_camera-0.0.0-py3.10.egg-info/dependency_links.txt
/home/vom/Nano_Vision/install/rgb_camera/lib/python3.10/site-packages/rgb_camera-0.0.0-py3.10.egg-info/PKG-INFO
/home/vom/Nano_Vision/install/rgb_camera/lib/python3.10/site-packages/rgb_camera-0.0.0-py3.10.egg-info/zip-safe
/home/vom/Nano_Vision/install/rgb_camera/lib/rgb_camera/asynchronous_opencv_grab
/home/vom/Nano_Vision/install/rgb_camera/lib/rgb_camera/rgb_grab
