[1.272s] Invoking command in '/home/yansa/Yansa_Vision/build/VmbCPP': /usr/bin/cmake /home/yansa/Yansa_Vision/VimbaX_2023-1/api/source/VmbCPP -DCMAKE_INSTALL_PREFIX=/home/yansa/Yansa_Vision/install/VmbCPP
[1.734s] -- The C compiler identification is GNU 9.4.0
[2.418s] -- The CXX compiler identification is GNU 9.4.0
[2.494s] -- Check for working C compiler: /usr/bin/cc
[2.976s] -- Check for working C compiler: /usr/bin/cc -- works
[2.983s] -- Detecting C compiler ABI info
[3.488s] -- Detecting C compiler ABI info - done
[3.614s] -- Detecting C compile features
[3.618s] -- Detecting C compile features - done
[3.643s] -- Check for working CXX compiler: /usr/bin/c++
[4.226s] -- Check for working CXX compiler: /usr/bin/c++ -- works
[4.232s] -- Detecting CXX compiler ABI info
[4.730s] -- Detecting CXX compiler ABI info - done
[4.801s] -- Detecting CXX compile features
[4.805s] -- Detecting CXX compile features - done
[4.838s] -- Configuring done
[4.867s] -- Generating done
[4.880s] -- Build files have been written to: /home/yansa/Yansa_Vision/build/VmbCPP
[4.905s] Invoked command in '/home/yansa/Yansa_Vision/build/VmbCPP' returned '0': /usr/bin/cmake /home/yansa/Yansa_Vision/VimbaX_2023-1/api/source/VmbCPP -DCMAKE_INSTALL_PREFIX=/home/yansa/Yansa_Vision/install/VmbCPP
[4.909s] Invoking command in '/home/yansa/Yansa_Vision/build/VmbCPP': /usr/bin/cmake --build /home/yansa/Yansa_Vision/build/VmbCPP -- -j4 -l4
[5.309s] [35m[1mScanning dependencies of target VmbCPP[0m
[5.581s] [  3%] [32mBuilding CXX object CMakeFiles/VmbCPP.dir/BasicLockable.cpp.o[0m
[5.755s] [  6%] [32mBuilding CXX object CMakeFiles/VmbCPP.dir/Clock.cpp.o[0m
[5.792s] [  9%] [32mBuilding CXX object CMakeFiles/VmbCPP.dir/Condition.cpp.o[0m
[5.820s] [ 12%] [32mBuilding CXX object CMakeFiles/VmbCPP.dir/ConditionHelper.cpp.o[0m
[6.406s] [ 16%] [32mBuilding CXX object CMakeFiles/VmbCPP.dir/FileLogger.cpp.o[0m
[8.979s] [ 19%] [32mBuilding CXX object CMakeFiles/VmbCPP.dir/Mutex.cpp.o[0m
[9.149s] [ 22%] [32mBuilding CXX object CMakeFiles/VmbCPP.dir/MutexGuard.cpp.o[0m
[11.517s] [ 25%] [32mBuilding CXX object CMakeFiles/VmbCPP.dir/Semaphore.cpp.o[0m
[13.336s] [ 29%] [32mBuilding CXX object CMakeFiles/VmbCPP.dir/BaseFeature.cpp.o[0m
[20.916s] [ 32%] [32mBuilding CXX object CMakeFiles/VmbCPP.dir/EnumEntry.cpp.o[0m
[22.260s] [ 35%] [32mBuilding CXX object CMakeFiles/VmbCPP.dir/EnumFeature.cpp.o[0m
[24.683s] [ 38%] [32mBuilding CXX object CMakeFiles/VmbCPP.dir/Feature.cpp.o[0m
[26.357s] [ 41%] [32mBuilding CXX object CMakeFiles/VmbCPP.dir/FloatFeature.cpp.o[0m
[27.936s] [ 45%] [32mBuilding CXX object CMakeFiles/VmbCPP.dir/IntFeature.cpp.o[0m
[29.491s] [ 48%] [32mBuilding CXX object CMakeFiles/VmbCPP.dir/RawFeature.cpp.o[0m
[31.011s] [ 51%] [32mBuilding CXX object CMakeFiles/VmbCPP.dir/StringFeature.cpp.o[0m
[32.545s] [ 54%] [32mBuilding CXX object CMakeFiles/VmbCPP.dir/TransportLayer.cpp.o[0m
[34.895s] [ 58%] [32mBuilding CXX object CMakeFiles/VmbCPP.dir/Camera.cpp.o[0m
[39.105s] [ 61%] [32mBuilding CXX object CMakeFiles/VmbCPP.dir/DefaultCameraFactory.cpp.o[0m
[40.926s] [ 64%] [32mBuilding CXX object CMakeFiles/VmbCPP.dir/FeatureContainer.cpp.o[0m
[44.213s] [ 67%] [32mBuilding CXX object CMakeFiles/VmbCPP.dir/Interface.cpp.o[0m
[46.172s] [ 70%] [32mBuilding CXX object CMakeFiles/VmbCPP.dir/VmbSystem.cpp.o[0m
[53.051s] [ 74%] [32mBuilding CXX object CMakeFiles/VmbCPP.dir/LocalDevice.cpp.o[0m
[54.588s] [ 77%] [32mBuilding CXX object CMakeFiles/VmbCPP.dir/Stream.cpp.o[0m
[57.709s] [ 80%] [32mBuilding CXX object CMakeFiles/VmbCPP.dir/PersistableFeatureContainer.cpp.o[0m
[59.330s] [ 83%] [32mBuilding CXX object CMakeFiles/VmbCPP.dir/IFrameObserver.cpp.o[0m
[61.350s] [ 87%] [32mBuilding CXX object CMakeFiles/VmbCPP.dir/Frame.cpp.o[0m
[64.024s] [ 90%] [32mBuilding CXX object CMakeFiles/VmbCPP.dir/FrameHandler.cpp.o[0m
[67.759s] [ 93%] [32mBuilding CXX object CMakeFiles/VmbCPP.dir/CommandFeature.cpp.o[0m
[69.023s] [ 96%] [32mBuilding CXX object CMakeFiles/VmbCPP.dir/BoolFeature.cpp.o[0m
[70.274s] [100%] [32m[1mLinking CXX shared library libVmbCPP.so[0m
[70.836s] [100%] Built target VmbCPP
[70.877s] Invoked command in '/home/yansa/Yansa_Vision/build/VmbCPP' returned '0': /usr/bin/cmake --build /home/yansa/Yansa_Vision/build/VmbCPP -- -j4 -l4
