running egg_info
creating ../../build/ir_camera/ir_camera.egg-info
writing ../../build/ir_camera/ir_camera.egg-info/PKG-INFO
writing dependency_links to ../../build/ir_camera/ir_camera.egg-info/dependency_links.txt
writing entry points to ../../build/ir_camera/ir_camera.egg-info/entry_points.txt
writing requirements to ../../build/ir_camera/ir_camera.egg-info/requires.txt
writing top-level names to ../../build/ir_camera/ir_camera.egg-info/top_level.txt
writing manifest file '../../build/ir_camera/ir_camera.egg-info/SOURCES.txt'
reading manifest file '../../build/ir_camera/ir_camera.egg-info/SOURCES.txt'
writing manifest file '../../build/ir_camera/ir_camera.egg-info/SOURCES.txt'
running build
running build_py
creating /home/vom/Nano_Vision/build/ir_camera/build
creating /home/vom/Nano_Vision/build/ir_camera/build/lib
creating /home/vom/Nano_Vision/build/ir_camera/build/lib/ir_camera
copying ir_camera/image_pub.py -> /home/vom/Nano_Vision/build/ir_camera/build/lib/ir_camera
copying ir_camera/__init__.py -> /home/vom/Nano_Vision/build/ir_camera/build/lib/ir_camera
copying ir_camera/image_sub.py -> /home/vom/Nano_Vision/build/ir_camera/build/lib/ir_camera
copying ir_camera/image_grab.py -> /home/vom/Nano_Vision/build/ir_camera/build/lib/ir_camera
running install
running install_lib
creating /home/vom/Nano_Vision/install/ir_camera/lib/python3.10/site-packages/ir_camera
copying /home/vom/Nano_Vision/build/ir_camera/build/lib/ir_camera/image_pub.py -> /home/vom/Nano_Vision/install/ir_camera/lib/python3.10/site-packages/ir_camera
copying /home/vom/Nano_Vision/build/ir_camera/build/lib/ir_camera/__init__.py -> /home/vom/Nano_Vision/install/ir_camera/lib/python3.10/site-packages/ir_camera
copying /home/vom/Nano_Vision/build/ir_camera/build/lib/ir_camera/image_sub.py -> /home/vom/Nano_Vision/install/ir_camera/lib/python3.10/site-packages/ir_camera
copying /home/vom/Nano_Vision/build/ir_camera/build/lib/ir_camera/image_grab.py -> /home/vom/Nano_Vision/install/ir_camera/lib/python3.10/site-packages/ir_camera
byte-compiling /home/vom/Nano_Vision/install/ir_camera/lib/python3.10/site-packages/ir_camera/image_pub.py to image_pub.cpython-310.pyc
byte-compiling /home/vom/Nano_Vision/install/ir_camera/lib/python3.10/site-packages/ir_camera/__init__.py to __init__.cpython-310.pyc
byte-compiling /home/vom/Nano_Vision/install/ir_camera/lib/python3.10/site-packages/ir_camera/image_sub.py to image_sub.cpython-310.pyc
byte-compiling /home/vom/Nano_Vision/install/ir_camera/lib/python3.10/site-packages/ir_camera/image_grab.py to image_grab.cpython-310.pyc
running install_data
creating /home/vom/Nano_Vision/install/ir_camera/share/ament_index
creating /home/vom/Nano_Vision/install/ir_camera/share/ament_index/resource_index
creating /home/vom/Nano_Vision/install/ir_camera/share/ament_index/resource_index/packages
copying resource/ir_camera -> /home/vom/Nano_Vision/install/ir_camera/share/ament_index/resource_index/packages
copying package.xml -> /home/vom/Nano_Vision/install/ir_camera/share/ir_camera
running install_egg_info
Copying ../../build/ir_camera/ir_camera.egg-info to /home/vom/Nano_Vision/install/ir_camera/lib/python3.10/site-packages/ir_camera-0.0.0-py3.10.egg-info
running install_scripts
Installing ir_grab script to /home/vom/Nano_Vision/install/ir_camera/lib/ir_camera
Installing ir_pub script to /home/vom/Nano_Vision/install/ir_camera/lib/ir_camera
Installing ir_sub script to /home/vom/Nano_Vision/install/ir_camera/lib/ir_camera
writing list of installed files to '/home/vom/Nano_Vision/build/ir_camera/install.log'
