[1.248s] Invoking command in '/home/vom/Nano_Vision/src/ir_camera': PYTHONPATH=/home/vom/Nano_Vision/build/ir_camera/prefix_override:/home/vom/Nano_Vision/install/ir_camera/lib/python3.10/site-packages:${PYTHONPATH} /usr/bin/python3 setup.py egg_info --egg-base ../../build/ir_camera build --build-base /home/vom/Nano_Vision/build/ir_camera/build install --record /home/vom/Nano_Vision/build/ir_camera/install.log --single-version-externally-managed
[1.555s] running egg_info
[1.555s] creating ../../build/ir_camera/ir_camera.egg-info
[1.555s] writing ../../build/ir_camera/ir_camera.egg-info/PKG-INFO
[1.555s] writing dependency_links to ../../build/ir_camera/ir_camera.egg-info/dependency_links.txt
[1.555s] writing entry points to ../../build/ir_camera/ir_camera.egg-info/entry_points.txt
[1.555s] writing requirements to ../../build/ir_camera/ir_camera.egg-info/requires.txt
[1.555s] writing top-level names to ../../build/ir_camera/ir_camera.egg-info/top_level.txt
[1.556s] writing manifest file '../../build/ir_camera/ir_camera.egg-info/SOURCES.txt'
[1.558s] reading manifest file '../../build/ir_camera/ir_camera.egg-info/SOURCES.txt'
[1.558s] writing manifest file '../../build/ir_camera/ir_camera.egg-info/SOURCES.txt'
[1.559s] running build
[1.559s] running build_py
[1.559s] creating /home/vom/Nano_Vision/build/ir_camera/build
[1.559s] creating /home/vom/Nano_Vision/build/ir_camera/build/lib
[1.559s] creating /home/vom/Nano_Vision/build/ir_camera/build/lib/ir_camera
[1.559s] copying ir_camera/image_pub.py -> /home/vom/Nano_Vision/build/ir_camera/build/lib/ir_camera
[1.559s] copying ir_camera/__init__.py -> /home/vom/Nano_Vision/build/ir_camera/build/lib/ir_camera
[1.559s] copying ir_camera/image_sub.py -> /home/vom/Nano_Vision/build/ir_camera/build/lib/ir_camera
[1.559s] copying ir_camera/image_grab.py -> /home/vom/Nano_Vision/build/ir_camera/build/lib/ir_camera
[1.559s] running install
[1.560s] running install_lib
[1.560s] creating /home/vom/Nano_Vision/install/ir_camera/lib/python3.10/site-packages/ir_camera
[1.561s] copying /home/vom/Nano_Vision/build/ir_camera/build/lib/ir_camera/image_pub.py -> /home/vom/Nano_Vision/install/ir_camera/lib/python3.10/site-packages/ir_camera
[1.561s] copying /home/vom/Nano_Vision/build/ir_camera/build/lib/ir_camera/__init__.py -> /home/vom/Nano_Vision/install/ir_camera/lib/python3.10/site-packages/ir_camera
[1.561s] copying /home/vom/Nano_Vision/build/ir_camera/build/lib/ir_camera/image_sub.py -> /home/vom/Nano_Vision/install/ir_camera/lib/python3.10/site-packages/ir_camera
[1.561s] copying /home/vom/Nano_Vision/build/ir_camera/build/lib/ir_camera/image_grab.py -> /home/vom/Nano_Vision/install/ir_camera/lib/python3.10/site-packages/ir_camera
[1.561s] byte-compiling /home/vom/Nano_Vision/install/ir_camera/lib/python3.10/site-packages/ir_camera/image_pub.py to image_pub.cpython-310.pyc
[1.562s] byte-compiling /home/vom/Nano_Vision/install/ir_camera/lib/python3.10/site-packages/ir_camera/__init__.py to __init__.cpython-310.pyc
[1.562s] byte-compiling /home/vom/Nano_Vision/install/ir_camera/lib/python3.10/site-packages/ir_camera/image_sub.py to image_sub.cpython-310.pyc
[1.562s] byte-compiling /home/vom/Nano_Vision/install/ir_camera/lib/python3.10/site-packages/ir_camera/image_grab.py to image_grab.cpython-310.pyc
[1.563s] running install_data
[1.564s] creating /home/vom/Nano_Vision/install/ir_camera/share/ament_index
[1.564s] creating /home/vom/Nano_Vision/install/ir_camera/share/ament_index/resource_index
[1.564s] creating /home/vom/Nano_Vision/install/ir_camera/share/ament_index/resource_index/packages
[1.564s] copying resource/ir_camera -> /home/vom/Nano_Vision/install/ir_camera/share/ament_index/resource_index/packages
[1.564s] copying package.xml -> /home/vom/Nano_Vision/install/ir_camera/share/ir_camera
[1.564s] running install_egg_info
[1.565s] Copying ../../build/ir_camera/ir_camera.egg-info to /home/vom/Nano_Vision/install/ir_camera/lib/python3.10/site-packages/ir_camera-0.0.0-py3.10.egg-info
[1.566s] running install_scripts
[1.594s] Installing ir_grab script to /home/vom/Nano_Vision/install/ir_camera/lib/ir_camera
[1.595s] Installing ir_pub script to /home/vom/Nano_Vision/install/ir_camera/lib/ir_camera
[1.595s] Installing ir_sub script to /home/vom/Nano_Vision/install/ir_camera/lib/ir_camera
[1.595s] writing list of installed files to '/home/vom/Nano_Vision/build/ir_camera/install.log'
[1.640s] Invoked command in '/home/vom/Nano_Vision/src/ir_camera' returned '0': PYTHONPATH=/home/vom/Nano_Vision/build/ir_camera/prefix_override:/home/vom/Nano_Vision/install/ir_camera/lib/python3.10/site-packages:${PYTHONPATH} /usr/bin/python3 setup.py egg_info --egg-base ../../build/ir_camera build --build-base /home/vom/Nano_Vision/build/ir_camera/build install --record /home/vom/Nano_Vision/build/ir_camera/install.log --single-version-externally-managed
