[0.358s] Invoking command in '/home/vom/Nano_Vision/build/yansa_vision_bringup': AMENT_PREFIX_PATH=/home/vom/Nano_Vision/install/rgb_camera:/home/vom/Nano_Vision/install/ir_camera:${AMENT_PREFIX_PATH} CMAKE_PREFIX_PATH=${CMAKE_PREFIX_PATH}:/home/vom/RasPi_LiDAR/install/velodyne_lidar:/opt/ros/humble PYTHONPATH=/home/vom/Nano_Vision/install/rgb_camera/lib/python3.10/site-packages:/home/vom/Nano_Vision/install/ir_camera/lib/python3.10/site-packages:${PYTHONPATH} /usr/bin/cmake --build /home/vom/Nano_Vision/build/yansa_vision_bringup -- -j8 -l8
[0.505s] Invoked command in '/home/vom/Nano_Vision/build/yansa_vision_bringup' returned '0': AMENT_PREFIX_PATH=/home/vom/Nano_Vision/install/rgb_camera:/home/vom/Nano_Vision/install/ir_camera:${AMENT_PREFIX_PATH} CMAKE_PREFIX_PATH=${CMAKE_PREFIX_PATH}:/home/vom/RasPi_LiDAR/install/velodyne_lidar:/opt/ros/humble PYTHONPATH=/home/vom/Nano_Vision/install/rgb_camera/lib/python3.10/site-packages:/home/vom/Nano_Vision/install/ir_camera/lib/python3.10/site-packages:${PYTHONPATH} /usr/bin/cmake --build /home/vom/Nano_Vision/build/yansa_vision_bringup -- -j8 -l8
[0.761s] Invoking command in '/home/vom/Nano_Vision/build/yansa_vision_bringup': AMENT_PREFIX_PATH=/home/vom/Nano_Vision/install/rgb_camera:/home/vom/Nano_Vision/install/ir_camera:${AMENT_PREFIX_PATH} CMAKE_PREFIX_PATH=${CMAKE_PREFIX_PATH}:/home/vom/RasPi_LiDAR/install/velodyne_lidar:/opt/ros/humble PYTHONPATH=/home/vom/Nano_Vision/install/rgb_camera/lib/python3.10/site-packages:/home/vom/Nano_Vision/install/ir_camera/lib/python3.10/site-packages:${PYTHONPATH} /usr/bin/cmake --install /home/vom/Nano_Vision/build/yansa_vision_bringup
[0.818s] -- Install configuration: ""
[0.818s] -- Up-to-date: /home/vom/Nano_Vision/install/yansa_vision_bringup/share/yansa_vision_bringup/launch
[0.818s] -- Up-to-date: /home/vom/Nano_Vision/install/yansa_vision_bringup/share/yansa_vision_bringup/launch/__pycache__
[0.819s] -- Up-to-date: /home/vom/Nano_Vision/install/yansa_vision_bringup/share/yansa_vision_bringup/launch/__pycache__/vision.launch.cpython-310.pyc
[0.819s] -- Up-to-date: /home/vom/Nano_Vision/install/yansa_vision_bringup/share/yansa_vision_bringup/launch/vision.launch.py
[0.819s] -- Up-to-date: /home/vom/Nano_Vision/install/yansa_vision_bringup/share/ament_index/resource_index/package_run_dependencies/yansa_vision_bringup
[0.819s] -- Up-to-date: /home/vom/Nano_Vision/install/yansa_vision_bringup/share/ament_index/resource_index/parent_prefix_path/yansa_vision_bringup
[0.820s] -- Up-to-date: /home/vom/Nano_Vision/install/yansa_vision_bringup/share/yansa_vision_bringup/environment/ament_prefix_path.sh
[0.820s] -- Up-to-date: /home/vom/Nano_Vision/install/yansa_vision_bringup/share/yansa_vision_bringup/environment/ament_prefix_path.dsv
[0.820s] -- Up-to-date: /home/vom/Nano_Vision/install/yansa_vision_bringup/share/yansa_vision_bringup/environment/path.sh
[0.820s] -- Up-to-date: /home/vom/Nano_Vision/install/yansa_vision_bringup/share/yansa_vision_bringup/environment/path.dsv
[0.820s] -- Up-to-date: /home/vom/Nano_Vision/install/yansa_vision_bringup/share/yansa_vision_bringup/local_setup.bash
[0.820s] -- Up-to-date: /home/vom/Nano_Vision/install/yansa_vision_bringup/share/yansa_vision_bringup/local_setup.sh
[0.821s] -- Up-to-date: /home/vom/Nano_Vision/install/yansa_vision_bringup/share/yansa_vision_bringup/local_setup.zsh
[0.821s] -- Up-to-date: /home/vom/Nano_Vision/install/yansa_vision_bringup/share/yansa_vision_bringup/local_setup.dsv
[0.821s] -- Up-to-date: /home/vom/Nano_Vision/install/yansa_vision_bringup/share/yansa_vision_bringup/package.dsv
[0.821s] -- Up-to-date: /home/vom/Nano_Vision/install/yansa_vision_bringup/share/ament_index/resource_index/packages/yansa_vision_bringup
[0.821s] -- Up-to-date: /home/vom/Nano_Vision/install/yansa_vision_bringup/share/yansa_vision_bringup/cmake/yansa_vision_bringupConfig.cmake
[0.821s] -- Up-to-date: /home/vom/Nano_Vision/install/yansa_vision_bringup/share/yansa_vision_bringup/cmake/yansa_vision_bringupConfig-version.cmake
[0.821s] -- Up-to-date: /home/vom/Nano_Vision/install/yansa_vision_bringup/share/yansa_vision_bringup/package.xml
[0.861s] Invoked command in '/home/vom/Nano_Vision/build/yansa_vision_bringup' returned '0': AMENT_PREFIX_PATH=/home/vom/Nano_Vision/install/rgb_camera:/home/vom/Nano_Vision/install/ir_camera:${AMENT_PREFIX_PATH} CMAKE_PREFIX_PATH=${CMAKE_PREFIX_PATH}:/home/vom/RasPi_LiDAR/install/velodyne_lidar:/opt/ros/humble PYTHONPATH=/home/vom/Nano_Vision/install/rgb_camera/lib/python3.10/site-packages:/home/vom/Nano_Vision/install/ir_camera/lib/python3.10/site-packages:${PYTHONPATH} /usr/bin/cmake --install /home/vom/Nano_Vision/build/yansa_vision_bringup
