running egg_info
creating ../../build/rgb_camera/rgb_camera.egg-info
writing ../../build/rgb_camera/rgb_camera.egg-info/PKG-INFO
writing dependency_links to ../../build/rgb_camera/rgb_camera.egg-info/dependency_links.txt
writing entry points to ../../build/rgb_camera/rgb_camera.egg-info/entry_points.txt
writing requirements to ../../build/rgb_camera/rgb_camera.egg-info/requires.txt
writing top-level names to ../../build/rgb_camera/rgb_camera.egg-info/top_level.txt
writing manifest file '../../build/rgb_camera/rgb_camera.egg-info/SOURCES.txt'
reading manifest file '../../build/rgb_camera/rgb_camera.egg-info/SOURCES.txt'
writing manifest file '../../build/rgb_camera/rgb_camera.egg-info/SOURCES.txt'
running build
running build_py
creating /home/vom/Nano_Vision/build/rgb_camera/build
creating /home/vom/Nano_Vision/build/rgb_camera/build/lib
creating /home/vom/Nano_Vision/build/rgb_camera/build/lib/rgb_camera
copying rgb_camera/image_pub.py -> /home/vom/Nano_Vision/build/rgb_camera/build/lib/rgb_camera
copying rgb_camera/multithreading_opencv.py -> /home/vom/Nano_Vision/build/rgb_camera/build/lib/rgb_camera
copying rgb_camera/list_features.py -> /home/vom/Nano_Vision/build/rgb_camera/build/lib/rgb_camera
copying rgb_camera/synchronous_grab.py -> /home/vom/Nano_Vision/build/rgb_camera/build/lib/rgb_camera
copying rgb_camera/action_commands.py -> /home/vom/Nano_Vision/build/rgb_camera/build/lib/rgb_camera
copying rgb_camera/__init__.py -> /home/vom/Nano_Vision/build/rgb_camera/build/lib/rgb_camera
copying rgb_camera/load_save_settings.py -> /home/vom/Nano_Vision/build/rgb_camera/build/lib/rgb_camera
copying rgb_camera/user_set.py -> /home/vom/Nano_Vision/build/rgb_camera/build/lib/rgb_camera
copying rgb_camera/create_trace_log.py -> /home/vom/Nano_Vision/build/rgb_camera/build/lib/rgb_camera
copying rgb_camera/image_sub.py -> /home/vom/Nano_Vision/build/rgb_camera/build/lib/rgb_camera
copying rgb_camera/image_grab.py -> /home/vom/Nano_Vision/build/rgb_camera/build/lib/rgb_camera
copying rgb_camera/asynchronous_grab_opencv.py -> /home/vom/Nano_Vision/build/rgb_camera/build/lib/rgb_camera
copying rgb_camera/list_cameras.py -> /home/vom/Nano_Vision/build/rgb_camera/build/lib/rgb_camera
copying rgb_camera/asynchronous_grab.py -> /home/vom/Nano_Vision/build/rgb_camera/build/lib/rgb_camera
running install
running install_lib
creating /home/vom/Nano_Vision/install/rgb_camera/lib/python3.10/site-packages/rgb_camera
copying /home/vom/Nano_Vision/build/rgb_camera/build/lib/rgb_camera/image_pub.py -> /home/vom/Nano_Vision/install/rgb_camera/lib/python3.10/site-packages/rgb_camera
copying /home/vom/Nano_Vision/build/rgb_camera/build/lib/rgb_camera/multithreading_opencv.py -> /home/vom/Nano_Vision/install/rgb_camera/lib/python3.10/site-packages/rgb_camera
copying /home/vom/Nano_Vision/build/rgb_camera/build/lib/rgb_camera/list_features.py -> /home/vom/Nano_Vision/install/rgb_camera/lib/python3.10/site-packages/rgb_camera
copying /home/vom/Nano_Vision/build/rgb_camera/build/lib/rgb_camera/synchronous_grab.py -> /home/vom/Nano_Vision/install/rgb_camera/lib/python3.10/site-packages/rgb_camera
copying /home/vom/Nano_Vision/build/rgb_camera/build/lib/rgb_camera/action_commands.py -> /home/vom/Nano_Vision/install/rgb_camera/lib/python3.10/site-packages/rgb_camera
copying /home/vom/Nano_Vision/build/rgb_camera/build/lib/rgb_camera/__init__.py -> /home/vom/Nano_Vision/install/rgb_camera/lib/python3.10/site-packages/rgb_camera
copying /home/vom/Nano_Vision/build/rgb_camera/build/lib/rgb_camera/load_save_settings.py -> /home/vom/Nano_Vision/install/rgb_camera/lib/python3.10/site-packages/rgb_camera
copying /home/vom/Nano_Vision/build/rgb_camera/build/lib/rgb_camera/user_set.py -> /home/vom/Nano_Vision/install/rgb_camera/lib/python3.10/site-packages/rgb_camera
copying /home/vom/Nano_Vision/build/rgb_camera/build/lib/rgb_camera/create_trace_log.py -> /home/vom/Nano_Vision/install/rgb_camera/lib/python3.10/site-packages/rgb_camera
copying /home/vom/Nano_Vision/build/rgb_camera/build/lib/rgb_camera/image_sub.py -> /home/vom/Nano_Vision/install/rgb_camera/lib/python3.10/site-packages/rgb_camera
copying /home/vom/Nano_Vision/build/rgb_camera/build/lib/rgb_camera/image_grab.py -> /home/vom/Nano_Vision/install/rgb_camera/lib/python3.10/site-packages/rgb_camera
copying /home/vom/Nano_Vision/build/rgb_camera/build/lib/rgb_camera/asynchronous_grab_opencv.py -> /home/vom/Nano_Vision/install/rgb_camera/lib/python3.10/site-packages/rgb_camera
copying /home/vom/Nano_Vision/build/rgb_camera/build/lib/rgb_camera/list_cameras.py -> /home/vom/Nano_Vision/install/rgb_camera/lib/python3.10/site-packages/rgb_camera
copying /home/vom/Nano_Vision/build/rgb_camera/build/lib/rgb_camera/asynchronous_grab.py -> /home/vom/Nano_Vision/install/rgb_camera/lib/python3.10/site-packages/rgb_camera
byte-compiling /home/vom/Nano_Vision/install/rgb_camera/lib/python3.10/site-packages/rgb_camera/image_pub.py to image_pub.cpython-310.pyc
byte-compiling /home/vom/Nano_Vision/install/rgb_camera/lib/python3.10/site-packages/rgb_camera/multithreading_opencv.py to multithreading_opencv.cpython-310.pyc
byte-compiling /home/vom/Nano_Vision/install/rgb_camera/lib/python3.10/site-packages/rgb_camera/list_features.py to list_features.cpython-310.pyc
byte-compiling /home/vom/Nano_Vision/install/rgb_camera/lib/python3.10/site-packages/rgb_camera/synchronous_grab.py to synchronous_grab.cpython-310.pyc
byte-compiling /home/vom/Nano_Vision/install/rgb_camera/lib/python3.10/site-packages/rgb_camera/action_commands.py to action_commands.cpython-310.pyc
byte-compiling /home/vom/Nano_Vision/install/rgb_camera/lib/python3.10/site-packages/rgb_camera/__init__.py to __init__.cpython-310.pyc
byte-compiling /home/vom/Nano_Vision/install/rgb_camera/lib/python3.10/site-packages/rgb_camera/load_save_settings.py to load_save_settings.cpython-310.pyc
byte-compiling /home/vom/Nano_Vision/install/rgb_camera/lib/python3.10/site-packages/rgb_camera/user_set.py to user_set.cpython-310.pyc
byte-compiling /home/vom/Nano_Vision/install/rgb_camera/lib/python3.10/site-packages/rgb_camera/create_trace_log.py to create_trace_log.cpython-310.pyc
byte-compiling /home/vom/Nano_Vision/install/rgb_camera/lib/python3.10/site-packages/rgb_camera/image_sub.py to image_sub.cpython-310.pyc
byte-compiling /home/vom/Nano_Vision/install/rgb_camera/lib/python3.10/site-packages/rgb_camera/image_grab.py to image_grab.cpython-310.pyc
byte-compiling /home/vom/Nano_Vision/install/rgb_camera/lib/python3.10/site-packages/rgb_camera/asynchronous_grab_opencv.py to asynchronous_grab_opencv.cpython-310.pyc
byte-compiling /home/vom/Nano_Vision/install/rgb_camera/lib/python3.10/site-packages/rgb_camera/list_cameras.py to list_cameras.cpython-310.pyc
byte-compiling /home/vom/Nano_Vision/install/rgb_camera/lib/python3.10/site-packages/rgb_camera/asynchronous_grab.py to asynchronous_grab.cpython-310.pyc
running install_data
creating /home/vom/Nano_Vision/install/rgb_camera/share/ament_index
creating /home/vom/Nano_Vision/install/rgb_camera/share/ament_index/resource_index
creating /home/vom/Nano_Vision/install/rgb_camera/share/ament_index/resource_index/packages
copying resource/rgb_camera -> /home/vom/Nano_Vision/install/rgb_camera/share/ament_index/resource_index/packages
copying package.xml -> /home/vom/Nano_Vision/install/rgb_camera/share/rgb_camera
running install_egg_info
Copying ../../build/rgb_camera/rgb_camera.egg-info to /home/vom/Nano_Vision/install/rgb_camera/lib/python3.10/site-packages/rgb_camera-0.0.0-py3.10.egg-info
running install_scripts
Installing asynchronous_opencv_grab script to /home/vom/Nano_Vision/install/rgb_camera/lib/rgb_camera
Installing rgb_grab script to /home/vom/Nano_Vision/install/rgb_camera/lib/rgb_camera
writing list of installed files to '/home/vom/Nano_Vision/build/rgb_camera/install.log'
