[1.164s] Invoking command in '/home/vom/Nano_Vision/src/rgb_camera': PYTHONPATH=/home/vom/Nano_Vision/build/rgb_camera/prefix_override:/home/vom/Nano_Vision/install/rgb_camera/lib/python3.10/site-packages:${PYTHONPATH} /usr/bin/python3 setup.py egg_info --egg-base ../../build/rgb_camera build --build-base /home/vom/Nano_Vision/build/rgb_camera/build install --record /home/vom/Nano_Vision/build/rgb_camera/install.log --single-version-externally-managed
[1.481s] running egg_info
[1.482s] creating ../../build/rgb_camera/rgb_camera.egg-info
[1.482s] writing ../../build/rgb_camera/rgb_camera.egg-info/PKG-INFO
[1.482s] writing dependency_links to ../../build/rgb_camera/rgb_camera.egg-info/dependency_links.txt
[1.482s] writing entry points to ../../build/rgb_camera/rgb_camera.egg-info/entry_points.txt
[1.483s] writing requirements to ../../build/rgb_camera/rgb_camera.egg-info/requires.txt
[1.483s] writing top-level names to ../../build/rgb_camera/rgb_camera.egg-info/top_level.txt
[1.483s] writing manifest file '../../build/rgb_camera/rgb_camera.egg-info/SOURCES.txt'
[1.485s] reading manifest file '../../build/rgb_camera/rgb_camera.egg-info/SOURCES.txt'
[1.489s] writing manifest file '../../build/rgb_camera/rgb_camera.egg-info/SOURCES.txt'
[1.489s] running build
[1.489s] running build_py
[1.489s] creating /home/vom/Nano_Vision/build/rgb_camera/build
[1.489s] creating /home/vom/Nano_Vision/build/rgb_camera/build/lib
[1.489s] creating /home/vom/Nano_Vision/build/rgb_camera/build/lib/rgb_camera
[1.489s] copying rgb_camera/image_pub.py -> /home/vom/Nano_Vision/build/rgb_camera/build/lib/rgb_camera
[1.489s] copying rgb_camera/multithreading_opencv.py -> /home/vom/Nano_Vision/build/rgb_camera/build/lib/rgb_camera
[1.490s] copying rgb_camera/list_features.py -> /home/vom/Nano_Vision/build/rgb_camera/build/lib/rgb_camera
[1.490s] copying rgb_camera/synchronous_grab.py -> /home/vom/Nano_Vision/build/rgb_camera/build/lib/rgb_camera
[1.490s] copying rgb_camera/action_commands.py -> /home/vom/Nano_Vision/build/rgb_camera/build/lib/rgb_camera
[1.490s] copying rgb_camera/__init__.py -> /home/vom/Nano_Vision/build/rgb_camera/build/lib/rgb_camera
[1.490s] copying rgb_camera/load_save_settings.py -> /home/vom/Nano_Vision/build/rgb_camera/build/lib/rgb_camera
[1.490s] copying rgb_camera/user_set.py -> /home/vom/Nano_Vision/build/rgb_camera/build/lib/rgb_camera
[1.491s] copying rgb_camera/create_trace_log.py -> /home/vom/Nano_Vision/build/rgb_camera/build/lib/rgb_camera
[1.491s] copying rgb_camera/image_sub.py -> /home/vom/Nano_Vision/build/rgb_camera/build/lib/rgb_camera
[1.491s] copying rgb_camera/image_grab.py -> /home/vom/Nano_Vision/build/rgb_camera/build/lib/rgb_camera
[1.492s] copying rgb_camera/asynchronous_grab_opencv.py -> /home/vom/Nano_Vision/build/rgb_camera/build/lib/rgb_camera
[1.492s] copying rgb_camera/list_cameras.py -> /home/vom/Nano_Vision/build/rgb_camera/build/lib/rgb_camera
[1.492s] copying rgb_camera/asynchronous_grab.py -> /home/vom/Nano_Vision/build/rgb_camera/build/lib/rgb_camera
[1.492s] running install
[1.493s] running install_lib
[1.493s] creating /home/vom/Nano_Vision/install/rgb_camera/lib/python3.10/site-packages/rgb_camera
[1.493s] copying /home/vom/Nano_Vision/build/rgb_camera/build/lib/rgb_camera/image_pub.py -> /home/vom/Nano_Vision/install/rgb_camera/lib/python3.10/site-packages/rgb_camera
[1.493s] copying /home/vom/Nano_Vision/build/rgb_camera/build/lib/rgb_camera/multithreading_opencv.py -> /home/vom/Nano_Vision/install/rgb_camera/lib/python3.10/site-packages/rgb_camera
[1.493s] copying /home/vom/Nano_Vision/build/rgb_camera/build/lib/rgb_camera/list_features.py -> /home/vom/Nano_Vision/install/rgb_camera/lib/python3.10/site-packages/rgb_camera
[1.493s] copying /home/vom/Nano_Vision/build/rgb_camera/build/lib/rgb_camera/synchronous_grab.py -> /home/vom/Nano_Vision/install/rgb_camera/lib/python3.10/site-packages/rgb_camera
[1.494s] copying /home/vom/Nano_Vision/build/rgb_camera/build/lib/rgb_camera/action_commands.py -> /home/vom/Nano_Vision/install/rgb_camera/lib/python3.10/site-packages/rgb_camera
[1.494s] copying /home/vom/Nano_Vision/build/rgb_camera/build/lib/rgb_camera/__init__.py -> /home/vom/Nano_Vision/install/rgb_camera/lib/python3.10/site-packages/rgb_camera
[1.494s] copying /home/vom/Nano_Vision/build/rgb_camera/build/lib/rgb_camera/load_save_settings.py -> /home/vom/Nano_Vision/install/rgb_camera/lib/python3.10/site-packages/rgb_camera
[1.494s] copying /home/vom/Nano_Vision/build/rgb_camera/build/lib/rgb_camera/user_set.py -> /home/vom/Nano_Vision/install/rgb_camera/lib/python3.10/site-packages/rgb_camera
[1.494s] copying /home/vom/Nano_Vision/build/rgb_camera/build/lib/rgb_camera/create_trace_log.py -> /home/vom/Nano_Vision/install/rgb_camera/lib/python3.10/site-packages/rgb_camera
[1.494s] copying /home/vom/Nano_Vision/build/rgb_camera/build/lib/rgb_camera/image_sub.py -> /home/vom/Nano_Vision/install/rgb_camera/lib/python3.10/site-packages/rgb_camera
[1.494s] copying /home/vom/Nano_Vision/build/rgb_camera/build/lib/rgb_camera/image_grab.py -> /home/vom/Nano_Vision/install/rgb_camera/lib/python3.10/site-packages/rgb_camera
[1.494s] copying /home/vom/Nano_Vision/build/rgb_camera/build/lib/rgb_camera/asynchronous_grab_opencv.py -> /home/vom/Nano_Vision/install/rgb_camera/lib/python3.10/site-packages/rgb_camera
[1.496s] copying /home/vom/Nano_Vision/build/rgb_camera/build/lib/rgb_camera/list_cameras.py -> /home/vom/Nano_Vision/install/rgb_camera/lib/python3.10/site-packages/rgb_camera
[1.497s] copying /home/vom/Nano_Vision/build/rgb_camera/build/lib/rgb_camera/asynchronous_grab.py -> /home/vom/Nano_Vision/install/rgb_camera/lib/python3.10/site-packages/rgb_camera
[1.497s] byte-compiling /home/vom/Nano_Vision/install/rgb_camera/lib/python3.10/site-packages/rgb_camera/image_pub.py to image_pub.cpython-310.pyc
[1.497s] byte-compiling /home/vom/Nano_Vision/install/rgb_camera/lib/python3.10/site-packages/rgb_camera/multithreading_opencv.py to multithreading_opencv.cpython-310.pyc
[1.497s] byte-compiling /home/vom/Nano_Vision/install/rgb_camera/lib/python3.10/site-packages/rgb_camera/list_features.py to list_features.cpython-310.pyc
[1.497s] byte-compiling /home/vom/Nano_Vision/install/rgb_camera/lib/python3.10/site-packages/rgb_camera/synchronous_grab.py to synchronous_grab.cpython-310.pyc
[1.500s] byte-compiling /home/vom/Nano_Vision/install/rgb_camera/lib/python3.10/site-packages/rgb_camera/action_commands.py to action_commands.cpython-310.pyc
[1.500s] byte-compiling /home/vom/Nano_Vision/install/rgb_camera/lib/python3.10/site-packages/rgb_camera/__init__.py to __init__.cpython-310.pyc
[1.500s] byte-compiling /home/vom/Nano_Vision/install/rgb_camera/lib/python3.10/site-packages/rgb_camera/load_save_settings.py to load_save_settings.cpython-310.pyc
[1.501s] byte-compiling /home/vom/Nano_Vision/install/rgb_camera/lib/python3.10/site-packages/rgb_camera/user_set.py to user_set.cpython-310.pyc
[1.503s] byte-compiling /home/vom/Nano_Vision/install/rgb_camera/lib/python3.10/site-packages/rgb_camera/create_trace_log.py to create_trace_log.cpython-310.pyc
[1.507s] byte-compiling /home/vom/Nano_Vision/install/rgb_camera/lib/python3.10/site-packages/rgb_camera/image_sub.py to image_sub.cpython-310.pyc
[1.507s] byte-compiling /home/vom/Nano_Vision/install/rgb_camera/lib/python3.10/site-packages/rgb_camera/image_grab.py to image_grab.cpython-310.pyc
[1.507s] byte-compiling /home/vom/Nano_Vision/install/rgb_camera/lib/python3.10/site-packages/rgb_camera/asynchronous_grab_opencv.py to asynchronous_grab_opencv.cpython-310.pyc
[1.509s] byte-compiling /home/vom/Nano_Vision/install/rgb_camera/lib/python3.10/site-packages/rgb_camera/list_cameras.py to list_cameras.cpython-310.pyc
[1.509s] byte-compiling /home/vom/Nano_Vision/install/rgb_camera/lib/python3.10/site-packages/rgb_camera/asynchronous_grab.py to asynchronous_grab.cpython-310.pyc
[1.509s] running install_data
[1.509s] creating /home/vom/Nano_Vision/install/rgb_camera/share/ament_index
[1.509s] creating /home/vom/Nano_Vision/install/rgb_camera/share/ament_index/resource_index
[1.510s] creating /home/vom/Nano_Vision/install/rgb_camera/share/ament_index/resource_index/packages
[1.510s] copying resource/rgb_camera -> /home/vom/Nano_Vision/install/rgb_camera/share/ament_index/resource_index/packages
[1.510s] copying package.xml -> /home/vom/Nano_Vision/install/rgb_camera/share/rgb_camera
[1.510s] running install_egg_info
[1.513s] Copying ../../build/rgb_camera/rgb_camera.egg-info to /home/vom/Nano_Vision/install/rgb_camera/lib/python3.10/site-packages/rgb_camera-0.0.0-py3.10.egg-info
[1.514s] running install_scripts
[1.542s] Installing asynchronous_opencv_grab script to /home/vom/Nano_Vision/install/rgb_camera/lib/rgb_camera
[1.542s] Installing rgb_grab script to /home/vom/Nano_Vision/install/rgb_camera/lib/rgb_camera
[1.542s] writing list of installed files to '/home/vom/Nano_Vision/build/rgb_camera/install.log'
[1.625s] Invoked command in '/home/vom/Nano_Vision/src/rgb_camera' returned '0': PYTHONPATH=/home/vom/Nano_Vision/build/rgb_camera/prefix_override:/home/vom/Nano_Vision/install/rgb_camera/lib/python3.10/site-packages:${PYTHONPATH} /usr/bin/python3 setup.py egg_info --egg-base ../../build/rgb_camera build --build-base /home/vom/Nano_Vision/build/rgb_camera/build install --record /home/vom/Nano_Vision/build/rgb_camera/install.log --single-version-externally-managed
