[2.042s] Invoking command in '/home/yansa/Yansa_Vision/build/VmbCPP': /usr/bin/cmake /home/yansa/Yansa_Vision/src/VimbaX_2023-1/api/source/VmbCPP -DCMAKE_INSTALL_PREFIX=/home/yansa/Yansa_Vision/install/VmbCPP
[2.321s] -- The C compiler identification is GNU 9.4.0
[2.722s] -- The CXX compiler identification is GNU 9.4.0
[2.775s] -- Check for working C compiler: /usr/bin/cc
[3.290s] -- Check for working C compiler: /usr/bin/cc -- works
[3.294s] -- Detecting C compiler ABI info
[3.879s] -- Detecting C compiler ABI info - done
[3.963s] -- Detecting C compile features
[3.967s] -- Detecting C compile features - done
[3.994s] -- Check for working CXX compiler: /usr/bin/c++
[4.619s] -- Check for working CXX compiler: /usr/bin/c++ -- works
[4.623s] -- Detecting CXX compiler ABI info
[5.350s] -- Detecting CXX compiler ABI info - done
[5.485s] -- Detecting CXX compile features
[5.488s] -- Detecting CXX compile features - done
[5.574s] -- Configuring done
[5.626s] -- Generating done
[5.629s] -- Build files have been written to: /home/yansa/Yansa_Vision/build/VmbCPP
[5.650s] Invoked command in '/home/yansa/Yansa_Vision/build/VmbCPP' returned '0': /usr/bin/cmake /home/yansa/Yansa_Vision/src/VimbaX_2023-1/api/source/VmbCPP -DCMAKE_INSTALL_PREFIX=/home/yansa/Yansa_Vision/install/VmbCPP
[5.653s] Invoking command in '/home/yansa/Yansa_Vision/build/VmbCPP': /usr/bin/cmake --build /home/yansa/Yansa_Vision/build/VmbCPP -- -j4 -l4
[6.025s] [35m[1mScanning dependencies of target VmbCPP[0m
[6.264s] [  3%] [32mBuilding CXX object CMakeFiles/VmbCPP.dir/Clock.cpp.o[0m
[6.282s] [  6%] [32mBuilding CXX object CMakeFiles/VmbCPP.dir/ConditionHelper.cpp.o[0m
[6.287s] [  9%] [32mBuilding CXX object CMakeFiles/VmbCPP.dir/BasicLockable.cpp.o[0m
[6.337s] [ 12%] [32mBuilding CXX object CMakeFiles/VmbCPP.dir/Condition.cpp.o[0m
[7.093s] [ 16%] [32mBuilding CXX object CMakeFiles/VmbCPP.dir/FileLogger.cpp.o[0m
[8.943s] [ 19%] [32mBuilding CXX object CMakeFiles/VmbCPP.dir/Mutex.cpp.o[0m
[9.132s] [ 22%] [32mBuilding CXX object CMakeFiles/VmbCPP.dir/MutexGuard.cpp.o[0m
[10.241s] [ 25%] [32mBuilding CXX object CMakeFiles/VmbCPP.dir/Semaphore.cpp.o[0m
[11.567s] [ 29%] [32mBuilding CXX object CMakeFiles/VmbCPP.dir/BaseFeature.cpp.o[0m
[13.356s] [ 32%] [32mBuilding CXX object CMakeFiles/VmbCPP.dir/BoolFeature.cpp.o[0m
[14.251s] [ 35%] [32mBuilding CXX object CMakeFiles/VmbCPP.dir/CommandFeature.cpp.o[0m
[15.694s] [ 38%] [32mBuilding CXX object CMakeFiles/VmbCPP.dir/EnumEntry.cpp.o[0m
[17.246s] [ 41%] [32mBuilding CXX object CMakeFiles/VmbCPP.dir/EnumFeature.cpp.o[0m
[18.744s] [ 45%] [32mBuilding CXX object CMakeFiles/VmbCPP.dir/Feature.cpp.o[0m
[19.273s] [ 48%] [32mBuilding CXX object CMakeFiles/VmbCPP.dir/FloatFeature.cpp.o[0m
[22.895s] [ 51%] [32mBuilding CXX object CMakeFiles/VmbCPP.dir/StringFeature.cpp.o[0m
[25.086s] [ 54%] [32mBuilding CXX object CMakeFiles/VmbCPP.dir/TransportLayer.cpp.o[0m
[27.589s] [ 58%] [32mBuilding CXX object CMakeFiles/VmbCPP.dir/Camera.cpp.o[0m
[31.540s] [ 61%] [32mBuilding CXX object CMakeFiles/VmbCPP.dir/DefaultCameraFactory.cpp.o[0m
[33.197s] [ 64%] [32mBuilding CXX object CMakeFiles/VmbCPP.dir/FeatureContainer.cpp.o[0m
[36.402s] [ 67%] [32mBuilding CXX object CMakeFiles/VmbCPP.dir/Interface.cpp.o[0m
[38.275s] [ 70%] [32mBuilding CXX object CMakeFiles/VmbCPP.dir/VmbSystem.cpp.o[0m
[44.936s] [ 74%] [32mBuilding CXX object CMakeFiles/VmbCPP.dir/LocalDevice.cpp.o[0m
[46.369s] [ 77%] [32mBuilding CXX object CMakeFiles/VmbCPP.dir/Stream.cpp.o[0m
[49.248s] [ 80%] [32mBuilding CXX object CMakeFiles/VmbCPP.dir/PersistableFeatureContainer.cpp.o[0m
[50.673s] [ 83%] [32mBuilding CXX object CMakeFiles/VmbCPP.dir/IFrameObserver.cpp.o[0m
[52.503s] [ 87%] [32mBuilding CXX object CMakeFiles/VmbCPP.dir/Frame.cpp.o[0m
[55.015s] [ 90%] [32mBuilding CXX object CMakeFiles/VmbCPP.dir/FrameHandler.cpp.o[0m
[57.290s] [ 93%] [32mBuilding CXX object CMakeFiles/VmbCPP.dir/RawFeature.cpp.o[0m
[58.791s] [ 96%] [32mBuilding CXX object CMakeFiles/VmbCPP.dir/IntFeature.cpp.o[0m
[60.256s] [100%] [32m[1mLinking CXX shared library libVmbCPP.so[0m
[60.867s] [100%] Built target VmbCPP
[60.911s] Invoked command in '/home/yansa/Yansa_Vision/build/VmbCPP' returned '0': /usr/bin/cmake --build /home/yansa/Yansa_Vision/build/VmbCPP -- -j4 -l4
