[1.269s] Invoking command in '/home/yansa/Yansa_Vision/build/VmbCPPExamples': /usr/bin/cmake /home/yansa/Yansa_Vision/VimbaX_2023-1/api/examples/VmbCPP -DCMAKE_INSTALL_PREFIX=/home/yansa/Yansa_Vision/install/VmbCPPExamples
[1.747s] -- The C compiler identification is GNU 9.4.0
[2.374s] -- The CXX compiler identification is GNU 9.4.0
[2.421s] -- Check for working C compiler: /usr/bin/cc
[3.003s] -- Check for working C compiler: /usr/bin/cc -- works
[3.009s] -- Detecting C compiler ABI info
[3.519s] -- Detecting C compiler ABI info - done
[3.643s] -- Detecting C compile features
[3.645s] -- Detecting C compile features - done
[3.663s] -- Check for working CXX compiler: /usr/bin/c++
[4.183s] -- Check for working CXX compiler: /usr/bin/c++ -- works
[4.194s] -- Detecting CXX compiler ABI info
[4.648s] -- Detecting CXX compiler ABI info - done
[4.728s] -- Detecting CXX compile features
[4.731s] -- Detecting CXX compile features - done
[4.775s] -- Configuring done
[4.808s] -- Generating done
[4.813s] -- Build files have been written to: /home/yansa/Yansa_Vision/build/VmbCPPExamples
[4.839s] Invoked command in '/home/yansa/Yansa_Vision/build/VmbCPPExamples' returned '0': /usr/bin/cmake /home/yansa/Yansa_Vision/VimbaX_2023-1/api/examples/VmbCPP -DCMAKE_INSTALL_PREFIX=/home/yansa/Yansa_Vision/install/VmbCPPExamples
[4.843s] Invoking command in '/home/yansa/Yansa_Vision/build/VmbCPPExamples': /usr/bin/cmake --build /home/yansa/Yansa_Vision/build/VmbCPPExamples -- -j4 -l4
[5.155s] [35m[1mScanning dependencies of target AsynchronousGrab_VmbCPP[0m
[5.164s] [35m[1mScanning dependencies of target ChunkAccess_VmbCPP[0m
[5.171s] [35m[1mScanning dependencies of target SynchronousGrab_VmbCPP[0m
[5.172s] [35m[1mScanning dependencies of target ListCameras_VmbCPP[0m
[5.269s] [  8%] [32mBuilding CXX object AsynchronousGrab/CMakeFiles/AsynchronousGrab_VmbCPP.dir/main.cpp.o[0m
[5.273s] [ 16%] [32mBuilding CXX object ListCameras/CMakeFiles/ListCameras_VmbCPP.dir/main.cpp.o[0m
[5.314s] [ 25%] [32mBuilding CXX object SynchronousGrab/CMakeFiles/SynchronousGrab_VmbCPP.dir/main.cpp.o[0m
[5.397s] [ 33%] [32mBuilding CXX object ChunkAccess/CMakeFiles/ChunkAccess_VmbCPP.dir/main.cpp.o[0m
[8.369s] [ 41%] [32mBuilding CXX object ListCameras/CMakeFiles/ListCameras_VmbCPP.dir/ListCameras.cpp.o[0m
[11.918s] [ 50%] [32mBuilding CXX object AsynchronousGrab/CMakeFiles/AsynchronousGrab_VmbCPP.dir/AcquisitionHelper.cpp.o[0m
[11.993s] [ 58%] [32mBuilding CXX object SynchronousGrab/CMakeFiles/SynchronousGrab_VmbCPP.dir/SynchronousGrab.cpp.o[0m
[12.521s] [ 66%] [32mBuilding CXX object ChunkAccess/CMakeFiles/ChunkAccess_VmbCPP.dir/AcquisitionHelperChunk.cpp.o[0m
[17.055s] [ 75%] [32m[1mLinking CXX executable ListCameras_VmbCPP[0m
[17.982s] [ 75%] Built target ListCameras_VmbCPP
[19.251s] [ 83%] [32m[1mLinking CXX executable AsynchronousGrab_VmbCPP[0m
[19.412s] [ 91%] [32m[1mLinking CXX executable SynchronousGrab_VmbCPP[0m
[20.111s] [ 91%] Built target AsynchronousGrab_VmbCPP
[20.140s] [ 91%] Built target SynchronousGrab_VmbCPP
[20.759s] [100%] [32m[1mLinking CXX executable ChunkAccess_VmbCPP[0m
[21.154s] [100%] Built target ChunkAccess_VmbCPP
[21.213s] Invoked command in '/home/yansa/Yansa_Vision/build/VmbCPPExamples' returned '0': /usr/bin/cmake --build /home/yansa/Yansa_Vision/build/VmbCPPExamples -- -j4 -l4
