[0.891s] Invoking command in '/home/vom/Nano_Vision/build/VmbCPP': /usr/bin/cmake /home/vom/Nano_Vision/src/VimbaX_2023-1/api/source/VmbCPP -DCMAKE_INSTALL_PREFIX=/home/vom/Nano_Vision/install/VmbCPP
[0.959s] -- The C compiler identification is GNU 11.4.0
[1.041s] -- The CXX compiler identification is GNU 11.4.0
[1.054s] -- Detecting C compiler ABI info
[1.165s] -- Detecting C compiler ABI info - done
[1.175s] -- Check for working C compiler: /usr/bin/cc - skipped
[1.176s] -- Detecting C compile features
[1.176s] -- Detecting C compile features - done
[1.181s] -- Detecting CXX compiler ABI info
[1.308s] -- Detecting CXX compiler ABI info - done
[1.319s] -- Check for working CXX compiler: /usr/bin/c++ - skipped
[1.319s] -- Detecting CXX compile features
[1.319s] -- Detecting CXX compile features - done
[1.326s] -- Configuring done
[1.350s] -- Generating done
[1.353s] -- Build files have been written to: /home/vom/Nano_Vision/build/VmbCPP
[1.358s] Invoked command in '/home/vom/Nano_Vision/build/VmbCPP' returned '0': /usr/bin/cmake /home/vom/Nano_Vision/src/VimbaX_2023-1/api/source/VmbCPP -DCMAKE_INSTALL_PREFIX=/home/vom/Nano_Vision/install/VmbCPP
[1.363s] Invoking command in '/home/vom/Nano_Vision/build/VmbCPP': /usr/bin/cmake --build /home/vom/Nano_Vision/build/VmbCPP -- -j8 -l8
[1.506s] [  3%] [32mBuilding CXX object CMakeFiles/VmbCPP.dir/BasicLockable.cpp.o[0m
[1.569s] [  6%] [32mBuilding CXX object CMakeFiles/VmbCPP.dir/ConditionHelper.cpp.o[0m
[1.569s] [  9%] [32mBuilding CXX object CMakeFiles/VmbCPP.dir/Clock.cpp.o[0m
[1.570s] [ 12%] [32mBuilding CXX object CMakeFiles/VmbCPP.dir/Condition.cpp.o[0m
[1.575s] [ 16%] [32mBuilding CXX object CMakeFiles/VmbCPP.dir/Mutex.cpp.o[0m
[1.577s] [ 19%] [32mBuilding CXX object CMakeFiles/VmbCPP.dir/FileLogger.cpp.o[0m
[1.602s] [ 22%] [32mBuilding CXX object CMakeFiles/VmbCPP.dir/MutexGuard.cpp.o[0m
[1.706s] [ 25%] [32mBuilding CXX object CMakeFiles/VmbCPP.dir/Semaphore.cpp.o[0m
[1.739s] [ 29%] [32mBuilding CXX object CMakeFiles/VmbCPP.dir/BaseFeature.cpp.o[0m
[2.502s] [ 32%] [32mBuilding CXX object CMakeFiles/VmbCPP.dir/BoolFeature.cpp.o[0m
[2.740s] [ 35%] [32mBuilding CXX object CMakeFiles/VmbCPP.dir/CommandFeature.cpp.o[0m
[2.987s] [ 38%] [32mBuilding CXX object CMakeFiles/VmbCPP.dir/EnumEntry.cpp.o[0m
[3.590s] [ 41%] [32mBuilding CXX object CMakeFiles/VmbCPP.dir/EnumFeature.cpp.o[0m
[3.812s] [ 45%] [32mBuilding CXX object CMakeFiles/VmbCPP.dir/Feature.cpp.o[0m
[3.899s] [ 48%] [32mBuilding CXX object CMakeFiles/VmbCPP.dir/IntFeature.cpp.o[0m
[3.917s] [ 51%] [32mBuilding CXX object CMakeFiles/VmbCPP.dir/FloatFeature.cpp.o[0m
[3.991s] [ 54%] [32mBuilding CXX object CMakeFiles/VmbCPP.dir/RawFeature.cpp.o[0m
[4.009s] [ 58%] [32mBuilding CXX object CMakeFiles/VmbCPP.dir/StringFeature.cpp.o[0m
[4.617s] [ 61%] [32mBuilding CXX object CMakeFiles/VmbCPP.dir/TransportLayer.cpp.o[0m
[4.644s] [ 64%] [32mBuilding CXX object CMakeFiles/VmbCPP.dir/Camera.cpp.o[0m
[4.656s] [ 67%] [32mBuilding CXX object CMakeFiles/VmbCPP.dir/DefaultCameraFactory.cpp.o[0m
[4.905s] [ 70%] [32mBuilding CXX object CMakeFiles/VmbCPP.dir/FeatureContainer.cpp.o[0m
[4.960s] [ 74%] [32mBuilding CXX object CMakeFiles/VmbCPP.dir/Interface.cpp.o[0m
[5.228s] [ 77%] [32mBuilding CXX object CMakeFiles/VmbCPP.dir/VmbSystem.cpp.o[0m
[5.238s] [ 80%] [32mBuilding CXX object CMakeFiles/VmbCPP.dir/LocalDevice.cpp.o[0m
[5.390s] [ 83%] [32mBuilding CXX object CMakeFiles/VmbCPP.dir/Stream.cpp.o[0m
[5.736s] [ 87%] [32mBuilding CXX object CMakeFiles/VmbCPP.dir/PersistableFeatureContainer.cpp.o[0m
[6.240s] [ 90%] [32mBuilding CXX object CMakeFiles/VmbCPP.dir/IFrameObserver.cpp.o[0m
[6.366s] [ 93%] [32mBuilding CXX object CMakeFiles/VmbCPP.dir/Frame.cpp.o[0m
[6.428s] [ 96%] [32mBuilding CXX object CMakeFiles/VmbCPP.dir/FrameHandler.cpp.o[0m
[7.980s] [100%] [32m[1mLinking CXX shared library libVmbCPP.so[0m
[8.105s] [100%] Built target VmbCPP
[8.114s] Invoked command in '/home/vom/Nano_Vision/build/VmbCPP' returned '0': /usr/bin/cmake --build /home/vom/Nano_Vision/build/VmbCPP -- -j8 -l8
