running develop
running egg_info
creating IRCamera.egg-info
writing IRCamera.egg-info/PKG-INFO
writing dependency_links to IRCamera.egg-info/dependency_links.txt
writing entry points to IRCamera.egg-info/entry_points.txt
writing requirements to IRCamera.egg-info/requires.txt
writing top-level names to IRCamera.egg-info/top_level.txt
writing manifest file 'IRCamera.egg-info/SOURCES.txt'
reading manifest file 'IRCamera.egg-info/SOURCES.txt'
writing manifest file 'IRCamera.egg-info/SOURCES.txt'
running build_ext
Creating /home/yansa/Yansa_Vision/install/IRCamera/lib/python3.8/site-packages/site.py
Creating /home/yansa/Yansa_Vision/install/IRCamera/lib/python3.8/site-packages/IRCamera.egg-link (link to .)
Installing img_pub script to /home/yansa/Yansa_Vision/install/IRCamera/lib/IRCamera
Installing img_sub script to /home/yansa/Yansa_Vision/install/IRCamera/lib/IRCamera

Installed /home/yansa/Yansa_Vision/build/IRCamera
running install_data
creating /home/yansa/Yansa_Vision/install/IRCamera/share/ament_index
creating /home/yansa/Yansa_Vision/install/IRCamera/share/ament_index/resource_index
creating /home/yansa/Yansa_Vision/install/IRCamera/share/ament_index/resource_index/packages
copying resource/IRCamera -> /home/yansa/Yansa_Vision/install/IRCamera/share/ament_index/resource_index/packages
copying package.xml -> /home/yansa/Yansa_Vision/install/IRCamera/share/IRCamera
