running egg_info
writing ../../build/rgb_camera/rgb_camera.egg-info/PKG-INFO
writing dependency_links to ../../build/rgb_camera/rgb_camera.egg-info/dependency_links.txt
writing entry points to ../../build/rgb_camera/rgb_camera.egg-info/entry_points.txt
writing requirements to ../../build/rgb_camera/rgb_camera.egg-info/requires.txt
writing top-level names to ../../build/rgb_camera/rgb_camera.egg-info/top_level.txt
reading manifest file '../../build/rgb_camera/rgb_camera.egg-info/SOURCES.txt'
writing manifest file '../../build/rgb_camera/rgb_camera.egg-info/SOURCES.txt'
running build
running build_py
running install
running install_lib
running install_data
running install_egg_info
removing '/home/vom/Nano_Vision/install/rgb_camera/lib/python3.10/site-packages/rgb_camera-0.0.0-py3.10.egg-info' (and everything under it)
Copying ../../build/rgb_camera/rgb_camera.egg-info to /home/vom/Nano_Vision/install/rgb_camera/lib/python3.10/site-packages/rgb_camera-0.0.0-py3.10.egg-info
running install_scripts
Installing asynchronous_opencv_grab script to /home/vom/Nano_Vision/install/rgb_camera/lib/rgb_camera
Installing rgb_grab script to /home/vom/Nano_Vision/install/rgb_camera/lib/rgb_camera
writing list of installed files to '/home/vom/Nano_Vision/build/rgb_camera/install.log'
