[1.570s] Invoking command in '/home/vom/Nano_Vision/src/rgb_camera': PYTHONPATH=/home/vom/Nano_Vision/build/rgb_camera/prefix_override:/home/vom/Nano_Vision/install/rgb_camera/lib/python3.10/site-packages:${PYTHONPATH} /usr/bin/python3 setup.py egg_info --egg-base ../../build/rgb_camera build --build-base /home/vom/Nano_Vision/build/rgb_camera/build install --record /home/vom/Nano_Vision/build/rgb_camera/install.log --single-version-externally-managed
[1.818s] running egg_info
[1.819s] writing ../../build/rgb_camera/rgb_camera.egg-info/PKG-INFO
[1.819s] writing dependency_links to ../../build/rgb_camera/rgb_camera.egg-info/dependency_links.txt
[1.819s] writing entry points to ../../build/rgb_camera/rgb_camera.egg-info/entry_points.txt
[1.820s] writing requirements to ../../build/rgb_camera/rgb_camera.egg-info/requires.txt
[1.820s] writing top-level names to ../../build/rgb_camera/rgb_camera.egg-info/top_level.txt
[1.822s] reading manifest file '../../build/rgb_camera/rgb_camera.egg-info/SOURCES.txt'
[1.822s] writing manifest file '../../build/rgb_camera/rgb_camera.egg-info/SOURCES.txt'
[1.823s] running build
[1.823s] running build_py
[1.824s] running install
[1.824s] running install_lib
[1.825s] running install_data
[1.826s] running install_egg_info
[1.827s] removing '/home/vom/Nano_Vision/install/rgb_camera/lib/python3.10/site-packages/rgb_camera-0.0.0-py3.10.egg-info' (and everything under it)
[1.827s] Copying ../../build/rgb_camera/rgb_camera.egg-info to /home/vom/Nano_Vision/install/rgb_camera/lib/python3.10/site-packages/rgb_camera-0.0.0-py3.10.egg-info
[1.828s] running install_scripts
[1.849s] Installing asynchronous_opencv_grab script to /home/vom/Nano_Vision/install/rgb_camera/lib/rgb_camera
[1.850s] Installing rgb_grab script to /home/vom/Nano_Vision/install/rgb_camera/lib/rgb_camera
[1.850s] writing list of installed files to '/home/vom/Nano_Vision/build/rgb_camera/install.log'
[1.887s] Invoked command in '/home/vom/Nano_Vision/src/rgb_camera' returned '0': PYTHONPATH=/home/vom/Nano_Vision/build/rgb_camera/prefix_override:/home/vom/Nano_Vision/install/rgb_camera/lib/python3.10/site-packages:${PYTHONPATH} /usr/bin/python3 setup.py egg_info --egg-base ../../build/rgb_camera build --build-base /home/vom/Nano_Vision/build/rgb_camera/build install --record /home/vom/Nano_Vision/build/rgb_camera/install.log --single-version-externally-managed
