running develop
running egg_info
creating USBCamera.egg-info
writing USBCamera.egg-info/PKG-INFO
writing dependency_links to USBCamera.egg-info/dependency_links.txt
writing entry points to USBCamera.egg-info/entry_points.txt
writing requirements to USBCamera.egg-info/requires.txt
writing top-level names to USBCamera.egg-info/top_level.txt
writing manifest file 'USBCamera.egg-info/SOURCES.txt'
reading manifest file 'USBCamera.egg-info/SOURCES.txt'
writing manifest file 'USBCamera.egg-info/SOURCES.txt'
running build_ext
Creating /home/yansa/Yansa_Vision/install/USBCamera/lib/python3.8/site-packages/site.py
Creating /home/yansa/Yansa_Vision/install/USBCamera/lib/python3.8/site-packages/USBCamera.egg-link (link to .)

Installed /home/yansa/Yansa_Vision/build/USBCamera
running install_data
creating /home/yansa/Yansa_Vision/install/USBCamera/share/ament_index
creating /home/yansa/Yansa_Vision/install/USBCamera/share/ament_index/resource_index
creating /home/yansa/Yansa_Vision/install/USBCamera/share/ament_index/resource_index/packages
copying resource/USBCamera -> /home/yansa/Yansa_Vision/install/USBCamera/share/ament_index/resource_index/packages
copying package.xml -> /home/yansa/Yansa_Vision/install/USBCamera/share/USBCamera
