[2.739s] Invoking command in '/home/yansa/Yansa_Vision/build/USBCamera': PYTHONPATH=/home/yansa/Yansa_Vision/build/USBCamera/prefix_override:/home/yansa/Yansa_Vision/install/USBCamera/lib/python3.8/site-packages:${PYTHONPATH} /usr/bin/python3 setup.py develop --editable --build-directory /home/yansa/Yansa_Vision/build/USBCamera/build --no-deps install_data
[3.663s] running develop
[4.194s] running egg_info
[4.195s] creating USBCamera.egg-info
[4.195s] writing USBCamera.egg-info/PKG-INFO
[4.196s] writing dependency_links to USBCamera.egg-info/dependency_links.txt
[4.196s] writing entry points to USBCamera.egg-info/entry_points.txt
[4.197s] writing requirements to USBCamera.egg-info/requires.txt
[4.197s] writing top-level names to USBCamera.egg-info/top_level.txt
[4.207s] writing manifest file 'USBCamera.egg-info/SOURCES.txt'
[4.369s] reading manifest file 'USBCamera.egg-info/SOURCES.txt'
[4.372s] writing manifest file 'USBCamera.egg-info/SOURCES.txt'
[4.532s] running build_ext
[4.591s] Creating /home/yansa/Yansa_Vision/install/USBCamera/lib/python3.8/site-packages/site.py
[4.599s] Creating /home/yansa/Yansa_Vision/install/USBCamera/lib/python3.8/site-packages/USBCamera.egg-link (link to .)
[4.602s] 
[4.603s] Installed /home/yansa/Yansa_Vision/build/USBCamera
[4.603s] running install_data
[4.604s] creating /home/yansa/Yansa_Vision/install/USBCamera/share/ament_index
[4.604s] creating /home/yansa/Yansa_Vision/install/USBCamera/share/ament_index/resource_index
[4.605s] creating /home/yansa/Yansa_Vision/install/USBCamera/share/ament_index/resource_index/packages
[4.605s] copying resource/USBCamera -> /home/yansa/Yansa_Vision/install/USBCamera/share/ament_index/resource_index/packages
[4.606s] copying package.xml -> /home/yansa/Yansa_Vision/install/USBCamera/share/USBCamera
[4.737s] Invoked command in '/home/yansa/Yansa_Vision/build/USBCamera' returned '0': PYTHONPATH=/home/yansa/Yansa_Vision/build/USBCamera/prefix_override:/home/yansa/Yansa_Vision/install/USBCamera/lib/python3.8/site-packages:${PYTHONPATH} /usr/bin/python3 setup.py develop --editable --build-directory /home/yansa/Yansa_Vision/build/USBCamera/build --no-deps install_data
