[0.918s] DEBUG:colcon:Command line arguments: ['/usr/bin/colcon', 'build', '--symlink-install']
[0.918s] DEBUG:colcon:Parsed command line arguments: Namespace(log_base=None, log_level=None, verb_name='build', build_base='build', install_base='install', merge_install=False, symlink_install=True, test_result_base=None, continue_on_error=False, executor='parallel', parallel_workers=8, event_handlers=None, ignore_user_meta=False, metas=['./colcon.meta'], base_paths=['.'], packages_ignore=None, packages_ignore_regex=None, paths=None, packages_up_to=None, packages_up_to_regex=None, packages_above=None, packages_above_and_dependencies=None, packages_above_depth=None, packages_select_by_dep=None, packages_skip_by_dep=None, packages_skip_up_to=None, packages_select_build_failed=False, packages_skip_build_finished=False, packages_select_test_failures=False, packages_skip_test_passed=False, packages_select=None, packages_skip=None, packages_select_regex=None, packages_skip_regex=None, packages_start=None, packages_end=None, allow_overriding=[], cmake_args=None, cmake_target=None, cmake_target_skip_unavailable=False, cmake_clean_cache=False, cmake_clean_first=False, cmake_force_configure=False, ament_cmake_args=None, catkin_cmake_args=None, catkin_skip_building_tests=False, verb_parser=<colcon_defaults.argument_parser.defaults.DefaultArgumentsDecorator object at 0x7f1d64ed55d0>, verb_extension=<colcon_core.verb.build.BuildVerb object at 0x7f1d654d7970>, main=<bound method BuildVerb.main of <colcon_core.verb.build.BuildVerb object at 0x7f1d654d7970>>)
[0.960s] Level 1:colcon.colcon_core.package_discovery:discover_packages(colcon_meta) check parameters
[0.960s] Level 1:colcon.colcon_core.package_discovery:discover_packages(recursive) check parameters
[0.960s] Level 1:colcon.colcon_core.package_discovery:discover_packages(ignore) check parameters
[0.960s] Level 1:colcon.colcon_core.package_discovery:discover_packages(path) check parameters
[0.960s] Level 1:colcon.colcon_core.package_discovery:discover_packages(colcon_meta) discover
[0.960s] Level 1:colcon.colcon_core.package_discovery:discover_packages(recursive) discover
[0.961s] INFO:colcon.colcon_core.package_discovery:Crawling recursively for packages in '/home/vom/Nano_Vision'
[0.961s] Level 1:colcon.colcon_core.package_identification:_identify(.) by extensions ['ignore', 'ignore_ament_install']
[0.961s] Level 1:colcon.colcon_core.package_identification:_identify(.) by extension 'ignore'
[0.961s] Level 1:colcon.colcon_core.package_identification:_identify(.) by extension 'ignore_ament_install'
[0.961s] Level 1:colcon.colcon_core.package_identification:_identify(.) by extensions ['colcon_pkg']
[0.961s] Level 1:colcon.colcon_core.package_identification:_identify(.) by extension 'colcon_pkg'
[0.961s] Level 1:colcon.colcon_core.package_identification:_identify(.) by extensions ['colcon_meta']
[0.961s] Level 1:colcon.colcon_core.package_identification:_identify(.) by extension 'colcon_meta'
[0.961s] Level 1:colcon.colcon_core.package_identification:_identify(.) by extensions ['ros']
[0.961s] Level 1:colcon.colcon_core.package_identification:_identify(.) by extension 'ros'
[0.970s] Level 1:colcon.colcon_core.package_identification:_identify(.) by extensions ['cmake', 'python']
[0.970s] Level 1:colcon.colcon_core.package_identification:_identify(.) by extension 'cmake'
[0.970s] Level 1:colcon.colcon_core.package_identification:_identify(.) by extension 'python'
[0.970s] Level 1:colcon.colcon_core.package_identification:_identify(.) by extensions ['python_setup_py']
[0.970s] Level 1:colcon.colcon_core.package_identification:_identify(.) by extension 'python_setup_py'
[0.970s] Level 1:colcon.colcon_core.package_identification:_identify(build) by extensions ['ignore', 'ignore_ament_install']
[0.970s] Level 1:colcon.colcon_core.package_identification:_identify(build) by extension 'ignore'
[0.970s] Level 1:colcon.colcon_core.package_identification:_identify(build) ignored
[0.971s] Level 1:colcon.colcon_core.package_identification:_identify(install) by extensions ['ignore', 'ignore_ament_install']
[0.971s] Level 1:colcon.colcon_core.package_identification:_identify(install) by extension 'ignore'
[0.971s] Level 1:colcon.colcon_core.package_identification:_identify(install) ignored
[0.971s] Level 1:colcon.colcon_core.package_identification:_identify(log) by extensions ['ignore', 'ignore_ament_install']
[0.971s] Level 1:colcon.colcon_core.package_identification:_identify(log) by extension 'ignore'
[0.971s] Level 1:colcon.colcon_core.package_identification:_identify(log) ignored
[0.971s] Level 1:colcon.colcon_core.package_identification:_identify(src) by extensions ['ignore', 'ignore_ament_install']
[0.971s] Level 1:colcon.colcon_core.package_identification:_identify(src) by extension 'ignore'
[0.971s] Level 1:colcon.colcon_core.package_identification:_identify(src) by extension 'ignore_ament_install'
[0.971s] Level 1:colcon.colcon_core.package_identification:_identify(src) by extensions ['colcon_pkg']
[0.971s] Level 1:colcon.colcon_core.package_identification:_identify(src) by extension 'colcon_pkg'
[0.971s] Level 1:colcon.colcon_core.package_identification:_identify(src) by extensions ['colcon_meta']
[0.971s] Level 1:colcon.colcon_core.package_identification:_identify(src) by extension 'colcon_meta'
[0.971s] Level 1:colcon.colcon_core.package_identification:_identify(src) by extensions ['ros']
[0.971s] Level 1:colcon.colcon_core.package_identification:_identify(src) by extension 'ros'
[0.971s] Level 1:colcon.colcon_core.package_identification:_identify(src) by extensions ['cmake', 'python']
[0.971s] Level 1:colcon.colcon_core.package_identification:_identify(src) by extension 'cmake'
[0.971s] Level 1:colcon.colcon_core.package_identification:_identify(src) by extension 'python'
[0.972s] Level 1:colcon.colcon_core.package_identification:_identify(src) by extensions ['python_setup_py']
[0.972s] Level 1:colcon.colcon_core.package_identification:_identify(src) by extension 'python_setup_py'
[0.972s] Level 1:colcon.colcon_core.package_identification:_identify(src/IRCamera) by extensions ['ignore', 'ignore_ament_install']
[0.972s] Level 1:colcon.colcon_core.package_identification:_identify(src/IRCamera) by extension 'ignore'
[0.972s] Level 1:colcon.colcon_core.package_identification:_identify(src/IRCamera) by extension 'ignore_ament_install'
[0.972s] Level 1:colcon.colcon_core.package_identification:_identify(src/IRCamera) by extensions ['colcon_pkg']
[0.972s] Level 1:colcon.colcon_core.package_identification:_identify(src/IRCamera) by extension 'colcon_pkg'
[0.972s] Level 1:colcon.colcon_core.package_identification:_identify(src/IRCamera) by extensions ['colcon_meta']
[0.972s] Level 1:colcon.colcon_core.package_identification:_identify(src/IRCamera) by extension 'colcon_meta'
[0.972s] Level 1:colcon.colcon_core.package_identification:_identify(src/IRCamera) by extensions ['ros']
[0.972s] Level 1:colcon.colcon_core.package_identification:_identify(src/IRCamera) by extension 'ros'
[0.974s] DEBUG:colcon.colcon_core.package_identification:Package 'src/IRCamera' with type 'ros.ament_python' and name 'IRCamera'
[0.975s] Level 1:colcon.colcon_core.package_identification:_identify(src/RGBCamera) by extensions ['ignore', 'ignore_ament_install']
[0.975s] Level 1:colcon.colcon_core.package_identification:_identify(src/RGBCamera) by extension 'ignore'
[0.975s] Level 1:colcon.colcon_core.package_identification:_identify(src/RGBCamera) by extension 'ignore_ament_install'
[0.975s] Level 1:colcon.colcon_core.package_identification:_identify(src/RGBCamera) by extensions ['colcon_pkg']
[0.975s] Level 1:colcon.colcon_core.package_identification:_identify(src/RGBCamera) by extension 'colcon_pkg'
[0.975s] Level 1:colcon.colcon_core.package_identification:_identify(src/RGBCamera) by extensions ['colcon_meta']
[0.975s] Level 1:colcon.colcon_core.package_identification:_identify(src/RGBCamera) by extension 'colcon_meta'
[0.975s] Level 1:colcon.colcon_core.package_identification:_identify(src/RGBCamera) by extensions ['ros']
[0.975s] Level 1:colcon.colcon_core.package_identification:_identify(src/RGBCamera) by extension 'ros'
[0.976s] DEBUG:colcon.colcon_core.package_identification:Package 'src/RGBCamera' with type 'ros.ament_python' and name 'RGBCamera'
[0.976s] Level 1:colcon.colcon_core.package_discovery:discover_packages(recursive) using defaults
[0.976s] Level 1:colcon.colcon_core.package_discovery:discover_packages(ignore) discover
[0.976s] Level 1:colcon.colcon_core.package_discovery:discover_packages(ignore) using defaults
[0.976s] Level 1:colcon.colcon_core.package_discovery:discover_packages(path) discover
[0.976s] Level 1:colcon.colcon_core.package_discovery:discover_packages(path) using defaults
[1.067s] Level 1:colcon.colcon_core.package_discovery:discover_packages(prefix_path) check parameters
[1.067s] Level 1:colcon.colcon_core.package_discovery:discover_packages(prefix_path) discover
[1.096s] DEBUG:colcon.colcon_installed_package_information.package_discovery:Found 2 installed packages in /home/vom/ros2_ws/install
[1.110s] DEBUG:colcon.colcon_installed_package_information.package_discovery:Found 276 installed packages in /opt/ros/humble
[1.111s] Level 1:colcon.colcon_core.package_discovery:discover_packages(prefix_path) using defaults
[1.189s] Level 5:colcon.colcon_core.verb:set package 'IRCamera' build argument 'cmake_args' from command line to 'None'
[1.189s] Level 5:colcon.colcon_core.verb:set package 'IRCamera' build argument 'cmake_target' from command line to 'None'
[1.189s] Level 5:colcon.colcon_core.verb:set package 'IRCamera' build argument 'cmake_target_skip_unavailable' from command line to 'False'
[1.189s] Level 5:colcon.colcon_core.verb:set package 'IRCamera' build argument 'cmake_clean_cache' from command line to 'False'
[1.189s] Level 5:colcon.colcon_core.verb:set package 'IRCamera' build argument 'cmake_clean_first' from command line to 'False'
[1.189s] Level 5:colcon.colcon_core.verb:set package 'IRCamera' build argument 'cmake_force_configure' from command line to 'False'
[1.189s] Level 5:colcon.colcon_core.verb:set package 'IRCamera' build argument 'ament_cmake_args' from command line to 'None'
[1.189s] Level 5:colcon.colcon_core.verb:set package 'IRCamera' build argument 'catkin_cmake_args' from command line to 'None'
[1.189s] Level 5:colcon.colcon_core.verb:set package 'IRCamera' build argument 'catkin_skip_building_tests' from command line to 'False'
[1.189s] DEBUG:colcon.colcon_core.verb:Building package 'IRCamera' with the following arguments: {'ament_cmake_args': None, 'build_base': '/home/vom/Nano_Vision/build/IRCamera', 'catkin_cmake_args': None, 'catkin_skip_building_tests': False, 'cmake_args': None, 'cmake_clean_cache': False, 'cmake_clean_first': False, 'cmake_force_configure': False, 'cmake_target': None, 'cmake_target_skip_unavailable': False, 'install_base': '/home/vom/Nano_Vision/install/IRCamera', 'merge_install': False, 'path': '/home/vom/Nano_Vision/src/IRCamera', 'symlink_install': True, 'test_result_base': None}
[1.204s] Level 5:colcon.colcon_core.verb:set package 'RGBCamera' build argument 'cmake_args' from command line to 'None'
[1.204s] Level 5:colcon.colcon_core.verb:set package 'RGBCamera' build argument 'cmake_target' from command line to 'None'
[1.204s] Level 5:colcon.colcon_core.verb:set package 'RGBCamera' build argument 'cmake_target_skip_unavailable' from command line to 'False'
[1.204s] Level 5:colcon.colcon_core.verb:set package 'RGBCamera' build argument 'cmake_clean_cache' from command line to 'False'
[1.204s] Level 5:colcon.colcon_core.verb:set package 'RGBCamera' build argument 'cmake_clean_first' from command line to 'False'
[1.204s] Level 5:colcon.colcon_core.verb:set package 'RGBCamera' build argument 'cmake_force_configure' from command line to 'False'
[1.204s] Level 5:colcon.colcon_core.verb:set package 'RGBCamera' build argument 'ament_cmake_args' from command line to 'None'
[1.204s] Level 5:colcon.colcon_core.verb:set package 'RGBCamera' build argument 'catkin_cmake_args' from command line to 'None'
[1.204s] Level 5:colcon.colcon_core.verb:set package 'RGBCamera' build argument 'catkin_skip_building_tests' from command line to 'False'
[1.204s] DEBUG:colcon.colcon_core.verb:Building package 'RGBCamera' with the following arguments: {'ament_cmake_args': None, 'build_base': '/home/vom/Nano_Vision/build/RGBCamera', 'catkin_cmake_args': None, 'catkin_skip_building_tests': False, 'cmake_args': None, 'cmake_clean_cache': False, 'cmake_clean_first': False, 'cmake_force_configure': False, 'cmake_target': None, 'cmake_target_skip_unavailable': False, 'install_base': '/home/vom/Nano_Vision/install/RGBCamera', 'merge_install': False, 'path': '/home/vom/Nano_Vision/src/RGBCamera', 'symlink_install': True, 'test_result_base': None}
[1.218s] INFO:colcon.colcon_core.executor:Executing jobs using 'parallel' executor
[1.232s] DEBUG:colcon.colcon_parallel_executor.executor.parallel:run_until_complete
[1.232s] INFO:colcon.colcon_ros.task.ament_python.build:Building ROS package in '/home/vom/Nano_Vision/src/IRCamera' with build type 'ament_python'
[1.232s] Level 1:colcon.colcon_core.shell:create_environment_hook('IRCamera', 'ament_prefix_path')
[1.248s] INFO:colcon.colcon_core.plugin_system:Skipping extension 'colcon_core.shell.bat': Not used on non-Windows systems
[1.248s] INFO:colcon.colcon_core.shell:Creating environment hook '/home/vom/Nano_Vision/install/IRCamera/share/IRCamera/hook/ament_prefix_path.ps1'
[1.249s] INFO:colcon.colcon_core.shell:Creating environment descriptor '/home/vom/Nano_Vision/install/IRCamera/share/IRCamera/hook/ament_prefix_path.dsv'
[1.249s] INFO:colcon.colcon_core.shell:Creating environment hook '/home/vom/Nano_Vision/install/IRCamera/share/IRCamera/hook/ament_prefix_path.sh'
[1.265s] INFO:colcon.colcon_core.shell:Skip shell extension 'powershell' for command environment: Not usable outside of PowerShell
[1.265s] DEBUG:colcon.colcon_core.shell:Skip shell extension 'dsv' for command environment
[1.310s] INFO:colcon.colcon_ros.task.ament_python.build:Building ROS package in '/home/vom/Nano_Vision/src/RGBCamera' with build type 'ament_python'
[1.310s] Level 1:colcon.colcon_core.shell:create_environment_hook('RGBCamera', 'ament_prefix_path')
[1.324s] INFO:colcon.colcon_core.shell:Creating environment hook '/home/vom/Nano_Vision/install/RGBCamera/share/RGBCamera/hook/ament_prefix_path.ps1'
[1.325s] INFO:colcon.colcon_core.shell:Creating environment descriptor '/home/vom/Nano_Vision/install/RGBCamera/share/RGBCamera/hook/ament_prefix_path.dsv'
[1.325s] INFO:colcon.colcon_core.shell:Creating environment hook '/home/vom/Nano_Vision/install/RGBCamera/share/RGBCamera/hook/ament_prefix_path.sh'
[1.340s] INFO:colcon.colcon_core.shell:Skip shell extension 'powershell' for command environment: Not usable outside of PowerShell
[1.340s] DEBUG:colcon.colcon_core.shell:Skip shell extension 'dsv' for command environment
[1.728s] INFO:colcon.colcon_core.task.python.build:Building Python package in '/home/vom/Nano_Vision/src/IRCamera'
[1.760s] INFO:colcon.colcon_core.shell:Skip shell extension 'powershell' for command environment: Not usable outside of PowerShell
[1.760s] DEBUG:colcon.colcon_core.shell:Skip shell extension 'dsv' for command environment
[2.049s] INFO:colcon.colcon_core.task.python.build:Building Python package in '/home/vom/Nano_Vision/src/RGBCamera'
[2.066s] INFO:colcon.colcon_core.shell:Skip shell extension 'powershell' for command environment: Not usable outside of PowerShell
[2.066s] DEBUG:colcon.colcon_core.shell:Skip shell extension 'dsv' for command environment
[3.980s] DEBUG:colcon.colcon_core.event_handler.log_command:Invoking command in '/home/vom/Nano_Vision/build/RGBCamera': PYTHONPATH=/home/vom/Nano_Vision/build/RGBCamera/prefix_override:/home/vom/Nano_Vision/install/RGBCamera/lib/python3.10/site-packages:${PYTHONPATH} /usr/bin/python3 setup.py develop --editable --build-directory /home/vom/Nano_Vision/build/RGBCamera/build --no-deps install_data
[4.000s] DEBUG:colcon.colcon_core.event_handler.log_command:Invoking command in '/home/vom/Nano_Vision/build/IRCamera': PYTHONPATH=/home/vom/Nano_Vision/build/IRCamera/prefix_override:/home/vom/Nano_Vision/install/IRCamera/lib/python3.10/site-packages:${PYTHONPATH} /usr/bin/python3 setup.py develop --editable --build-directory /home/vom/Nano_Vision/build/IRCamera/build --no-deps install_data
[5.389s] Level 1:colcon.colcon_core.shell:create_environment_hook('RGBCamera', 'pythonpath_develop')
[5.389s] DEBUG:colcon.colcon_core.event_handler.log_command:Invoked command in '/home/vom/Nano_Vision/build/RGBCamera' returned '0': PYTHONPATH=/home/vom/Nano_Vision/build/RGBCamera/prefix_override:/home/vom/Nano_Vision/install/RGBCamera/lib/python3.10/site-packages:${PYTHONPATH} /usr/bin/python3 setup.py develop --editable --build-directory /home/vom/Nano_Vision/build/RGBCamera/build --no-deps install_data
[5.404s] INFO:colcon.colcon_core.shell:Creating environment hook '/home/vom/Nano_Vision/build/RGBCamera/share/RGBCamera/hook/pythonpath_develop.ps1'
[5.404s] INFO:colcon.colcon_core.shell:Creating environment descriptor '/home/vom/Nano_Vision/build/RGBCamera/share/RGBCamera/hook/pythonpath_develop.dsv'
[5.405s] INFO:colcon.colcon_core.shell:Creating environment hook '/home/vom/Nano_Vision/build/RGBCamera/share/RGBCamera/hook/pythonpath_develop.sh'
[5.421s] Level 1:colcon.colcon_core.environment:checking '/home/vom/Nano_Vision/install/RGBCamera' for CMake module files
[5.421s] Level 1:colcon.colcon_core.environment:checking '/home/vom/Nano_Vision/install/RGBCamera' for CMake config files
[5.421s] Level 1:colcon.colcon_core.environment:checking '/home/vom/Nano_Vision/install/RGBCamera/lib'
[5.422s] Level 1:colcon.colcon_core.environment:checking '/home/vom/Nano_Vision/install/RGBCamera/bin'
[5.422s] Level 1:colcon.colcon_core.environment:checking '/home/vom/Nano_Vision/install/RGBCamera/lib/pkgconfig/RGBCamera.pc'
[5.422s] Level 1:colcon.colcon_core.environment:checking '/home/vom/Nano_Vision/install/RGBCamera/lib/python3.10/site-packages'
[5.422s] Level 1:colcon.colcon_core.shell:create_environment_hook('RGBCamera', 'pythonpath')
[5.436s] INFO:colcon.colcon_core.shell:Creating environment hook '/home/vom/Nano_Vision/install/RGBCamera/share/RGBCamera/hook/pythonpath.ps1'
[5.437s] INFO:colcon.colcon_core.shell:Creating environment descriptor '/home/vom/Nano_Vision/install/RGBCamera/share/RGBCamera/hook/pythonpath.dsv'
[5.437s] INFO:colcon.colcon_core.shell:Creating environment hook '/home/vom/Nano_Vision/install/RGBCamera/share/RGBCamera/hook/pythonpath.sh'
[5.438s] Level 1:colcon.colcon_core.environment:checking '/home/vom/Nano_Vision/install/RGBCamera/bin'
[5.438s] Level 1:colcon.colcon_core.environment:create_environment_scripts_only(RGBCamera)
[5.453s] INFO:colcon.colcon_core.shell:Creating package script '/home/vom/Nano_Vision/install/RGBCamera/share/RGBCamera/package.ps1'
[5.453s] INFO:colcon.colcon_core.shell:Creating package descriptor '/home/vom/Nano_Vision/install/RGBCamera/share/RGBCamera/package.dsv'
[5.454s] INFO:colcon.colcon_core.shell:Creating package script '/home/vom/Nano_Vision/install/RGBCamera/share/RGBCamera/package.sh'
[5.455s] INFO:colcon.colcon_core.shell:Creating package script '/home/vom/Nano_Vision/install/RGBCamera/share/RGBCamera/package.bash'
[5.455s] INFO:colcon.colcon_core.shell:Creating package script '/home/vom/Nano_Vision/install/RGBCamera/share/RGBCamera/package.zsh'
[5.456s] Level 1:colcon.colcon_core.environment:create_file_with_runtime_dependencies(/home/vom/Nano_Vision/install/RGBCamera/share/colcon-core/packages/RGBCamera)
[5.457s] Level 1:colcon.colcon_core.shell:create_environment_hook('IRCamera', 'pythonpath_develop')
[5.458s] DEBUG:colcon.colcon_core.event_handler.log_command:Invoked command in '/home/vom/Nano_Vision/build/IRCamera' returned '0': PYTHONPATH=/home/vom/Nano_Vision/build/IRCamera/prefix_override:/home/vom/Nano_Vision/install/IRCamera/lib/python3.10/site-packages:${PYTHONPATH} /usr/bin/python3 setup.py develop --editable --build-directory /home/vom/Nano_Vision/build/IRCamera/build --no-deps install_data
[5.473s] INFO:colcon.colcon_core.shell:Creating environment hook '/home/vom/Nano_Vision/build/IRCamera/share/IRCamera/hook/pythonpath_develop.ps1'
[5.473s] INFO:colcon.colcon_core.shell:Creating environment descriptor '/home/vom/Nano_Vision/build/IRCamera/share/IRCamera/hook/pythonpath_develop.dsv'
[5.473s] INFO:colcon.colcon_core.shell:Creating environment hook '/home/vom/Nano_Vision/build/IRCamera/share/IRCamera/hook/pythonpath_develop.sh'
[5.495s] Level 1:colcon.colcon_core.environment:checking '/home/vom/Nano_Vision/install/IRCamera' for CMake module files
[5.495s] Level 1:colcon.colcon_core.environment:checking '/home/vom/Nano_Vision/install/IRCamera' for CMake config files
[5.496s] Level 1:colcon.colcon_core.environment:checking '/home/vom/Nano_Vision/install/IRCamera/lib'
[5.496s] Level 1:colcon.colcon_core.environment:checking '/home/vom/Nano_Vision/install/IRCamera/bin'
[5.496s] Level 1:colcon.colcon_core.environment:checking '/home/vom/Nano_Vision/install/IRCamera/lib/pkgconfig/IRCamera.pc'
[5.496s] Level 1:colcon.colcon_core.environment:checking '/home/vom/Nano_Vision/install/IRCamera/lib/python3.10/site-packages'
[5.496s] Level 1:colcon.colcon_core.shell:create_environment_hook('IRCamera', 'pythonpath')
[5.513s] INFO:colcon.colcon_core.shell:Creating environment hook '/home/vom/Nano_Vision/install/IRCamera/share/IRCamera/hook/pythonpath.ps1'
[5.514s] INFO:colcon.colcon_core.shell:Creating environment descriptor '/home/vom/Nano_Vision/install/IRCamera/share/IRCamera/hook/pythonpath.dsv'
[5.514s] INFO:colcon.colcon_core.shell:Creating environment hook '/home/vom/Nano_Vision/install/IRCamera/share/IRCamera/hook/pythonpath.sh'
[5.515s] Level 1:colcon.colcon_core.environment:checking '/home/vom/Nano_Vision/install/IRCamera/bin'
[5.515s] Level 1:colcon.colcon_core.environment:create_environment_scripts_only(IRCamera)
[5.533s] INFO:colcon.colcon_core.shell:Creating package script '/home/vom/Nano_Vision/install/IRCamera/share/IRCamera/package.ps1'
[5.534s] INFO:colcon.colcon_core.shell:Creating package descriptor '/home/vom/Nano_Vision/install/IRCamera/share/IRCamera/package.dsv'
[5.534s] INFO:colcon.colcon_core.shell:Creating package script '/home/vom/Nano_Vision/install/IRCamera/share/IRCamera/package.sh'
[5.535s] INFO:colcon.colcon_core.shell:Creating package script '/home/vom/Nano_Vision/install/IRCamera/share/IRCamera/package.bash'
[5.535s] INFO:colcon.colcon_core.shell:Creating package script '/home/vom/Nano_Vision/install/IRCamera/share/IRCamera/package.zsh'
[5.536s] Level 1:colcon.colcon_core.environment:create_file_with_runtime_dependencies(/home/vom/Nano_Vision/install/IRCamera/share/colcon-core/packages/IRCamera)
[5.536s] DEBUG:colcon.colcon_parallel_executor.executor.parallel:closing loop
[5.536s] DEBUG:colcon.colcon_parallel_executor.executor.parallel:loop closed
[5.536s] DEBUG:colcon.colcon_parallel_executor.executor.parallel:run_until_complete finished with '0'
[5.537s] DEBUG:colcon.colcon_core.event_reactor:joining thread
[5.559s] INFO:colcon.colcon_core.plugin_system:Skipping extension 'colcon_notification.desktop_notification.terminal_notifier': Not used on non-Darwin systems
[5.560s] INFO:colcon.colcon_core.plugin_system:Skipping extension 'colcon_notification.desktop_notification.win32': Not used on non-Windows systems
[5.560s] INFO:colcon.colcon_notification.desktop_notification:Sending desktop notification using 'notify2'
[5.578s] DEBUG:colcon.colcon_core.event_reactor:joined thread
[5.597s] INFO:colcon.colcon_core.shell:Creating prefix script '/home/vom/Nano_Vision/install/local_setup.ps1'
[5.599s] INFO:colcon.colcon_core.shell:Creating prefix util module '/home/vom/Nano_Vision/install/_local_setup_util_ps1.py'
[5.602s] INFO:colcon.colcon_core.shell:Creating prefix chain script '/home/vom/Nano_Vision/install/setup.ps1'
[5.626s] INFO:colcon.colcon_core.shell:Creating prefix script '/home/vom/Nano_Vision/install/local_setup.sh'
[5.627s] INFO:colcon.colcon_core.shell:Creating prefix util module '/home/vom/Nano_Vision/install/_local_setup_util_sh.py'
[5.627s] INFO:colcon.colcon_core.shell:Creating prefix chain script '/home/vom/Nano_Vision/install/setup.sh'
[5.643s] INFO:colcon.colcon_core.shell:Creating prefix script '/home/vom/Nano_Vision/install/local_setup.bash'
[5.643s] INFO:colcon.colcon_core.shell:Creating prefix chain script '/home/vom/Nano_Vision/install/setup.bash'
[5.658s] INFO:colcon.colcon_core.shell:Creating prefix script '/home/vom/Nano_Vision/install/local_setup.zsh'
[5.658s] INFO:colcon.colcon_core.shell:Creating prefix chain script '/home/vom/Nano_Vision/install/setup.zsh'
