[1.005s] DEBUG:colcon:Command line arguments: ['/usr/bin/colcon', 'build', '--symlink-install']
[1.005s] DEBUG:colcon:Parsed command line arguments: Namespace(log_base=None, log_level=None, verb_name='build', build_base='build', install_base='install', merge_install=False, symlink_install=True, test_result_base=None, continue_on_error=False, executor='parallel', parallel_workers=8, event_handlers=None, ignore_user_meta=False, metas=['./colcon.meta'], base_paths=['.'], packages_ignore=None, packages_ignore_regex=None, paths=None, packages_up_to=None, packages_up_to_regex=None, packages_above=None, packages_above_and_dependencies=None, packages_above_depth=None, packages_select_by_dep=None, packages_skip_by_dep=None, packages_skip_up_to=None, packages_select_build_failed=False, packages_skip_build_finished=False, packages_select_test_failures=False, packages_skip_test_passed=False, packages_select=None, packages_skip=None, packages_select_regex=None, packages_skip_regex=None, packages_start=None, packages_end=None, allow_overriding=[], cmake_args=None, cmake_target=None, cmake_target_skip_unavailable=False, cmake_clean_cache=False, cmake_clean_first=False, cmake_force_configure=False, ament_cmake_args=None, catkin_cmake_args=None, catkin_skip_building_tests=False, verb_parser=<colcon_defaults.argument_parser.defaults.DefaultArgumentsDecorator object at 0x7f346461b4f0>, verb_extension=<colcon_core.verb.build.BuildVerb object at 0x7f3464a87ac0>, main=<bound method BuildVerb.main of <colcon_core.verb.build.BuildVerb object at 0x7f3464a87ac0>>)
[1.048s] Level 1:colcon.colcon_core.package_discovery:discover_packages(colcon_meta) check parameters
[1.062s] Level 1:colcon.colcon_core.package_discovery:discover_packages(recursive) check parameters
[1.062s] Level 1:colcon.colcon_core.package_discovery:discover_packages(ignore) check parameters
[1.062s] Level 1:colcon.colcon_core.package_discovery:discover_packages(path) check parameters
[1.062s] Level 1:colcon.colcon_core.package_discovery:discover_packages(colcon_meta) discover
[1.062s] Level 1:colcon.colcon_core.package_discovery:discover_packages(recursive) discover
[1.062s] INFO:colcon.colcon_core.package_discovery:Crawling recursively for packages in '/home/vom/Nano_Vision'
[1.062s] Level 1:colcon.colcon_core.package_identification:_identify(.) by extensions ['ignore', 'ignore_ament_install']
[1.062s] Level 1:colcon.colcon_core.package_identification:_identify(.) by extension 'ignore'
[1.062s] Level 1:colcon.colcon_core.package_identification:_identify(.) by extension 'ignore_ament_install'
[1.062s] Level 1:colcon.colcon_core.package_identification:_identify(.) by extensions ['colcon_pkg']
[1.062s] Level 1:colcon.colcon_core.package_identification:_identify(.) by extension 'colcon_pkg'
[1.062s] Level 1:colcon.colcon_core.package_identification:_identify(.) by extensions ['colcon_meta']
[1.062s] Level 1:colcon.colcon_core.package_identification:_identify(.) by extension 'colcon_meta'
[1.062s] Level 1:colcon.colcon_core.package_identification:_identify(.) by extensions ['ros']
[1.062s] Level 1:colcon.colcon_core.package_identification:_identify(.) by extension 'ros'
[1.071s] Level 1:colcon.colcon_core.package_identification:_identify(.) by extensions ['cmake', 'python']
[1.071s] Level 1:colcon.colcon_core.package_identification:_identify(.) by extension 'cmake'
[1.071s] Level 1:colcon.colcon_core.package_identification:_identify(.) by extension 'python'
[1.071s] Level 1:colcon.colcon_core.package_identification:_identify(.) by extensions ['python_setup_py']
[1.071s] Level 1:colcon.colcon_core.package_identification:_identify(.) by extension 'python_setup_py'
[1.071s] Level 1:colcon.colcon_core.package_identification:_identify(build) by extensions ['ignore', 'ignore_ament_install']
[1.072s] Level 1:colcon.colcon_core.package_identification:_identify(build) by extension 'ignore'
[1.072s] Level 1:colcon.colcon_core.package_identification:_identify(build) ignored
[1.072s] Level 1:colcon.colcon_core.package_identification:_identify(install) by extensions ['ignore', 'ignore_ament_install']
[1.072s] Level 1:colcon.colcon_core.package_identification:_identify(install) by extension 'ignore'
[1.072s] Level 1:colcon.colcon_core.package_identification:_identify(install) ignored
[1.072s] Level 1:colcon.colcon_core.package_identification:_identify(log) by extensions ['ignore', 'ignore_ament_install']
[1.072s] Level 1:colcon.colcon_core.package_identification:_identify(log) by extension 'ignore'
[1.072s] Level 1:colcon.colcon_core.package_identification:_identify(log) ignored
[1.072s] Level 1:colcon.colcon_core.package_identification:_identify(src) by extensions ['ignore', 'ignore_ament_install']
[1.072s] Level 1:colcon.colcon_core.package_identification:_identify(src) by extension 'ignore'
[1.072s] Level 1:colcon.colcon_core.package_identification:_identify(src) by extension 'ignore_ament_install'
[1.072s] Level 1:colcon.colcon_core.package_identification:_identify(src) by extensions ['colcon_pkg']
[1.072s] Level 1:colcon.colcon_core.package_identification:_identify(src) by extension 'colcon_pkg'
[1.072s] Level 1:colcon.colcon_core.package_identification:_identify(src) by extensions ['colcon_meta']
[1.072s] Level 1:colcon.colcon_core.package_identification:_identify(src) by extension 'colcon_meta'
[1.072s] Level 1:colcon.colcon_core.package_identification:_identify(src) by extensions ['ros']
[1.072s] Level 1:colcon.colcon_core.package_identification:_identify(src) by extension 'ros'
[1.073s] Level 1:colcon.colcon_core.package_identification:_identify(src) by extensions ['cmake', 'python']
[1.073s] Level 1:colcon.colcon_core.package_identification:_identify(src) by extension 'cmake'
[1.073s] Level 1:colcon.colcon_core.package_identification:_identify(src) by extension 'python'
[1.073s] Level 1:colcon.colcon_core.package_identification:_identify(src) by extensions ['python_setup_py']
[1.073s] Level 1:colcon.colcon_core.package_identification:_identify(src) by extension 'python_setup_py'
[1.073s] Level 1:colcon.colcon_core.package_identification:_identify(src/ir_camera) by extensions ['ignore', 'ignore_ament_install']
[1.073s] Level 1:colcon.colcon_core.package_identification:_identify(src/ir_camera) by extension 'ignore'
[1.073s] Level 1:colcon.colcon_core.package_identification:_identify(src/ir_camera) by extension 'ignore_ament_install'
[1.073s] Level 1:colcon.colcon_core.package_identification:_identify(src/ir_camera) by extensions ['colcon_pkg']
[1.073s] Level 1:colcon.colcon_core.package_identification:_identify(src/ir_camera) by extension 'colcon_pkg'
[1.073s] Level 1:colcon.colcon_core.package_identification:_identify(src/ir_camera) by extensions ['colcon_meta']
[1.073s] Level 1:colcon.colcon_core.package_identification:_identify(src/ir_camera) by extension 'colcon_meta'
[1.073s] Level 1:colcon.colcon_core.package_identification:_identify(src/ir_camera) by extensions ['ros']
[1.073s] Level 1:colcon.colcon_core.package_identification:_identify(src/ir_camera) by extension 'ros'
[1.075s] DEBUG:colcon.colcon_core.package_identification:Package 'src/ir_camera' with type 'ros.ament_python' and name 'ir_camera'
[1.075s] Level 1:colcon.colcon_core.package_identification:_identify(src/rgb_camera) by extensions ['ignore', 'ignore_ament_install']
[1.075s] Level 1:colcon.colcon_core.package_identification:_identify(src/rgb_camera) by extension 'ignore'
[1.075s] Level 1:colcon.colcon_core.package_identification:_identify(src/rgb_camera) by extension 'ignore_ament_install'
[1.076s] Level 1:colcon.colcon_core.package_identification:_identify(src/rgb_camera) by extensions ['colcon_pkg']
[1.076s] Level 1:colcon.colcon_core.package_identification:_identify(src/rgb_camera) by extension 'colcon_pkg'
[1.076s] Level 1:colcon.colcon_core.package_identification:_identify(src/rgb_camera) by extensions ['colcon_meta']
[1.076s] Level 1:colcon.colcon_core.package_identification:_identify(src/rgb_camera) by extension 'colcon_meta'
[1.076s] Level 1:colcon.colcon_core.package_identification:_identify(src/rgb_camera) by extensions ['ros']
[1.076s] Level 1:colcon.colcon_core.package_identification:_identify(src/rgb_camera) by extension 'ros'
[1.076s] DEBUG:colcon.colcon_core.package_identification:Package 'src/rgb_camera' with type 'ros.ament_python' and name 'rgb_camera'
[1.076s] Level 1:colcon.colcon_core.package_identification:_identify(src/yansa_vision_bringup) by extensions ['ignore', 'ignore_ament_install']
[1.076s] Level 1:colcon.colcon_core.package_identification:_identify(src/yansa_vision_bringup) by extension 'ignore'
[1.077s] Level 1:colcon.colcon_core.package_identification:_identify(src/yansa_vision_bringup) by extension 'ignore_ament_install'
[1.077s] Level 1:colcon.colcon_core.package_identification:_identify(src/yansa_vision_bringup) by extensions ['colcon_pkg']
[1.077s] Level 1:colcon.colcon_core.package_identification:_identify(src/yansa_vision_bringup) by extension 'colcon_pkg'
[1.077s] Level 1:colcon.colcon_core.package_identification:_identify(src/yansa_vision_bringup) by extensions ['colcon_meta']
[1.077s] Level 1:colcon.colcon_core.package_identification:_identify(src/yansa_vision_bringup) by extension 'colcon_meta'
[1.077s] Level 1:colcon.colcon_core.package_identification:_identify(src/yansa_vision_bringup) by extensions ['ros']
[1.077s] Level 1:colcon.colcon_core.package_identification:_identify(src/yansa_vision_bringup) by extension 'ros'
[1.077s] DEBUG:colcon.colcon_core.package_identification:Package 'src/yansa_vision_bringup' with type 'ros.ament_cmake' and name 'yansa_vision_bringup'
[1.077s] Level 1:colcon.colcon_core.package_discovery:discover_packages(recursive) using defaults
[1.077s] Level 1:colcon.colcon_core.package_discovery:discover_packages(ignore) discover
[1.077s] Level 1:colcon.colcon_core.package_discovery:discover_packages(ignore) using defaults
[1.077s] Level 1:colcon.colcon_core.package_discovery:discover_packages(path) discover
[1.077s] Level 1:colcon.colcon_core.package_discovery:discover_packages(path) using defaults
[1.161s] Level 1:colcon.colcon_core.package_discovery:discover_packages(prefix_path) check parameters
[1.161s] Level 1:colcon.colcon_core.package_discovery:discover_packages(prefix_path) discover
[1.191s] DEBUG:colcon.colcon_installed_package_information.package_discovery:Found 6 installed packages in /home/vom/Nano_Vision/install
[1.205s] DEBUG:colcon.colcon_installed_package_information.package_discovery:Found 5 installed packages in /home/vom/ros2_ws/install
[1.219s] DEBUG:colcon.colcon_installed_package_information.package_discovery:Found 2 installed packages in /home/vom/RasPi_LiDAR/install
[1.233s] DEBUG:colcon.colcon_installed_package_information.package_discovery:Found 282 installed packages in /opt/ros/humble
[1.234s] Level 1:colcon.colcon_core.package_discovery:discover_packages(prefix_path) using defaults
[1.312s] Level 5:colcon.colcon_core.verb:set package 'ir_camera' build argument 'cmake_args' from command line to 'None'
[1.312s] Level 5:colcon.colcon_core.verb:set package 'ir_camera' build argument 'cmake_target' from command line to 'None'
[1.312s] Level 5:colcon.colcon_core.verb:set package 'ir_camera' build argument 'cmake_target_skip_unavailable' from command line to 'False'
[1.312s] Level 5:colcon.colcon_core.verb:set package 'ir_camera' build argument 'cmake_clean_cache' from command line to 'False'
[1.312s] Level 5:colcon.colcon_core.verb:set package 'ir_camera' build argument 'cmake_clean_first' from command line to 'False'
[1.312s] Level 5:colcon.colcon_core.verb:set package 'ir_camera' build argument 'cmake_force_configure' from command line to 'False'
[1.312s] Level 5:colcon.colcon_core.verb:set package 'ir_camera' build argument 'ament_cmake_args' from command line to 'None'
[1.312s] Level 5:colcon.colcon_core.verb:set package 'ir_camera' build argument 'catkin_cmake_args' from command line to 'None'
[1.312s] Level 5:colcon.colcon_core.verb:set package 'ir_camera' build argument 'catkin_skip_building_tests' from command line to 'False'
[1.312s] DEBUG:colcon.colcon_core.verb:Building package 'ir_camera' with the following arguments: {'ament_cmake_args': None, 'build_base': '/home/vom/Nano_Vision/build/ir_camera', 'catkin_cmake_args': None, 'catkin_skip_building_tests': False, 'cmake_args': None, 'cmake_clean_cache': False, 'cmake_clean_first': False, 'cmake_force_configure': False, 'cmake_target': None, 'cmake_target_skip_unavailable': False, 'install_base': '/home/vom/Nano_Vision/install/ir_camera', 'merge_install': False, 'path': '/home/vom/Nano_Vision/src/ir_camera', 'symlink_install': True, 'test_result_base': None}
[1.325s] Level 5:colcon.colcon_core.verb:set package 'rgb_camera' build argument 'cmake_args' from command line to 'None'
[1.325s] Level 5:colcon.colcon_core.verb:set package 'rgb_camera' build argument 'cmake_target' from command line to 'None'
[1.325s] Level 5:colcon.colcon_core.verb:set package 'rgb_camera' build argument 'cmake_target_skip_unavailable' from command line to 'False'
[1.325s] Level 5:colcon.colcon_core.verb:set package 'rgb_camera' build argument 'cmake_clean_cache' from command line to 'False'
[1.325s] Level 5:colcon.colcon_core.verb:set package 'rgb_camera' build argument 'cmake_clean_first' from command line to 'False'
[1.325s] Level 5:colcon.colcon_core.verb:set package 'rgb_camera' build argument 'cmake_force_configure' from command line to 'False'
[1.326s] Level 5:colcon.colcon_core.verb:set package 'rgb_camera' build argument 'ament_cmake_args' from command line to 'None'
[1.326s] Level 5:colcon.colcon_core.verb:set package 'rgb_camera' build argument 'catkin_cmake_args' from command line to 'None'
[1.326s] Level 5:colcon.colcon_core.verb:set package 'rgb_camera' build argument 'catkin_skip_building_tests' from command line to 'False'
[1.326s] DEBUG:colcon.colcon_core.verb:Building package 'rgb_camera' with the following arguments: {'ament_cmake_args': None, 'build_base': '/home/vom/Nano_Vision/build/rgb_camera', 'catkin_cmake_args': None, 'catkin_skip_building_tests': False, 'cmake_args': None, 'cmake_clean_cache': False, 'cmake_clean_first': False, 'cmake_force_configure': False, 'cmake_target': None, 'cmake_target_skip_unavailable': False, 'install_base': '/home/vom/Nano_Vision/install/rgb_camera', 'merge_install': False, 'path': '/home/vom/Nano_Vision/src/rgb_camera', 'symlink_install': True, 'test_result_base': None}
[1.339s] Level 5:colcon.colcon_core.verb:set package 'yansa_vision_bringup' build argument 'cmake_args' from command line to 'None'
[1.339s] Level 5:colcon.colcon_core.verb:set package 'yansa_vision_bringup' build argument 'cmake_target' from command line to 'None'
[1.339s] Level 5:colcon.colcon_core.verb:set package 'yansa_vision_bringup' build argument 'cmake_target_skip_unavailable' from command line to 'False'
[1.339s] Level 5:colcon.colcon_core.verb:set package 'yansa_vision_bringup' build argument 'cmake_clean_cache' from command line to 'False'
[1.339s] Level 5:colcon.colcon_core.verb:set package 'yansa_vision_bringup' build argument 'cmake_clean_first' from command line to 'False'
[1.339s] Level 5:colcon.colcon_core.verb:set package 'yansa_vision_bringup' build argument 'cmake_force_configure' from command line to 'False'
[1.339s] Level 5:colcon.colcon_core.verb:set package 'yansa_vision_bringup' build argument 'ament_cmake_args' from command line to 'None'
[1.339s] Level 5:colcon.colcon_core.verb:set package 'yansa_vision_bringup' build argument 'catkin_cmake_args' from command line to 'None'
[1.339s] Level 5:colcon.colcon_core.verb:set package 'yansa_vision_bringup' build argument 'catkin_skip_building_tests' from command line to 'False'
[1.339s] DEBUG:colcon.colcon_core.verb:Building package 'yansa_vision_bringup' with the following arguments: {'ament_cmake_args': None, 'build_base': '/home/vom/Nano_Vision/build/yansa_vision_bringup', 'catkin_cmake_args': None, 'catkin_skip_building_tests': False, 'cmake_args': None, 'cmake_clean_cache': False, 'cmake_clean_first': False, 'cmake_force_configure': False, 'cmake_target': None, 'cmake_target_skip_unavailable': False, 'install_base': '/home/vom/Nano_Vision/install/yansa_vision_bringup', 'merge_install': False, 'path': '/home/vom/Nano_Vision/src/yansa_vision_bringup', 'symlink_install': True, 'test_result_base': None}
[1.352s] INFO:colcon.colcon_core.executor:Executing jobs using 'parallel' executor
[1.366s] DEBUG:colcon.colcon_parallel_executor.executor.parallel:run_until_complete
[1.366s] INFO:colcon.colcon_ros.task.ament_python.build:Building ROS package in '/home/vom/Nano_Vision/src/ir_camera' with build type 'ament_python'
[1.366s] Level 1:colcon.colcon_core.shell:create_environment_hook('ir_camera', 'ament_prefix_path')
[1.382s] INFO:colcon.colcon_core.plugin_system:Skipping extension 'colcon_core.shell.bat': Not used on non-Windows systems
[1.382s] INFO:colcon.colcon_core.shell:Creating environment hook '/home/vom/Nano_Vision/install/ir_camera/share/ir_camera/hook/ament_prefix_path.ps1'
[1.383s] INFO:colcon.colcon_core.shell:Creating environment descriptor '/home/vom/Nano_Vision/install/ir_camera/share/ir_camera/hook/ament_prefix_path.dsv'
[1.383s] INFO:colcon.colcon_core.shell:Creating environment hook '/home/vom/Nano_Vision/install/ir_camera/share/ir_camera/hook/ament_prefix_path.sh'
[1.414s] INFO:colcon.colcon_core.shell:Skip shell extension 'powershell' for command environment: Not usable outside of PowerShell
[1.414s] DEBUG:colcon.colcon_core.shell:Skip shell extension 'dsv' for command environment
[1.487s] INFO:colcon.colcon_ros.task.ament_python.build:Building ROS package in '/home/vom/Nano_Vision/src/rgb_camera' with build type 'ament_python'
[1.488s] Level 1:colcon.colcon_core.shell:create_environment_hook('rgb_camera', 'ament_prefix_path')
[1.504s] INFO:colcon.colcon_core.shell:Creating environment hook '/home/vom/Nano_Vision/install/rgb_camera/share/rgb_camera/hook/ament_prefix_path.ps1'
[1.504s] INFO:colcon.colcon_core.shell:Creating environment descriptor '/home/vom/Nano_Vision/install/rgb_camera/share/rgb_camera/hook/ament_prefix_path.dsv'
[1.505s] INFO:colcon.colcon_core.shell:Creating environment hook '/home/vom/Nano_Vision/install/rgb_camera/share/rgb_camera/hook/ament_prefix_path.sh'
[1.528s] INFO:colcon.colcon_core.shell:Skip shell extension 'powershell' for command environment: Not usable outside of PowerShell
[1.528s] DEBUG:colcon.colcon_core.shell:Skip shell extension 'dsv' for command environment
[1.866s] INFO:colcon.colcon_core.task.python.build:Building Python package in '/home/vom/Nano_Vision/src/ir_camera'
[1.880s] INFO:colcon.colcon_core.shell:Skip shell extension 'powershell' for command environment: Not usable outside of PowerShell
[1.881s] DEBUG:colcon.colcon_core.shell:Skip shell extension 'dsv' for command environment
[2.215s] INFO:colcon.colcon_core.task.python.build:Building Python package in '/home/vom/Nano_Vision/src/rgb_camera'
[2.230s] INFO:colcon.colcon_core.shell:Skip shell extension 'powershell' for command environment: Not usable outside of PowerShell
[2.230s] DEBUG:colcon.colcon_core.shell:Skip shell extension 'dsv' for command environment
[2.745s] DEBUG:colcon.colcon_core.task.python.build:While undoing a previous installation files outside the Python library path are being ignored: /home/vom/Nano_Vision/install/rgb_camera/share/ament_index/resource_index/packages/rgb_camera
[2.745s] DEBUG:colcon.colcon_core.task.python.build:While undoing a previous installation files outside the Python library path are being ignored: /home/vom/Nano_Vision/install/rgb_camera/share/rgb_camera/package.xml
[2.745s] DEBUG:colcon.colcon_core.task.python.build:While undoing a previous installation files outside the Python library path are being ignored: /home/vom/Nano_Vision/install/rgb_camera/lib/rgb_camera/asynchronous_opencv_grab
[2.745s] DEBUG:colcon.colcon_core.task.python.build:While undoing a previous installation files outside the Python library path are being ignored: /home/vom/Nano_Vision/install/rgb_camera/lib/rgb_camera/rgb_grab
[2.747s] DEBUG:colcon.colcon_core.event_handler.log_command:Invoking command in '/home/vom/Nano_Vision/build/rgb_camera': PYTHONPATH=/home/vom/Nano_Vision/build/rgb_camera/prefix_override:/home/vom/Nano_Vision/install/rgb_camera/lib/python3.10/site-packages:${PYTHONPATH} /usr/bin/python3 setup.py develop --editable --build-directory /home/vom/Nano_Vision/build/rgb_camera/build --no-deps install_data
[2.753s] DEBUG:colcon.colcon_core.task.python.build:While undoing a previous installation files outside the Python library path are being ignored: /home/vom/Nano_Vision/install/ir_camera/share/ament_index/resource_index/packages/ir_camera
[2.753s] DEBUG:colcon.colcon_core.task.python.build:While undoing a previous installation files outside the Python library path are being ignored: /home/vom/Nano_Vision/install/ir_camera/share/ir_camera/package.xml
[2.754s] DEBUG:colcon.colcon_core.task.python.build:While undoing a previous installation files outside the Python library path are being ignored: /home/vom/Nano_Vision/install/ir_camera/lib/ir_camera/ir_grab
[2.754s] DEBUG:colcon.colcon_core.task.python.build:While undoing a previous installation files outside the Python library path are being ignored: /home/vom/Nano_Vision/install/ir_camera/lib/ir_camera/ir_pub
[2.754s] DEBUG:colcon.colcon_core.task.python.build:While undoing a previous installation files outside the Python library path are being ignored: /home/vom/Nano_Vision/install/ir_camera/lib/ir_camera/ir_sub
[2.755s] DEBUG:colcon.colcon_core.event_handler.log_command:Invoking command in '/home/vom/Nano_Vision/build/ir_camera': PYTHONPATH=/home/vom/Nano_Vision/build/ir_camera/prefix_override:/home/vom/Nano_Vision/install/ir_camera/lib/python3.10/site-packages:${PYTHONPATH} /usr/bin/python3 setup.py develop --editable --build-directory /home/vom/Nano_Vision/build/ir_camera/build --no-deps install_data
[3.252s] Level 1:colcon.colcon_core.shell:create_environment_hook('rgb_camera', 'pythonpath_develop')
[3.253s] DEBUG:colcon.colcon_core.event_handler.log_command:Invoked command in '/home/vom/Nano_Vision/build/rgb_camera' returned '0': PYTHONPATH=/home/vom/Nano_Vision/build/rgb_camera/prefix_override:/home/vom/Nano_Vision/install/rgb_camera/lib/python3.10/site-packages:${PYTHONPATH} /usr/bin/python3 setup.py develop --editable --build-directory /home/vom/Nano_Vision/build/rgb_camera/build --no-deps install_data
[3.269s] INFO:colcon.colcon_core.shell:Creating environment hook '/home/vom/Nano_Vision/build/rgb_camera/share/rgb_camera/hook/pythonpath_develop.ps1'
[3.270s] INFO:colcon.colcon_core.shell:Creating environment descriptor '/home/vom/Nano_Vision/build/rgb_camera/share/rgb_camera/hook/pythonpath_develop.dsv'
[3.270s] INFO:colcon.colcon_core.shell:Creating environment hook '/home/vom/Nano_Vision/build/rgb_camera/share/rgb_camera/hook/pythonpath_develop.sh'
[3.287s] Level 1:colcon.colcon_core.environment:checking '/home/vom/Nano_Vision/install/rgb_camera' for CMake module files
[3.287s] Level 1:colcon.colcon_core.environment:checking '/home/vom/Nano_Vision/install/rgb_camera' for CMake config files
[3.288s] Level 1:colcon.colcon_core.environment:checking '/home/vom/Nano_Vision/install/rgb_camera/lib'
[3.288s] Level 1:colcon.colcon_core.environment:checking '/home/vom/Nano_Vision/install/rgb_camera/bin'
[3.288s] Level 1:colcon.colcon_core.environment:checking '/home/vom/Nano_Vision/install/rgb_camera/lib/pkgconfig/rgb_camera.pc'
[3.288s] Level 1:colcon.colcon_core.environment:checking '/home/vom/Nano_Vision/install/rgb_camera/lib/python3.10/site-packages'
[3.288s] Level 1:colcon.colcon_core.shell:create_environment_hook('rgb_camera', 'pythonpath')
[3.302s] INFO:colcon.colcon_core.shell:Creating environment hook '/home/vom/Nano_Vision/install/rgb_camera/share/rgb_camera/hook/pythonpath.ps1'
[3.303s] INFO:colcon.colcon_core.shell:Creating environment descriptor '/home/vom/Nano_Vision/install/rgb_camera/share/rgb_camera/hook/pythonpath.dsv'
[3.303s] INFO:colcon.colcon_core.shell:Creating environment hook '/home/vom/Nano_Vision/install/rgb_camera/share/rgb_camera/hook/pythonpath.sh'
[3.303s] Level 1:colcon.colcon_core.environment:checking '/home/vom/Nano_Vision/install/rgb_camera/bin'
[3.303s] Level 1:colcon.colcon_core.environment:create_environment_scripts_only(rgb_camera)
[3.317s] INFO:colcon.colcon_core.shell:Creating package script '/home/vom/Nano_Vision/install/rgb_camera/share/rgb_camera/package.ps1'
[3.318s] INFO:colcon.colcon_core.shell:Creating package descriptor '/home/vom/Nano_Vision/install/rgb_camera/share/rgb_camera/package.dsv'
[3.320s] INFO:colcon.colcon_core.shell:Creating package script '/home/vom/Nano_Vision/install/rgb_camera/share/rgb_camera/package.sh'
[3.320s] INFO:colcon.colcon_core.shell:Creating package script '/home/vom/Nano_Vision/install/rgb_camera/share/rgb_camera/package.bash'
[3.321s] INFO:colcon.colcon_core.shell:Creating package script '/home/vom/Nano_Vision/install/rgb_camera/share/rgb_camera/package.zsh'
[3.322s] Level 1:colcon.colcon_core.environment:create_file_with_runtime_dependencies(/home/vom/Nano_Vision/install/rgb_camera/share/colcon-core/packages/rgb_camera)
[3.324s] Level 1:colcon.colcon_core.shell:create_environment_hook('ir_camera', 'pythonpath_develop')
[3.324s] DEBUG:colcon.colcon_core.event_handler.log_command:Invoked command in '/home/vom/Nano_Vision/build/ir_camera' returned '0': PYTHONPATH=/home/vom/Nano_Vision/build/ir_camera/prefix_override:/home/vom/Nano_Vision/install/ir_camera/lib/python3.10/site-packages:${PYTHONPATH} /usr/bin/python3 setup.py develop --editable --build-directory /home/vom/Nano_Vision/build/ir_camera/build --no-deps install_data
[3.339s] INFO:colcon.colcon_core.shell:Creating environment hook '/home/vom/Nano_Vision/build/ir_camera/share/ir_camera/hook/pythonpath_develop.ps1'
[3.339s] INFO:colcon.colcon_core.shell:Creating environment descriptor '/home/vom/Nano_Vision/build/ir_camera/share/ir_camera/hook/pythonpath_develop.dsv'
[3.339s] INFO:colcon.colcon_core.shell:Creating environment hook '/home/vom/Nano_Vision/build/ir_camera/share/ir_camera/hook/pythonpath_develop.sh'
[3.357s] Level 1:colcon.colcon_core.environment:checking '/home/vom/Nano_Vision/install/ir_camera' for CMake module files
[3.358s] Level 1:colcon.colcon_core.environment:checking '/home/vom/Nano_Vision/install/ir_camera' for CMake config files
[3.358s] Level 1:colcon.colcon_core.environment:checking '/home/vom/Nano_Vision/install/ir_camera/lib'
[3.358s] Level 1:colcon.colcon_core.environment:checking '/home/vom/Nano_Vision/install/ir_camera/bin'
[3.358s] Level 1:colcon.colcon_core.environment:checking '/home/vom/Nano_Vision/install/ir_camera/lib/pkgconfig/ir_camera.pc'
[3.358s] Level 1:colcon.colcon_core.environment:checking '/home/vom/Nano_Vision/install/ir_camera/lib/python3.10/site-packages'
[3.358s] Level 1:colcon.colcon_core.shell:create_environment_hook('ir_camera', 'pythonpath')
[3.372s] INFO:colcon.colcon_core.shell:Creating environment hook '/home/vom/Nano_Vision/install/ir_camera/share/ir_camera/hook/pythonpath.ps1'
[3.373s] INFO:colcon.colcon_core.shell:Creating environment descriptor '/home/vom/Nano_Vision/install/ir_camera/share/ir_camera/hook/pythonpath.dsv'
[3.373s] INFO:colcon.colcon_core.shell:Creating environment hook '/home/vom/Nano_Vision/install/ir_camera/share/ir_camera/hook/pythonpath.sh'
[3.374s] Level 1:colcon.colcon_core.environment:checking '/home/vom/Nano_Vision/install/ir_camera/bin'
[3.374s] Level 1:colcon.colcon_core.environment:create_environment_scripts_only(ir_camera)
[3.388s] INFO:colcon.colcon_core.shell:Creating package script '/home/vom/Nano_Vision/install/ir_camera/share/ir_camera/package.ps1'
[3.389s] INFO:colcon.colcon_core.shell:Creating package descriptor '/home/vom/Nano_Vision/install/ir_camera/share/ir_camera/package.dsv'
[3.389s] INFO:colcon.colcon_core.shell:Creating package script '/home/vom/Nano_Vision/install/ir_camera/share/ir_camera/package.sh'
[3.390s] INFO:colcon.colcon_core.shell:Creating package script '/home/vom/Nano_Vision/install/ir_camera/share/ir_camera/package.bash'
[3.390s] INFO:colcon.colcon_core.shell:Creating package script '/home/vom/Nano_Vision/install/ir_camera/share/ir_camera/package.zsh'
[3.390s] Level 1:colcon.colcon_core.environment:create_file_with_runtime_dependencies(/home/vom/Nano_Vision/install/ir_camera/share/colcon-core/packages/ir_camera)
[3.391s] INFO:colcon.colcon_ros.task.ament_cmake.build:Building ROS package in '/home/vom/Nano_Vision/src/yansa_vision_bringup' with build type 'ament_cmake'
[3.391s] INFO:colcon.colcon_cmake.task.cmake.build:Building CMake package in '/home/vom/Nano_Vision/src/yansa_vision_bringup'
[3.407s] INFO:colcon.colcon_core.shell:Skip shell extension 'powershell' for command environment: Not usable outside of PowerShell
[3.407s] DEBUG:colcon.colcon_core.shell:Skip shell extension 'dsv' for command environment
[3.501s] DEBUG:colcon.colcon_core.event_handler.log_command:Invoking command in '/home/vom/Nano_Vision/build/yansa_vision_bringup': AMENT_PREFIX_PATH=/home/vom/Nano_Vision/install/rgb_camera:/home/vom/Nano_Vision/install/ir_camera:/home/vom/ros2_ws/install/yansa_vision_bringup:/home/vom/ros2_ws/install/velodyne_lidar_bringup:/home/vom/ros2_ws/install/velodyne_lidar:/home/vom/ros2_ws/install/rgb_camera:/home/vom/ros2_ws/install/ir_camera:/home/vom/RasPi_LiDAR/install/velodyne_lidar_bringup:/home/vom/RasPi_LiDAR/install/velodyne_lidar:/home/vom/Nano_Vision/install/yansa_vision_bringup:/opt/ros/humble CMAKE_PREFIX_PATH=${CMAKE_PREFIX_PATH}:/home/vom/ros2_ws/install/velodyne_lidar:/home/vom/ros2_ws/install/rgb_camera:/home/vom/ros2_ws/install/ir_camera:/home/vom/RasPi_LiDAR/install/velodyne_lidar:/home/vom/Nano_Vision/install/rgb_camera:/home/vom/Nano_Vision/install/ir_camera:/opt/ros/humble PYTHONPATH=/home/vom/Nano_Vision/build/rgb_camera:/home/vom/Nano_Vision/install/rgb_camera/lib/python3.10/site-packages:/home/vom/Nano_Vision/build/ir_camera:/home/vom/Nano_Vision/install/ir_camera/lib/python3.10/site-packages:/home/vom/ros2_ws/build/velodyne_lidar:/home/vom/ros2_ws/install/velodyne_lidar/lib/python3.10/site-packages:/home/vom/ros2_ws/build/rgb_camera:/home/vom/ros2_ws/install/rgb_camera/lib/python3.10/site-packages:/home/vom/ros2_ws/build/ir_camera:/home/vom/ros2_ws/install/ir_camera/lib/python3.10/site-packages:/home/vom/RasPi_LiDAR/install/velodyne_lidar/lib/python3.10/site-packages:/opt/ros/humble/lib/python3.10/site-packages:/opt/ros/humble/local/lib/python3.10/dist-packages /usr/bin/cmake /home/vom/Nano_Vision/src/yansa_vision_bringup -DAMENT_CMAKE_SYMLINK_INSTALL=1 -DCMAKE_INSTALL_PREFIX=/home/vom/Nano_Vision/install/yansa_vision_bringup
[3.748s] DEBUG:colcon.colcon_core.event_handler.log_command:Invoked command in '/home/vom/Nano_Vision/build/yansa_vision_bringup' returned '0': AMENT_PREFIX_PATH=/home/vom/Nano_Vision/install/rgb_camera:/home/vom/Nano_Vision/install/ir_camera:/home/vom/ros2_ws/install/yansa_vision_bringup:/home/vom/ros2_ws/install/velodyne_lidar_bringup:/home/vom/ros2_ws/install/velodyne_lidar:/home/vom/ros2_ws/install/rgb_camera:/home/vom/ros2_ws/install/ir_camera:/home/vom/RasPi_LiDAR/install/velodyne_lidar_bringup:/home/vom/RasPi_LiDAR/install/velodyne_lidar:/home/vom/Nano_Vision/install/yansa_vision_bringup:/opt/ros/humble CMAKE_PREFIX_PATH=${CMAKE_PREFIX_PATH}:/home/vom/ros2_ws/install/velodyne_lidar:/home/vom/ros2_ws/install/rgb_camera:/home/vom/ros2_ws/install/ir_camera:/home/vom/RasPi_LiDAR/install/velodyne_lidar:/home/vom/Nano_Vision/install/rgb_camera:/home/vom/Nano_Vision/install/ir_camera:/opt/ros/humble PYTHONPATH=/home/vom/Nano_Vision/build/rgb_camera:/home/vom/Nano_Vision/install/rgb_camera/lib/python3.10/site-packages:/home/vom/Nano_Vision/build/ir_camera:/home/vom/Nano_Vision/install/ir_camera/lib/python3.10/site-packages:/home/vom/ros2_ws/build/velodyne_lidar:/home/vom/ros2_ws/install/velodyne_lidar/lib/python3.10/site-packages:/home/vom/ros2_ws/build/rgb_camera:/home/vom/ros2_ws/install/rgb_camera/lib/python3.10/site-packages:/home/vom/ros2_ws/build/ir_camera:/home/vom/ros2_ws/install/ir_camera/lib/python3.10/site-packages:/home/vom/RasPi_LiDAR/install/velodyne_lidar/lib/python3.10/site-packages:/opt/ros/humble/lib/python3.10/site-packages:/opt/ros/humble/local/lib/python3.10/dist-packages /usr/bin/cmake /home/vom/Nano_Vision/src/yansa_vision_bringup -DAMENT_CMAKE_SYMLINK_INSTALL=1 -DCMAKE_INSTALL_PREFIX=/home/vom/Nano_Vision/install/yansa_vision_bringup
[3.750s] DEBUG:colcon.colcon_core.event_handler.log_command:Invoking command in '/home/vom/Nano_Vision/build/yansa_vision_bringup': AMENT_PREFIX_PATH=/home/vom/Nano_Vision/install/rgb_camera:/home/vom/Nano_Vision/install/ir_camera:/home/vom/ros2_ws/install/yansa_vision_bringup:/home/vom/ros2_ws/install/velodyne_lidar_bringup:/home/vom/ros2_ws/install/velodyne_lidar:/home/vom/ros2_ws/install/rgb_camera:/home/vom/ros2_ws/install/ir_camera:/home/vom/RasPi_LiDAR/install/velodyne_lidar_bringup:/home/vom/RasPi_LiDAR/install/velodyne_lidar:/home/vom/Nano_Vision/install/yansa_vision_bringup:/opt/ros/humble CMAKE_PREFIX_PATH=${CMAKE_PREFIX_PATH}:/home/vom/ros2_ws/install/velodyne_lidar:/home/vom/ros2_ws/install/rgb_camera:/home/vom/ros2_ws/install/ir_camera:/home/vom/RasPi_LiDAR/install/velodyne_lidar:/home/vom/Nano_Vision/install/rgb_camera:/home/vom/Nano_Vision/install/ir_camera:/opt/ros/humble PYTHONPATH=/home/vom/Nano_Vision/build/rgb_camera:/home/vom/Nano_Vision/install/rgb_camera/lib/python3.10/site-packages:/home/vom/Nano_Vision/build/ir_camera:/home/vom/Nano_Vision/install/ir_camera/lib/python3.10/site-packages:/home/vom/ros2_ws/build/velodyne_lidar:/home/vom/ros2_ws/install/velodyne_lidar/lib/python3.10/site-packages:/home/vom/ros2_ws/build/rgb_camera:/home/vom/ros2_ws/install/rgb_camera/lib/python3.10/site-packages:/home/vom/ros2_ws/build/ir_camera:/home/vom/ros2_ws/install/ir_camera/lib/python3.10/site-packages:/home/vom/RasPi_LiDAR/install/velodyne_lidar/lib/python3.10/site-packages:/opt/ros/humble/lib/python3.10/site-packages:/opt/ros/humble/local/lib/python3.10/dist-packages /usr/bin/cmake --build /home/vom/Nano_Vision/build/yansa_vision_bringup -- -j8 -l8
[3.779s] DEBUG:colcon.colcon_core.event_handler.log_command:Invoked command in '/home/vom/Nano_Vision/build/yansa_vision_bringup' returned '0': AMENT_PREFIX_PATH=/home/vom/Nano_Vision/install/rgb_camera:/home/vom/Nano_Vision/install/ir_camera:/home/vom/ros2_ws/install/yansa_vision_bringup:/home/vom/ros2_ws/install/velodyne_lidar_bringup:/home/vom/ros2_ws/install/velodyne_lidar:/home/vom/ros2_ws/install/rgb_camera:/home/vom/ros2_ws/install/ir_camera:/home/vom/RasPi_LiDAR/install/velodyne_lidar_bringup:/home/vom/RasPi_LiDAR/install/velodyne_lidar:/home/vom/Nano_Vision/install/yansa_vision_bringup:/opt/ros/humble CMAKE_PREFIX_PATH=${CMAKE_PREFIX_PATH}:/home/vom/ros2_ws/install/velodyne_lidar:/home/vom/ros2_ws/install/rgb_camera:/home/vom/ros2_ws/install/ir_camera:/home/vom/RasPi_LiDAR/install/velodyne_lidar:/home/vom/Nano_Vision/install/rgb_camera:/home/vom/Nano_Vision/install/ir_camera:/opt/ros/humble PYTHONPATH=/home/vom/Nano_Vision/build/rgb_camera:/home/vom/Nano_Vision/install/rgb_camera/lib/python3.10/site-packages:/home/vom/Nano_Vision/build/ir_camera:/home/vom/Nano_Vision/install/ir_camera/lib/python3.10/site-packages:/home/vom/ros2_ws/build/velodyne_lidar:/home/vom/ros2_ws/install/velodyne_lidar/lib/python3.10/site-packages:/home/vom/ros2_ws/build/rgb_camera:/home/vom/ros2_ws/install/rgb_camera/lib/python3.10/site-packages:/home/vom/ros2_ws/build/ir_camera:/home/vom/ros2_ws/install/ir_camera/lib/python3.10/site-packages:/home/vom/RasPi_LiDAR/install/velodyne_lidar/lib/python3.10/site-packages:/opt/ros/humble/lib/python3.10/site-packages:/opt/ros/humble/local/lib/python3.10/dist-packages /usr/bin/cmake --build /home/vom/Nano_Vision/build/yansa_vision_bringup -- -j8 -l8
[3.805s] DEBUG:colcon.colcon_core.event_handler.log_command:Invoking command in '/home/vom/Nano_Vision/build/yansa_vision_bringup': AMENT_PREFIX_PATH=/home/vom/Nano_Vision/install/rgb_camera:/home/vom/Nano_Vision/install/ir_camera:/home/vom/ros2_ws/install/yansa_vision_bringup:/home/vom/ros2_ws/install/velodyne_lidar_bringup:/home/vom/ros2_ws/install/velodyne_lidar:/home/vom/ros2_ws/install/rgb_camera:/home/vom/ros2_ws/install/ir_camera:/home/vom/RasPi_LiDAR/install/velodyne_lidar_bringup:/home/vom/RasPi_LiDAR/install/velodyne_lidar:/home/vom/Nano_Vision/install/yansa_vision_bringup:/opt/ros/humble CMAKE_PREFIX_PATH=${CMAKE_PREFIX_PATH}:/home/vom/ros2_ws/install/velodyne_lidar:/home/vom/ros2_ws/install/rgb_camera:/home/vom/ros2_ws/install/ir_camera:/home/vom/RasPi_LiDAR/install/velodyne_lidar:/home/vom/Nano_Vision/install/rgb_camera:/home/vom/Nano_Vision/install/ir_camera:/opt/ros/humble PYTHONPATH=/home/vom/Nano_Vision/build/rgb_camera:/home/vom/Nano_Vision/install/rgb_camera/lib/python3.10/site-packages:/home/vom/Nano_Vision/build/ir_camera:/home/vom/Nano_Vision/install/ir_camera/lib/python3.10/site-packages:/home/vom/ros2_ws/build/velodyne_lidar:/home/vom/ros2_ws/install/velodyne_lidar/lib/python3.10/site-packages:/home/vom/ros2_ws/build/rgb_camera:/home/vom/ros2_ws/install/rgb_camera/lib/python3.10/site-packages:/home/vom/ros2_ws/build/ir_camera:/home/vom/ros2_ws/install/ir_camera/lib/python3.10/site-packages:/home/vom/RasPi_LiDAR/install/velodyne_lidar/lib/python3.10/site-packages:/opt/ros/humble/lib/python3.10/site-packages:/opt/ros/humble/local/lib/python3.10/dist-packages /usr/bin/cmake --install /home/vom/Nano_Vision/build/yansa_vision_bringup
[3.827s] Level 1:colcon.colcon_core.environment:create_environment_scripts_only(yansa_vision_bringup)
[3.828s] DEBUG:colcon.colcon_core.event_handler.log_command:Invoked command in '/home/vom/Nano_Vision/build/yansa_vision_bringup' returned '0': AMENT_PREFIX_PATH=/home/vom/Nano_Vision/install/rgb_camera:/home/vom/Nano_Vision/install/ir_camera:/home/vom/ros2_ws/install/yansa_vision_bringup:/home/vom/ros2_ws/install/velodyne_lidar_bringup:/home/vom/ros2_ws/install/velodyne_lidar:/home/vom/ros2_ws/install/rgb_camera:/home/vom/ros2_ws/install/ir_camera:/home/vom/RasPi_LiDAR/install/velodyne_lidar_bringup:/home/vom/RasPi_LiDAR/install/velodyne_lidar:/home/vom/Nano_Vision/install/yansa_vision_bringup:/opt/ros/humble CMAKE_PREFIX_PATH=${CMAKE_PREFIX_PATH}:/home/vom/ros2_ws/install/velodyne_lidar:/home/vom/ros2_ws/install/rgb_camera:/home/vom/ros2_ws/install/ir_camera:/home/vom/RasPi_LiDAR/install/velodyne_lidar:/home/vom/Nano_Vision/install/rgb_camera:/home/vom/Nano_Vision/install/ir_camera:/opt/ros/humble PYTHONPATH=/home/vom/Nano_Vision/build/rgb_camera:/home/vom/Nano_Vision/install/rgb_camera/lib/python3.10/site-packages:/home/vom/Nano_Vision/build/ir_camera:/home/vom/Nano_Vision/install/ir_camera/lib/python3.10/site-packages:/home/vom/ros2_ws/build/velodyne_lidar:/home/vom/ros2_ws/install/velodyne_lidar/lib/python3.10/site-packages:/home/vom/ros2_ws/build/rgb_camera:/home/vom/ros2_ws/install/rgb_camera/lib/python3.10/site-packages:/home/vom/ros2_ws/build/ir_camera:/home/vom/ros2_ws/install/ir_camera/lib/python3.10/site-packages:/home/vom/RasPi_LiDAR/install/velodyne_lidar/lib/python3.10/site-packages:/opt/ros/humble/lib/python3.10/site-packages:/opt/ros/humble/local/lib/python3.10/dist-packages /usr/bin/cmake --install /home/vom/Nano_Vision/build/yansa_vision_bringup
[3.845s] Level 1:colcon.colcon_core.environment:checking '/home/vom/Nano_Vision/install/yansa_vision_bringup' for CMake module files
[3.846s] Level 1:colcon.colcon_core.environment:checking '/home/vom/Nano_Vision/install/yansa_vision_bringup' for CMake config files
[3.846s] Level 1:colcon.colcon_core.shell:create_environment_hook('yansa_vision_bringup', 'cmake_prefix_path')
[3.866s] INFO:colcon.colcon_core.shell:Creating environment hook '/home/vom/Nano_Vision/install/yansa_vision_bringup/share/yansa_vision_bringup/hook/cmake_prefix_path.ps1'
[3.866s] INFO:colcon.colcon_core.shell:Creating environment descriptor '/home/vom/Nano_Vision/install/yansa_vision_bringup/share/yansa_vision_bringup/hook/cmake_prefix_path.dsv'
[3.867s] INFO:colcon.colcon_core.shell:Creating environment hook '/home/vom/Nano_Vision/install/yansa_vision_bringup/share/yansa_vision_bringup/hook/cmake_prefix_path.sh'
[3.867s] Level 1:colcon.colcon_core.environment:checking '/home/vom/Nano_Vision/install/yansa_vision_bringup/bin'
[3.867s] Level 1:colcon.colcon_core.environment:checking '/home/vom/Nano_Vision/install/yansa_vision_bringup/lib/pkgconfig/yansa_vision_bringup.pc'
[3.868s] Level 1:colcon.colcon_core.environment:checking '/home/vom/Nano_Vision/install/yansa_vision_bringup/lib/python3.10/site-packages'
[3.868s] Level 1:colcon.colcon_core.environment:checking '/home/vom/Nano_Vision/install/yansa_vision_bringup/bin'
[3.884s] INFO:colcon.colcon_core.shell:Creating package script '/home/vom/Nano_Vision/install/yansa_vision_bringup/share/yansa_vision_bringup/package.ps1'
[3.884s] INFO:colcon.colcon_core.shell:Creating package descriptor '/home/vom/Nano_Vision/install/yansa_vision_bringup/share/yansa_vision_bringup/package.dsv'
[3.885s] INFO:colcon.colcon_core.shell:Creating package script '/home/vom/Nano_Vision/install/yansa_vision_bringup/share/yansa_vision_bringup/package.sh'
[3.885s] INFO:colcon.colcon_core.shell:Creating package script '/home/vom/Nano_Vision/install/yansa_vision_bringup/share/yansa_vision_bringup/package.bash'
[3.885s] INFO:colcon.colcon_core.shell:Creating package script '/home/vom/Nano_Vision/install/yansa_vision_bringup/share/yansa_vision_bringup/package.zsh'
[3.886s] Level 1:colcon.colcon_core.environment:create_file_with_runtime_dependencies(/home/vom/Nano_Vision/install/yansa_vision_bringup/share/colcon-core/packages/yansa_vision_bringup)
[3.923s] Level 1:colcon.colcon_core.environment:create_environment_scripts_only(yansa_vision_bringup)
[3.941s] Level 1:colcon.colcon_core.environment:checking '/home/vom/Nano_Vision/install/yansa_vision_bringup' for CMake module files
[3.941s] Level 1:colcon.colcon_core.environment:checking '/home/vom/Nano_Vision/install/yansa_vision_bringup' for CMake config files
[3.941s] Level 1:colcon.colcon_core.shell:create_environment_hook('yansa_vision_bringup', 'cmake_prefix_path')
[3.957s] INFO:colcon.colcon_core.shell:Creating environment hook '/home/vom/Nano_Vision/install/yansa_vision_bringup/share/yansa_vision_bringup/hook/cmake_prefix_path.ps1'
[3.958s] INFO:colcon.colcon_core.shell:Creating environment descriptor '/home/vom/Nano_Vision/install/yansa_vision_bringup/share/yansa_vision_bringup/hook/cmake_prefix_path.dsv'
[3.958s] INFO:colcon.colcon_core.shell:Creating environment hook '/home/vom/Nano_Vision/install/yansa_vision_bringup/share/yansa_vision_bringup/hook/cmake_prefix_path.sh'
[3.959s] Level 1:colcon.colcon_core.environment:checking '/home/vom/Nano_Vision/install/yansa_vision_bringup/bin'
[3.959s] Level 1:colcon.colcon_core.environment:checking '/home/vom/Nano_Vision/install/yansa_vision_bringup/lib/pkgconfig/yansa_vision_bringup.pc'
[3.959s] Level 1:colcon.colcon_core.environment:checking '/home/vom/Nano_Vision/install/yansa_vision_bringup/lib/python3.10/site-packages'
[3.959s] Level 1:colcon.colcon_core.environment:checking '/home/vom/Nano_Vision/install/yansa_vision_bringup/bin'
[3.977s] INFO:colcon.colcon_core.shell:Creating package script '/home/vom/Nano_Vision/install/yansa_vision_bringup/share/yansa_vision_bringup/package.ps1'
[3.978s] INFO:colcon.colcon_core.shell:Creating package descriptor '/home/vom/Nano_Vision/install/yansa_vision_bringup/share/yansa_vision_bringup/package.dsv'
[3.978s] INFO:colcon.colcon_core.shell:Creating package script '/home/vom/Nano_Vision/install/yansa_vision_bringup/share/yansa_vision_bringup/package.sh'
[3.979s] INFO:colcon.colcon_core.shell:Creating package script '/home/vom/Nano_Vision/install/yansa_vision_bringup/share/yansa_vision_bringup/package.bash'
[3.979s] INFO:colcon.colcon_core.shell:Creating package script '/home/vom/Nano_Vision/install/yansa_vision_bringup/share/yansa_vision_bringup/package.zsh'
[3.980s] Level 1:colcon.colcon_core.environment:create_file_with_runtime_dependencies(/home/vom/Nano_Vision/install/yansa_vision_bringup/share/colcon-core/packages/yansa_vision_bringup)
[3.980s] DEBUG:colcon.colcon_parallel_executor.executor.parallel:closing loop
[3.981s] DEBUG:colcon.colcon_parallel_executor.executor.parallel:loop closed
[3.981s] DEBUG:colcon.colcon_parallel_executor.executor.parallel:run_until_complete finished with '0'
[3.981s] DEBUG:colcon.colcon_core.event_reactor:joining thread
[4.002s] INFO:colcon.colcon_core.plugin_system:Skipping extension 'colcon_notification.desktop_notification.terminal_notifier': Not used on non-Darwin systems
[4.002s] INFO:colcon.colcon_core.plugin_system:Skipping extension 'colcon_notification.desktop_notification.win32': Not used on non-Windows systems
[4.002s] INFO:colcon.colcon_notification.desktop_notification:Sending desktop notification using 'notify2'
[4.011s] DEBUG:colcon.colcon_core.event_reactor:joined thread
[4.030s] INFO:colcon.colcon_core.shell:Creating prefix script '/home/vom/Nano_Vision/install/local_setup.ps1'
[4.031s] INFO:colcon.colcon_core.shell:Creating prefix util module '/home/vom/Nano_Vision/install/_local_setup_util_ps1.py'
[4.033s] INFO:colcon.colcon_core.shell:Creating prefix chain script '/home/vom/Nano_Vision/install/setup.ps1'
[4.057s] INFO:colcon.colcon_core.shell:Creating prefix script '/home/vom/Nano_Vision/install/local_setup.sh'
[4.058s] INFO:colcon.colcon_core.shell:Creating prefix util module '/home/vom/Nano_Vision/install/_local_setup_util_sh.py'
[4.059s] INFO:colcon.colcon_core.shell:Creating prefix chain script '/home/vom/Nano_Vision/install/setup.sh'
[4.076s] INFO:colcon.colcon_core.shell:Creating prefix script '/home/vom/Nano_Vision/install/local_setup.bash'
[4.077s] INFO:colcon.colcon_core.shell:Creating prefix chain script '/home/vom/Nano_Vision/install/setup.bash'
[4.092s] INFO:colcon.colcon_core.shell:Creating prefix script '/home/vom/Nano_Vision/install/local_setup.zsh'
[4.093s] INFO:colcon.colcon_core.shell:Creating prefix chain script '/home/vom/Nano_Vision/install/setup.zsh'
