-- The C compiler identification is GNU 11.4.0
-- The CXX compiler identification is GNU 11.4.0
-- Detecting C compiler ABI info
-- Detecting C compiler ABI info - done
-- Check for working C compiler: /usr/bin/cc - skipped
-- Detecting C compile features
-- Detecting C compile features - done
-- Detecting CXX compiler ABI info
-- Detecting CXX compiler ABI info - done
-- Check for working CXX compiler: /usr/bin/c++ - skipped
-- Detecting CXX compile features
-- Detecting CXX compile features - done
-- Configuring done
-- Generating done
-- Build files have been written to: /home/vom/Nano_Vision/build/VmbCPPExamples
[  8%] [32mBuilding CXX object SynchronousGrab/CMakeFiles/SynchronousGrab_VmbCPP.dir/SynchronousGrab.cpp.o[0m
[ 16%] [32mBuilding CXX object SynchronousGrab/CMakeFiles/SynchronousGrab_VmbCPP.dir/main.cpp.o[0m
[ 25%] [32mBuilding CXX object AsynchronousGrab/CMakeFiles/AsynchronousGrab_VmbCPP.dir/main.cpp.o[0m
[ 33%] [32mBuilding CXX object AsynchronousGrab/CMakeFiles/AsynchronousGrab_VmbCPP.dir/AcquisitionHelper.cpp.o[0m
[ 41%] [32mBuilding CXX object ListCameras/CMakeFiles/ListCameras_VmbCPP.dir/ListCameras.cpp.o[0m
[ 50%] [32mBuilding CXX object ListCameras/CMakeFiles/ListCameras_VmbCPP.dir/main.cpp.o[0m
[ 58%] [32mBuilding CXX object ChunkAccess/CMakeFiles/ChunkAccess_VmbCPP.dir/main.cpp.o[0m
[ 66%] [32mBuilding CXX object ChunkAccess/CMakeFiles/ChunkAccess_VmbCPP.dir/AcquisitionHelperChunk.cpp.o[0m
[ 75%] [32m[1mLinking CXX executable SynchronousGrab_VmbCPP[0m
[ 75%] Built target SynchronousGrab_VmbCPP
[ 83%] [32m[1mLinking CXX executable ChunkAccess_VmbCPP[0m
[ 91%] [32m[1mLinking CXX executable AsynchronousGrab_VmbCPP[0m
[100%] [32m[1mLinking CXX executable ListCameras_VmbCPP[0m
[100%] Built target ChunkAccess_VmbCPP
[100%] Built target ListCameras_VmbCPP
[100%] Built target AsynchronousGrab_VmbCPP
