[0.827s] Invoking command in '/home/vom/Nano_Vision/build/VmbCPPExamples': /usr/bin/cmake /home/vom/Nano_Vision/src/VimbaX_2023-1/api/examples/VmbCPP -DCMAKE_INSTALL_PREFIX=/home/vom/Nano_Vision/install/VmbCPPExamples
[0.894s] -- The C compiler identification is GNU 11.4.0
[0.976s] -- The CXX compiler identification is GNU 11.4.0
[0.984s] -- Detecting C compiler ABI info
[1.065s] -- Detecting C compiler ABI info - done
[1.075s] -- Check for working C compiler: /usr/bin/cc - skipped
[1.075s] -- Detecting C compile features
[1.076s] -- Detecting C compile features - done
[1.080s] -- Detecting CXX compiler ABI info
[1.179s] -- Detecting CXX compiler ABI info - done
[1.188s] -- Check for working CXX compiler: /usr/bin/c++ - skipped
[1.188s] -- Detecting CXX compile features
[1.188s] -- Detecting CXX compile features - done
[1.198s] -- Configuring done
[1.205s] -- Generating done
[1.206s] -- Build files have been written to: /home/vom/Nano_Vision/build/VmbCPPExamples
[1.210s] Invoked command in '/home/vom/Nano_Vision/build/VmbCPPExamples' returned '0': /usr/bin/cmake /home/vom/Nano_Vision/src/VimbaX_2023-1/api/examples/VmbCPP -DCMAKE_INSTALL_PREFIX=/home/vom/Nano_Vision/install/VmbCPPExamples
[1.212s] Invoking command in '/home/vom/Nano_Vision/build/VmbCPPExamples': /usr/bin/cmake --build /home/vom/Nano_Vision/build/VmbCPPExamples -- -j8 -l8
[1.295s] [  8%] [32mBuilding CXX object SynchronousGrab/CMakeFiles/SynchronousGrab_VmbCPP.dir/SynchronousGrab.cpp.o[0m
[1.298s] [ 16%] [32mBuilding CXX object SynchronousGrab/CMakeFiles/SynchronousGrab_VmbCPP.dir/main.cpp.o[0m
[1.301s] [ 25%] [32mBuilding CXX object AsynchronousGrab/CMakeFiles/AsynchronousGrab_VmbCPP.dir/main.cpp.o[0m
[1.312s] [ 33%] [32mBuilding CXX object AsynchronousGrab/CMakeFiles/AsynchronousGrab_VmbCPP.dir/AcquisitionHelper.cpp.o[0m
[1.319s] [ 41%] [32mBuilding CXX object ListCameras/CMakeFiles/ListCameras_VmbCPP.dir/ListCameras.cpp.o[0m
[1.327s] [ 50%] [32mBuilding CXX object ListCameras/CMakeFiles/ListCameras_VmbCPP.dir/main.cpp.o[0m
[1.327s] [ 58%] [32mBuilding CXX object ChunkAccess/CMakeFiles/ChunkAccess_VmbCPP.dir/main.cpp.o[0m
[1.338s] [ 66%] [32mBuilding CXX object ChunkAccess/CMakeFiles/ChunkAccess_VmbCPP.dir/AcquisitionHelperChunk.cpp.o[0m
[3.282s] [ 75%] [32m[1mLinking CXX executable SynchronousGrab_VmbCPP[0m
[3.520s] [ 75%] Built target SynchronousGrab_VmbCPP
[3.743s] [ 83%] [32m[1mLinking CXX executable ChunkAccess_VmbCPP[0m
[3.758s] [ 91%] [32m[1mLinking CXX executable AsynchronousGrab_VmbCPP[0m
[3.828s] [100%] [32m[1mLinking CXX executable ListCameras_VmbCPP[0m
[4.065s] [100%] Built target ChunkAccess_VmbCPP
[4.096s] [100%] Built target ListCameras_VmbCPP
[4.193s] [100%] Built target AsynchronousGrab_VmbCPP
[4.286s] Invoked command in '/home/vom/Nano_Vision/build/VmbCPPExamples' returned '0': /usr/bin/cmake --build /home/vom/Nano_Vision/build/VmbCPPExamples -- -j8 -l8
