[1.001s] DEBUG:colcon:Command line arguments: ['/usr/bin/colcon', 'build']
[1.001s] DEBUG:colcon:Parsed command line arguments: Namespace(log_base=None, log_level=None, verb_name='build', build_base='build', install_base='install', merge_install=False, symlink_install=False, test_result_base=None, continue_on_error=False, executor='parallel', parallel_workers=8, event_handlers=None, ignore_user_meta=False, metas=['./colcon.meta'], base_paths=['.'], packages_ignore=None, packages_ignore_regex=None, paths=None, packages_up_to=None, packages_up_to_regex=None, packages_above=None, packages_above_and_dependencies=None, packages_above_depth=None, packages_select_by_dep=None, packages_skip_by_dep=None, packages_skip_up_to=None, packages_select_build_failed=False, packages_skip_build_finished=False, packages_select_test_failures=False, packages_skip_test_passed=False, packages_select=None, packages_skip=None, packages_select_regex=None, packages_skip_regex=None, packages_start=None, packages_end=None, allow_overriding=[], cmake_args=None, cmake_target=None, cmake_target_skip_unavailable=False, cmake_clean_cache=False, cmake_clean_first=False, cmake_force_configure=False, ament_cmake_args=None, catkin_cmake_args=None, catkin_skip_building_tests=False, verb_parser=<colcon_defaults.argument_parser.defaults.DefaultArgumentsDecorator object at 0x7f789250f460>, verb_extension=<colcon_core.verb.build.BuildVerb object at 0x7f7892983ac0>, main=<bound method BuildVerb.main of <colcon_core.verb.build.BuildVerb object at 0x7f7892983ac0>>)
[1.046s] Level 1:colcon.colcon_core.package_discovery:discover_packages(colcon_meta) check parameters
[1.046s] Level 1:colcon.colcon_core.package_discovery:discover_packages(recursive) check parameters
[1.046s] Level 1:colcon.colcon_core.package_discovery:discover_packages(ignore) check parameters
[1.046s] Level 1:colcon.colcon_core.package_discovery:discover_packages(path) check parameters
[1.046s] Level 1:colcon.colcon_core.package_discovery:discover_packages(colcon_meta) discover
[1.046s] Level 1:colcon.colcon_core.package_discovery:discover_packages(recursive) discover
[1.046s] INFO:colcon.colcon_core.package_discovery:Crawling recursively for packages in '/home/vom/Nano_Vision'
[1.046s] Level 1:colcon.colcon_core.package_identification:_identify(.) by extensions ['ignore', 'ignore_ament_install']
[1.046s] Level 1:colcon.colcon_core.package_identification:_identify(.) by extension 'ignore'
[1.046s] Level 1:colcon.colcon_core.package_identification:_identify(.) by extension 'ignore_ament_install'
[1.046s] Level 1:colcon.colcon_core.package_identification:_identify(.) by extensions ['colcon_pkg']
[1.046s] Level 1:colcon.colcon_core.package_identification:_identify(.) by extension 'colcon_pkg'
[1.046s] Level 1:colcon.colcon_core.package_identification:_identify(.) by extensions ['colcon_meta']
[1.046s] Level 1:colcon.colcon_core.package_identification:_identify(.) by extension 'colcon_meta'
[1.046s] Level 1:colcon.colcon_core.package_identification:_identify(.) by extensions ['ros']
[1.046s] Level 1:colcon.colcon_core.package_identification:_identify(.) by extension 'ros'
[1.055s] Level 1:colcon.colcon_core.package_identification:_identify(.) by extensions ['cmake', 'python']
[1.055s] Level 1:colcon.colcon_core.package_identification:_identify(.) by extension 'cmake'
[1.055s] Level 1:colcon.colcon_core.package_identification:_identify(.) by extension 'python'
[1.055s] Level 1:colcon.colcon_core.package_identification:_identify(.) by extensions ['python_setup_py']
[1.055s] Level 1:colcon.colcon_core.package_identification:_identify(.) by extension 'python_setup_py'
[1.055s] Level 1:colcon.colcon_core.package_identification:_identify(build) by extensions ['ignore', 'ignore_ament_install']
[1.055s] Level 1:colcon.colcon_core.package_identification:_identify(build) by extension 'ignore'
[1.055s] Level 1:colcon.colcon_core.package_identification:_identify(build) ignored
[1.056s] Level 1:colcon.colcon_core.package_identification:_identify(install) by extensions ['ignore', 'ignore_ament_install']
[1.056s] Level 1:colcon.colcon_core.package_identification:_identify(install) by extension 'ignore'
[1.056s] Level 1:colcon.colcon_core.package_identification:_identify(install) ignored
[1.056s] Level 1:colcon.colcon_core.package_identification:_identify(log) by extensions ['ignore', 'ignore_ament_install']
[1.056s] Level 1:colcon.colcon_core.package_identification:_identify(log) by extension 'ignore'
[1.056s] Level 1:colcon.colcon_core.package_identification:_identify(log) ignored
[1.056s] Level 1:colcon.colcon_core.package_identification:_identify(src) by extensions ['ignore', 'ignore_ament_install']
[1.056s] Level 1:colcon.colcon_core.package_identification:_identify(src) by extension 'ignore'
[1.056s] Level 1:colcon.colcon_core.package_identification:_identify(src) by extension 'ignore_ament_install'
[1.056s] Level 1:colcon.colcon_core.package_identification:_identify(src) by extensions ['colcon_pkg']
[1.056s] Level 1:colcon.colcon_core.package_identification:_identify(src) by extension 'colcon_pkg'
[1.056s] Level 1:colcon.colcon_core.package_identification:_identify(src) by extensions ['colcon_meta']
[1.056s] Level 1:colcon.colcon_core.package_identification:_identify(src) by extension 'colcon_meta'
[1.056s] Level 1:colcon.colcon_core.package_identification:_identify(src) by extensions ['ros']
[1.056s] Level 1:colcon.colcon_core.package_identification:_identify(src) by extension 'ros'
[1.056s] Level 1:colcon.colcon_core.package_identification:_identify(src) by extensions ['cmake', 'python']
[1.056s] Level 1:colcon.colcon_core.package_identification:_identify(src) by extension 'cmake'
[1.056s] Level 1:colcon.colcon_core.package_identification:_identify(src) by extension 'python'
[1.056s] Level 1:colcon.colcon_core.package_identification:_identify(src) by extensions ['python_setup_py']
[1.057s] Level 1:colcon.colcon_core.package_identification:_identify(src) by extension 'python_setup_py'
[1.057s] Level 1:colcon.colcon_core.package_identification:_identify(src/ir_camera) by extensions ['ignore', 'ignore_ament_install']
[1.057s] Level 1:colcon.colcon_core.package_identification:_identify(src/ir_camera) by extension 'ignore'
[1.057s] Level 1:colcon.colcon_core.package_identification:_identify(src/ir_camera) by extension 'ignore_ament_install'
[1.057s] Level 1:colcon.colcon_core.package_identification:_identify(src/ir_camera) by extensions ['colcon_pkg']
[1.057s] Level 1:colcon.colcon_core.package_identification:_identify(src/ir_camera) by extension 'colcon_pkg'
[1.057s] Level 1:colcon.colcon_core.package_identification:_identify(src/ir_camera) by extensions ['colcon_meta']
[1.057s] Level 1:colcon.colcon_core.package_identification:_identify(src/ir_camera) by extension 'colcon_meta'
[1.057s] Level 1:colcon.colcon_core.package_identification:_identify(src/ir_camera) by extensions ['ros']
[1.057s] Level 1:colcon.colcon_core.package_identification:_identify(src/ir_camera) by extension 'ros'
[1.059s] DEBUG:colcon.colcon_core.package_identification:Package 'src/ir_camera' with type 'ros.ament_python' and name 'ir_camera'
[1.059s] Level 1:colcon.colcon_core.package_identification:_identify(src/rgb_camera) by extensions ['ignore', 'ignore_ament_install']
[1.059s] Level 1:colcon.colcon_core.package_identification:_identify(src/rgb_camera) by extension 'ignore'
[1.059s] Level 1:colcon.colcon_core.package_identification:_identify(src/rgb_camera) by extension 'ignore_ament_install'
[1.059s] Level 1:colcon.colcon_core.package_identification:_identify(src/rgb_camera) by extensions ['colcon_pkg']
[1.059s] Level 1:colcon.colcon_core.package_identification:_identify(src/rgb_camera) by extension 'colcon_pkg'
[1.059s] Level 1:colcon.colcon_core.package_identification:_identify(src/rgb_camera) by extensions ['colcon_meta']
[1.059s] Level 1:colcon.colcon_core.package_identification:_identify(src/rgb_camera) by extension 'colcon_meta'
[1.059s] Level 1:colcon.colcon_core.package_identification:_identify(src/rgb_camera) by extensions ['ros']
[1.059s] Level 1:colcon.colcon_core.package_identification:_identify(src/rgb_camera) by extension 'ros'
[1.060s] DEBUG:colcon.colcon_core.package_identification:Package 'src/rgb_camera' with type 'ros.ament_python' and name 'rgb_camera'
[1.060s] Level 1:colcon.colcon_core.package_identification:_identify(src/yansa_vision_bringup) by extensions ['ignore', 'ignore_ament_install']
[1.060s] Level 1:colcon.colcon_core.package_identification:_identify(src/yansa_vision_bringup) by extension 'ignore'
[1.060s] Level 1:colcon.colcon_core.package_identification:_identify(src/yansa_vision_bringup) by extension 'ignore_ament_install'
[1.060s] Level 1:colcon.colcon_core.package_identification:_identify(src/yansa_vision_bringup) by extensions ['colcon_pkg']
[1.060s] Level 1:colcon.colcon_core.package_identification:_identify(src/yansa_vision_bringup) by extension 'colcon_pkg'
[1.060s] Level 1:colcon.colcon_core.package_identification:_identify(src/yansa_vision_bringup) by extensions ['colcon_meta']
[1.060s] Level 1:colcon.colcon_core.package_identification:_identify(src/yansa_vision_bringup) by extension 'colcon_meta'
[1.060s] Level 1:colcon.colcon_core.package_identification:_identify(src/yansa_vision_bringup) by extensions ['ros']
[1.060s] Level 1:colcon.colcon_core.package_identification:_identify(src/yansa_vision_bringup) by extension 'ros'
[1.061s] DEBUG:colcon.colcon_core.package_identification:Package 'src/yansa_vision_bringup' with type 'ros.ament_cmake' and name 'yansa_vision_bringup'
[1.061s] Level 1:colcon.colcon_core.package_discovery:discover_packages(recursive) using defaults
[1.061s] Level 1:colcon.colcon_core.package_discovery:discover_packages(ignore) discover
[1.061s] Level 1:colcon.colcon_core.package_discovery:discover_packages(ignore) using defaults
[1.061s] Level 1:colcon.colcon_core.package_discovery:discover_packages(path) discover
[1.061s] Level 1:colcon.colcon_core.package_discovery:discover_packages(path) using defaults
[1.146s] Level 1:colcon.colcon_core.package_discovery:discover_packages(prefix_path) check parameters
[1.146s] Level 1:colcon.colcon_core.package_discovery:discover_packages(prefix_path) discover
[1.179s] DEBUG:colcon.colcon_installed_package_information.package_discovery:Found 6 installed packages in /home/vom/Nano_Vision/install
[1.193s] DEBUG:colcon.colcon_installed_package_information.package_discovery:Found 5 installed packages in /home/vom/ros2_ws/install
[1.208s] DEBUG:colcon.colcon_installed_package_information.package_discovery:Found 2 installed packages in /home/vom/RasPi_LiDAR/install
[1.222s] DEBUG:colcon.colcon_installed_package_information.package_discovery:Found 282 installed packages in /opt/ros/humble
[1.224s] Level 1:colcon.colcon_core.package_discovery:discover_packages(prefix_path) using defaults
[1.305s] Level 5:colcon.colcon_core.verb:set package 'ir_camera' build argument 'cmake_args' from command line to 'None'
[1.305s] Level 5:colcon.colcon_core.verb:set package 'ir_camera' build argument 'cmake_target' from command line to 'None'
[1.305s] Level 5:colcon.colcon_core.verb:set package 'ir_camera' build argument 'cmake_target_skip_unavailable' from command line to 'False'
[1.305s] Level 5:colcon.colcon_core.verb:set package 'ir_camera' build argument 'cmake_clean_cache' from command line to 'False'
[1.305s] Level 5:colcon.colcon_core.verb:set package 'ir_camera' build argument 'cmake_clean_first' from command line to 'False'
[1.305s] Level 5:colcon.colcon_core.verb:set package 'ir_camera' build argument 'cmake_force_configure' from command line to 'False'
[1.305s] Level 5:colcon.colcon_core.verb:set package 'ir_camera' build argument 'ament_cmake_args' from command line to 'None'
[1.305s] Level 5:colcon.colcon_core.verb:set package 'ir_camera' build argument 'catkin_cmake_args' from command line to 'None'
[1.305s] Level 5:colcon.colcon_core.verb:set package 'ir_camera' build argument 'catkin_skip_building_tests' from command line to 'False'
[1.305s] DEBUG:colcon.colcon_core.verb:Building package 'ir_camera' with the following arguments: {'ament_cmake_args': None, 'build_base': '/home/vom/Nano_Vision/build/ir_camera', 'catkin_cmake_args': None, 'catkin_skip_building_tests': False, 'cmake_args': None, 'cmake_clean_cache': False, 'cmake_clean_first': False, 'cmake_force_configure': False, 'cmake_target': None, 'cmake_target_skip_unavailable': False, 'install_base': '/home/vom/Nano_Vision/install/ir_camera', 'merge_install': False, 'path': '/home/vom/Nano_Vision/src/ir_camera', 'symlink_install': False, 'test_result_base': None}
[1.319s] Level 5:colcon.colcon_core.verb:set package 'rgb_camera' build argument 'cmake_args' from command line to 'None'
[1.319s] Level 5:colcon.colcon_core.verb:set package 'rgb_camera' build argument 'cmake_target' from command line to 'None'
[1.319s] Level 5:colcon.colcon_core.verb:set package 'rgb_camera' build argument 'cmake_target_skip_unavailable' from command line to 'False'
[1.319s] Level 5:colcon.colcon_core.verb:set package 'rgb_camera' build argument 'cmake_clean_cache' from command line to 'False'
[1.319s] Level 5:colcon.colcon_core.verb:set package 'rgb_camera' build argument 'cmake_clean_first' from command line to 'False'
[1.319s] Level 5:colcon.colcon_core.verb:set package 'rgb_camera' build argument 'cmake_force_configure' from command line to 'False'
[1.319s] Level 5:colcon.colcon_core.verb:set package 'rgb_camera' build argument 'ament_cmake_args' from command line to 'None'
[1.319s] Level 5:colcon.colcon_core.verb:set package 'rgb_camera' build argument 'catkin_cmake_args' from command line to 'None'
[1.319s] Level 5:colcon.colcon_core.verb:set package 'rgb_camera' build argument 'catkin_skip_building_tests' from command line to 'False'
[1.319s] DEBUG:colcon.colcon_core.verb:Building package 'rgb_camera' with the following arguments: {'ament_cmake_args': None, 'build_base': '/home/vom/Nano_Vision/build/rgb_camera', 'catkin_cmake_args': None, 'catkin_skip_building_tests': False, 'cmake_args': None, 'cmake_clean_cache': False, 'cmake_clean_first': False, 'cmake_force_configure': False, 'cmake_target': None, 'cmake_target_skip_unavailable': False, 'install_base': '/home/vom/Nano_Vision/install/rgb_camera', 'merge_install': False, 'path': '/home/vom/Nano_Vision/src/rgb_camera', 'symlink_install': False, 'test_result_base': None}
[1.334s] Level 5:colcon.colcon_core.verb:set package 'yansa_vision_bringup' build argument 'cmake_args' from command line to 'None'
[1.334s] Level 5:colcon.colcon_core.verb:set package 'yansa_vision_bringup' build argument 'cmake_target' from command line to 'None'
[1.334s] Level 5:colcon.colcon_core.verb:set package 'yansa_vision_bringup' build argument 'cmake_target_skip_unavailable' from command line to 'False'
[1.334s] Level 5:colcon.colcon_core.verb:set package 'yansa_vision_bringup' build argument 'cmake_clean_cache' from command line to 'False'
[1.334s] Level 5:colcon.colcon_core.verb:set package 'yansa_vision_bringup' build argument 'cmake_clean_first' from command line to 'False'
[1.334s] Level 5:colcon.colcon_core.verb:set package 'yansa_vision_bringup' build argument 'cmake_force_configure' from command line to 'False'
[1.334s] Level 5:colcon.colcon_core.verb:set package 'yansa_vision_bringup' build argument 'ament_cmake_args' from command line to 'None'
[1.334s] Level 5:colcon.colcon_core.verb:set package 'yansa_vision_bringup' build argument 'catkin_cmake_args' from command line to 'None'
[1.334s] Level 5:colcon.colcon_core.verb:set package 'yansa_vision_bringup' build argument 'catkin_skip_building_tests' from command line to 'False'
[1.334s] DEBUG:colcon.colcon_core.verb:Building package 'yansa_vision_bringup' with the following arguments: {'ament_cmake_args': None, 'build_base': '/home/vom/Nano_Vision/build/yansa_vision_bringup', 'catkin_cmake_args': None, 'catkin_skip_building_tests': False, 'cmake_args': None, 'cmake_clean_cache': False, 'cmake_clean_first': False, 'cmake_force_configure': False, 'cmake_target': None, 'cmake_target_skip_unavailable': False, 'install_base': '/home/vom/Nano_Vision/install/yansa_vision_bringup', 'merge_install': False, 'path': '/home/vom/Nano_Vision/src/yansa_vision_bringup', 'symlink_install': False, 'test_result_base': None}
[1.347s] INFO:colcon.colcon_core.executor:Executing jobs using 'parallel' executor
[1.362s] DEBUG:colcon.colcon_parallel_executor.executor.parallel:run_until_complete
[1.362s] INFO:colcon.colcon_ros.task.ament_python.build:Building ROS package in '/home/vom/Nano_Vision/src/ir_camera' with build type 'ament_python'
[1.362s] Level 1:colcon.colcon_core.shell:create_environment_hook('ir_camera', 'ament_prefix_path')
[1.378s] INFO:colcon.colcon_core.plugin_system:Skipping extension 'colcon_core.shell.bat': Not used on non-Windows systems
[1.378s] INFO:colcon.colcon_core.shell:Creating environment hook '/home/vom/Nano_Vision/install/ir_camera/share/ir_camera/hook/ament_prefix_path.ps1'
[1.379s] INFO:colcon.colcon_core.shell:Creating environment descriptor '/home/vom/Nano_Vision/install/ir_camera/share/ir_camera/hook/ament_prefix_path.dsv'
[1.380s] INFO:colcon.colcon_core.shell:Creating environment hook '/home/vom/Nano_Vision/install/ir_camera/share/ir_camera/hook/ament_prefix_path.sh'
[1.411s] INFO:colcon.colcon_core.shell:Skip shell extension 'powershell' for command environment: Not usable outside of PowerShell
[1.411s] DEBUG:colcon.colcon_core.shell:Skip shell extension 'dsv' for command environment
[1.487s] INFO:colcon.colcon_ros.task.ament_python.build:Building ROS package in '/home/vom/Nano_Vision/src/rgb_camera' with build type 'ament_python'
[1.487s] Level 1:colcon.colcon_core.shell:create_environment_hook('rgb_camera', 'ament_prefix_path')
[1.504s] INFO:colcon.colcon_core.shell:Creating environment hook '/home/vom/Nano_Vision/install/rgb_camera/share/rgb_camera/hook/ament_prefix_path.ps1'
[1.505s] INFO:colcon.colcon_core.shell:Creating environment descriptor '/home/vom/Nano_Vision/install/rgb_camera/share/rgb_camera/hook/ament_prefix_path.dsv'
[1.506s] INFO:colcon.colcon_core.shell:Creating environment hook '/home/vom/Nano_Vision/install/rgb_camera/share/rgb_camera/hook/ament_prefix_path.sh'
[1.524s] INFO:colcon.colcon_core.shell:Skip shell extension 'powershell' for command environment: Not usable outside of PowerShell
[1.524s] DEBUG:colcon.colcon_core.shell:Skip shell extension 'dsv' for command environment
[1.896s] INFO:colcon.colcon_core.task.python.build:Building Python package in '/home/vom/Nano_Vision/src/ir_camera'
[1.913s] INFO:colcon.colcon_core.shell:Skip shell extension 'powershell' for command environment: Not usable outside of PowerShell
[1.913s] DEBUG:colcon.colcon_core.shell:Skip shell extension 'dsv' for command environment
[2.255s] INFO:colcon.colcon_core.task.python.build:Building Python package in '/home/vom/Nano_Vision/src/rgb_camera'
[2.269s] INFO:colcon.colcon_core.shell:Skip shell extension 'powershell' for command environment: Not usable outside of PowerShell
[2.269s] DEBUG:colcon.colcon_core.shell:Skip shell extension 'dsv' for command environment
[2.780s] DEBUG:colcon.colcon_core.event_handler.log_command:Invoking command in '/home/vom/Nano_Vision/build/rgb_camera': PYTHONPATH=/home/vom/Nano_Vision/build/rgb_camera/prefix_override:/home/vom/Nano_Vision/install/rgb_camera/lib/python3.10/site-packages:${PYTHONPATH} /usr/bin/python3 setup.py develop --uninstall --editable --build-directory /home/vom/Nano_Vision/build/rgb_camera/build
[2.808s] DEBUG:colcon.colcon_core.event_handler.log_command:Invoking command in '/home/vom/Nano_Vision/build/ir_camera': PYTHONPATH=/home/vom/Nano_Vision/build/ir_camera/prefix_override:/home/vom/Nano_Vision/install/ir_camera/lib/python3.10/site-packages:${PYTHONPATH} /usr/bin/python3 setup.py develop --uninstall --editable --build-directory /home/vom/Nano_Vision/build/ir_camera/build
[3.249s] DEBUG:colcon.colcon_core.event_handler.log_command:Invoked command in '/home/vom/Nano_Vision/build/rgb_camera' returned '0': PYTHONPATH=/home/vom/Nano_Vision/build/rgb_camera/prefix_override:/home/vom/Nano_Vision/install/rgb_camera/lib/python3.10/site-packages:${PYTHONPATH} /usr/bin/python3 setup.py develop --uninstall --editable --build-directory /home/vom/Nano_Vision/build/rgb_camera/build
[3.249s] DEBUG:colcon.colcon_core.event_handler.log_command:Invoking command in '/home/vom/Nano_Vision/src/rgb_camera': PYTHONPATH=/home/vom/Nano_Vision/build/rgb_camera/prefix_override:/home/vom/Nano_Vision/install/rgb_camera/lib/python3.10/site-packages:${PYTHONPATH} /usr/bin/python3 setup.py egg_info --egg-base ../../build/rgb_camera build --build-base /home/vom/Nano_Vision/build/rgb_camera/build install --record /home/vom/Nano_Vision/build/rgb_camera/install.log --single-version-externally-managed
[3.270s] DEBUG:colcon.colcon_core.event_handler.log_command:Invoked command in '/home/vom/Nano_Vision/build/ir_camera' returned '0': PYTHONPATH=/home/vom/Nano_Vision/build/ir_camera/prefix_override:/home/vom/Nano_Vision/install/ir_camera/lib/python3.10/site-packages:${PYTHONPATH} /usr/bin/python3 setup.py develop --uninstall --editable --build-directory /home/vom/Nano_Vision/build/ir_camera/build
[3.270s] DEBUG:colcon.colcon_core.event_handler.log_command:Invoking command in '/home/vom/Nano_Vision/src/ir_camera': PYTHONPATH=/home/vom/Nano_Vision/build/ir_camera/prefix_override:/home/vom/Nano_Vision/install/ir_camera/lib/python3.10/site-packages:${PYTHONPATH} /usr/bin/python3 setup.py egg_info --egg-base ../../build/ir_camera build --build-base /home/vom/Nano_Vision/build/ir_camera/build install --record /home/vom/Nano_Vision/build/ir_camera/install.log --single-version-externally-managed
[3.545s] DEBUG:colcon.colcon_core.event_handler.log_command:Invoked command in '/home/vom/Nano_Vision/src/rgb_camera' returned '0': PYTHONPATH=/home/vom/Nano_Vision/build/rgb_camera/prefix_override:/home/vom/Nano_Vision/install/rgb_camera/lib/python3.10/site-packages:${PYTHONPATH} /usr/bin/python3 setup.py egg_info --egg-base ../../build/rgb_camera build --build-base /home/vom/Nano_Vision/build/rgb_camera/build install --record /home/vom/Nano_Vision/build/rgb_camera/install.log --single-version-externally-managed
[3.563s] Level 1:colcon.colcon_core.environment:checking '/home/vom/Nano_Vision/install/rgb_camera' for CMake module files
[3.564s] Level 1:colcon.colcon_core.environment:checking '/home/vom/Nano_Vision/install/rgb_camera' for CMake config files
[3.564s] Level 1:colcon.colcon_core.environment:checking '/home/vom/Nano_Vision/install/rgb_camera/lib'
[3.564s] Level 1:colcon.colcon_core.environment:checking '/home/vom/Nano_Vision/install/rgb_camera/bin'
[3.564s] Level 1:colcon.colcon_core.environment:checking '/home/vom/Nano_Vision/install/rgb_camera/lib/pkgconfig/rgb_camera.pc'
[3.565s] Level 1:colcon.colcon_core.environment:checking '/home/vom/Nano_Vision/install/rgb_camera/lib/python3.10/site-packages'
[3.565s] Level 1:colcon.colcon_core.shell:create_environment_hook('rgb_camera', 'pythonpath')
[3.582s] INFO:colcon.colcon_core.shell:Creating environment hook '/home/vom/Nano_Vision/install/rgb_camera/share/rgb_camera/hook/pythonpath.ps1'
[3.583s] INFO:colcon.colcon_core.shell:Creating environment descriptor '/home/vom/Nano_Vision/install/rgb_camera/share/rgb_camera/hook/pythonpath.dsv'
[3.583s] INFO:colcon.colcon_core.shell:Creating environment hook '/home/vom/Nano_Vision/install/rgb_camera/share/rgb_camera/hook/pythonpath.sh'
[3.584s] Level 1:colcon.colcon_core.environment:checking '/home/vom/Nano_Vision/install/rgb_camera/bin'
[3.584s] Level 1:colcon.colcon_core.environment:create_environment_scripts_only(rgb_camera)
[3.600s] INFO:colcon.colcon_core.shell:Creating package script '/home/vom/Nano_Vision/install/rgb_camera/share/rgb_camera/package.ps1'
[3.601s] INFO:colcon.colcon_core.shell:Creating package descriptor '/home/vom/Nano_Vision/install/rgb_camera/share/rgb_camera/package.dsv'
[3.602s] INFO:colcon.colcon_core.shell:Creating package script '/home/vom/Nano_Vision/install/rgb_camera/share/rgb_camera/package.sh'
[3.603s] INFO:colcon.colcon_core.shell:Creating package script '/home/vom/Nano_Vision/install/rgb_camera/share/rgb_camera/package.bash'
[3.604s] INFO:colcon.colcon_core.shell:Creating package script '/home/vom/Nano_Vision/install/rgb_camera/share/rgb_camera/package.zsh'
[3.604s] Level 1:colcon.colcon_core.environment:create_file_with_runtime_dependencies(/home/vom/Nano_Vision/install/rgb_camera/share/colcon-core/packages/rgb_camera)
[3.607s] DEBUG:colcon.colcon_core.event_handler.log_command:Invoked command in '/home/vom/Nano_Vision/src/ir_camera' returned '0': PYTHONPATH=/home/vom/Nano_Vision/build/ir_camera/prefix_override:/home/vom/Nano_Vision/install/ir_camera/lib/python3.10/site-packages:${PYTHONPATH} /usr/bin/python3 setup.py egg_info --egg-base ../../build/ir_camera build --build-base /home/vom/Nano_Vision/build/ir_camera/build install --record /home/vom/Nano_Vision/build/ir_camera/install.log --single-version-externally-managed
[3.621s] Level 1:colcon.colcon_core.environment:checking '/home/vom/Nano_Vision/install/ir_camera' for CMake module files
[3.622s] Level 1:colcon.colcon_core.environment:checking '/home/vom/Nano_Vision/install/ir_camera' for CMake config files
[3.622s] Level 1:colcon.colcon_core.environment:checking '/home/vom/Nano_Vision/install/ir_camera/lib'
[3.622s] Level 1:colcon.colcon_core.environment:checking '/home/vom/Nano_Vision/install/ir_camera/bin'
[3.622s] Level 1:colcon.colcon_core.environment:checking '/home/vom/Nano_Vision/install/ir_camera/lib/pkgconfig/ir_camera.pc'
[3.622s] Level 1:colcon.colcon_core.environment:checking '/home/vom/Nano_Vision/install/ir_camera/lib/python3.10/site-packages'
[3.622s] Level 1:colcon.colcon_core.shell:create_environment_hook('ir_camera', 'pythonpath')
[3.637s] INFO:colcon.colcon_core.shell:Creating environment hook '/home/vom/Nano_Vision/install/ir_camera/share/ir_camera/hook/pythonpath.ps1'
[3.637s] INFO:colcon.colcon_core.shell:Creating environment descriptor '/home/vom/Nano_Vision/install/ir_camera/share/ir_camera/hook/pythonpath.dsv'
[3.638s] INFO:colcon.colcon_core.shell:Creating environment hook '/home/vom/Nano_Vision/install/ir_camera/share/ir_camera/hook/pythonpath.sh'
[3.638s] Level 1:colcon.colcon_core.environment:checking '/home/vom/Nano_Vision/install/ir_camera/bin'
[3.638s] Level 1:colcon.colcon_core.environment:create_environment_scripts_only(ir_camera)
[3.652s] INFO:colcon.colcon_core.shell:Creating package script '/home/vom/Nano_Vision/install/ir_camera/share/ir_camera/package.ps1'
[3.653s] INFO:colcon.colcon_core.shell:Creating package descriptor '/home/vom/Nano_Vision/install/ir_camera/share/ir_camera/package.dsv'
[3.653s] INFO:colcon.colcon_core.shell:Creating package script '/home/vom/Nano_Vision/install/ir_camera/share/ir_camera/package.sh'
[3.654s] INFO:colcon.colcon_core.shell:Creating package script '/home/vom/Nano_Vision/install/ir_camera/share/ir_camera/package.bash'
[3.654s] INFO:colcon.colcon_core.shell:Creating package script '/home/vom/Nano_Vision/install/ir_camera/share/ir_camera/package.zsh'
[3.654s] Level 1:colcon.colcon_core.environment:create_file_with_runtime_dependencies(/home/vom/Nano_Vision/install/ir_camera/share/colcon-core/packages/ir_camera)
[3.654s] INFO:colcon.colcon_ros.task.ament_cmake.build:Building ROS package in '/home/vom/Nano_Vision/src/yansa_vision_bringup' with build type 'ament_cmake'
[3.655s] INFO:colcon.colcon_cmake.task.cmake.build:Building CMake package in '/home/vom/Nano_Vision/src/yansa_vision_bringup'
[3.670s] INFO:colcon.colcon_core.shell:Skip shell extension 'powershell' for command environment: Not usable outside of PowerShell
[3.670s] DEBUG:colcon.colcon_core.shell:Skip shell extension 'dsv' for command environment
[3.759s] DEBUG:colcon.colcon_core.event_handler.log_command:Invoking command in '/home/vom/Nano_Vision/build/yansa_vision_bringup': AMENT_PREFIX_PATH=/home/vom/Nano_Vision/install/rgb_camera:/home/vom/Nano_Vision/install/ir_camera:/home/vom/ros2_ws/install/yansa_vision_bringup:/home/vom/ros2_ws/install/velodyne_lidar_bringup:/home/vom/ros2_ws/install/velodyne_lidar:/home/vom/ros2_ws/install/rgb_camera:/home/vom/ros2_ws/install/ir_camera:/home/vom/RasPi_LiDAR/install/velodyne_lidar_bringup:/home/vom/RasPi_LiDAR/install/velodyne_lidar:/home/vom/Nano_Vision/install/yansa_vision_bringup:/opt/ros/humble CMAKE_PREFIX_PATH=${CMAKE_PREFIX_PATH}:/home/vom/ros2_ws/install/velodyne_lidar:/home/vom/ros2_ws/install/rgb_camera:/home/vom/ros2_ws/install/ir_camera:/home/vom/RasPi_LiDAR/install/velodyne_lidar:/home/vom/Nano_Vision/install/rgb_camera:/home/vom/Nano_Vision/install/ir_camera:/opt/ros/humble PYTHONPATH=/home/vom/Nano_Vision/install/rgb_camera/lib/python3.10/site-packages:/home/vom/Nano_Vision/install/ir_camera/lib/python3.10/site-packages:/home/vom/ros2_ws/build/velodyne_lidar:/home/vom/ros2_ws/install/velodyne_lidar/lib/python3.10/site-packages:/home/vom/ros2_ws/build/rgb_camera:/home/vom/ros2_ws/install/rgb_camera/lib/python3.10/site-packages:/home/vom/ros2_ws/build/ir_camera:/home/vom/ros2_ws/install/ir_camera/lib/python3.10/site-packages:/home/vom/RasPi_LiDAR/install/velodyne_lidar/lib/python3.10/site-packages:/home/vom/Nano_Vision/build/rgb_camera:/home/vom/Nano_Vision/build/ir_camera:/opt/ros/humble/lib/python3.10/site-packages:/opt/ros/humble/local/lib/python3.10/dist-packages /usr/bin/cmake /home/vom/Nano_Vision/src/yansa_vision_bringup -DCMAKE_INSTALL_PREFIX=/home/vom/Nano_Vision/install/yansa_vision_bringup
[4.105s] DEBUG:colcon.colcon_core.event_handler.log_command:Invoked command in '/home/vom/Nano_Vision/build/yansa_vision_bringup' returned '0': AMENT_PREFIX_PATH=/home/vom/Nano_Vision/install/rgb_camera:/home/vom/Nano_Vision/install/ir_camera:/home/vom/ros2_ws/install/yansa_vision_bringup:/home/vom/ros2_ws/install/velodyne_lidar_bringup:/home/vom/ros2_ws/install/velodyne_lidar:/home/vom/ros2_ws/install/rgb_camera:/home/vom/ros2_ws/install/ir_camera:/home/vom/RasPi_LiDAR/install/velodyne_lidar_bringup:/home/vom/RasPi_LiDAR/install/velodyne_lidar:/home/vom/Nano_Vision/install/yansa_vision_bringup:/opt/ros/humble CMAKE_PREFIX_PATH=${CMAKE_PREFIX_PATH}:/home/vom/ros2_ws/install/velodyne_lidar:/home/vom/ros2_ws/install/rgb_camera:/home/vom/ros2_ws/install/ir_camera:/home/vom/RasPi_LiDAR/install/velodyne_lidar:/home/vom/Nano_Vision/install/rgb_camera:/home/vom/Nano_Vision/install/ir_camera:/opt/ros/humble PYTHONPATH=/home/vom/Nano_Vision/install/rgb_camera/lib/python3.10/site-packages:/home/vom/Nano_Vision/install/ir_camera/lib/python3.10/site-packages:/home/vom/ros2_ws/build/velodyne_lidar:/home/vom/ros2_ws/install/velodyne_lidar/lib/python3.10/site-packages:/home/vom/ros2_ws/build/rgb_camera:/home/vom/ros2_ws/install/rgb_camera/lib/python3.10/site-packages:/home/vom/ros2_ws/build/ir_camera:/home/vom/ros2_ws/install/ir_camera/lib/python3.10/site-packages:/home/vom/RasPi_LiDAR/install/velodyne_lidar/lib/python3.10/site-packages:/home/vom/Nano_Vision/build/rgb_camera:/home/vom/Nano_Vision/build/ir_camera:/opt/ros/humble/lib/python3.10/site-packages:/opt/ros/humble/local/lib/python3.10/dist-packages /usr/bin/cmake /home/vom/Nano_Vision/src/yansa_vision_bringup -DCMAKE_INSTALL_PREFIX=/home/vom/Nano_Vision/install/yansa_vision_bringup
[4.105s] DEBUG:colcon.colcon_core.event_handler.log_command:Invoking command in '/home/vom/Nano_Vision/build/yansa_vision_bringup': AMENT_PREFIX_PATH=/home/vom/Nano_Vision/install/rgb_camera:/home/vom/Nano_Vision/install/ir_camera:/home/vom/ros2_ws/install/yansa_vision_bringup:/home/vom/ros2_ws/install/velodyne_lidar_bringup:/home/vom/ros2_ws/install/velodyne_lidar:/home/vom/ros2_ws/install/rgb_camera:/home/vom/ros2_ws/install/ir_camera:/home/vom/RasPi_LiDAR/install/velodyne_lidar_bringup:/home/vom/RasPi_LiDAR/install/velodyne_lidar:/home/vom/Nano_Vision/install/yansa_vision_bringup:/opt/ros/humble CMAKE_PREFIX_PATH=${CMAKE_PREFIX_PATH}:/home/vom/ros2_ws/install/velodyne_lidar:/home/vom/ros2_ws/install/rgb_camera:/home/vom/ros2_ws/install/ir_camera:/home/vom/RasPi_LiDAR/install/velodyne_lidar:/home/vom/Nano_Vision/install/rgb_camera:/home/vom/Nano_Vision/install/ir_camera:/opt/ros/humble PYTHONPATH=/home/vom/Nano_Vision/install/rgb_camera/lib/python3.10/site-packages:/home/vom/Nano_Vision/install/ir_camera/lib/python3.10/site-packages:/home/vom/ros2_ws/build/velodyne_lidar:/home/vom/ros2_ws/install/velodyne_lidar/lib/python3.10/site-packages:/home/vom/ros2_ws/build/rgb_camera:/home/vom/ros2_ws/install/rgb_camera/lib/python3.10/site-packages:/home/vom/ros2_ws/build/ir_camera:/home/vom/ros2_ws/install/ir_camera/lib/python3.10/site-packages:/home/vom/RasPi_LiDAR/install/velodyne_lidar/lib/python3.10/site-packages:/home/vom/Nano_Vision/build/rgb_camera:/home/vom/Nano_Vision/build/ir_camera:/opt/ros/humble/lib/python3.10/site-packages:/opt/ros/humble/local/lib/python3.10/dist-packages /usr/bin/cmake --build /home/vom/Nano_Vision/build/yansa_vision_bringup -- -j8 -l8
[4.145s] DEBUG:colcon.colcon_core.event_handler.log_command:Invoked command in '/home/vom/Nano_Vision/build/yansa_vision_bringup' returned '0': AMENT_PREFIX_PATH=/home/vom/Nano_Vision/install/rgb_camera:/home/vom/Nano_Vision/install/ir_camera:/home/vom/ros2_ws/install/yansa_vision_bringup:/home/vom/ros2_ws/install/velodyne_lidar_bringup:/home/vom/ros2_ws/install/velodyne_lidar:/home/vom/ros2_ws/install/rgb_camera:/home/vom/ros2_ws/install/ir_camera:/home/vom/RasPi_LiDAR/install/velodyne_lidar_bringup:/home/vom/RasPi_LiDAR/install/velodyne_lidar:/home/vom/Nano_Vision/install/yansa_vision_bringup:/opt/ros/humble CMAKE_PREFIX_PATH=${CMAKE_PREFIX_PATH}:/home/vom/ros2_ws/install/velodyne_lidar:/home/vom/ros2_ws/install/rgb_camera:/home/vom/ros2_ws/install/ir_camera:/home/vom/RasPi_LiDAR/install/velodyne_lidar:/home/vom/Nano_Vision/install/rgb_camera:/home/vom/Nano_Vision/install/ir_camera:/opt/ros/humble PYTHONPATH=/home/vom/Nano_Vision/install/rgb_camera/lib/python3.10/site-packages:/home/vom/Nano_Vision/install/ir_camera/lib/python3.10/site-packages:/home/vom/ros2_ws/build/velodyne_lidar:/home/vom/ros2_ws/install/velodyne_lidar/lib/python3.10/site-packages:/home/vom/ros2_ws/build/rgb_camera:/home/vom/ros2_ws/install/rgb_camera/lib/python3.10/site-packages:/home/vom/ros2_ws/build/ir_camera:/home/vom/ros2_ws/install/ir_camera/lib/python3.10/site-packages:/home/vom/RasPi_LiDAR/install/velodyne_lidar/lib/python3.10/site-packages:/home/vom/Nano_Vision/build/rgb_camera:/home/vom/Nano_Vision/build/ir_camera:/opt/ros/humble/lib/python3.10/site-packages:/opt/ros/humble/local/lib/python3.10/dist-packages /usr/bin/cmake --build /home/vom/Nano_Vision/build/yansa_vision_bringup -- -j8 -l8
[4.206s] DEBUG:colcon.colcon_core.event_handler.log_command:Invoking command in '/home/vom/Nano_Vision/build/yansa_vision_bringup': AMENT_PREFIX_PATH=/home/vom/Nano_Vision/install/rgb_camera:/home/vom/Nano_Vision/install/ir_camera:/home/vom/ros2_ws/install/yansa_vision_bringup:/home/vom/ros2_ws/install/velodyne_lidar_bringup:/home/vom/ros2_ws/install/velodyne_lidar:/home/vom/ros2_ws/install/rgb_camera:/home/vom/ros2_ws/install/ir_camera:/home/vom/RasPi_LiDAR/install/velodyne_lidar_bringup:/home/vom/RasPi_LiDAR/install/velodyne_lidar:/home/vom/Nano_Vision/install/yansa_vision_bringup:/opt/ros/humble CMAKE_PREFIX_PATH=${CMAKE_PREFIX_PATH}:/home/vom/ros2_ws/install/velodyne_lidar:/home/vom/ros2_ws/install/rgb_camera:/home/vom/ros2_ws/install/ir_camera:/home/vom/RasPi_LiDAR/install/velodyne_lidar:/home/vom/Nano_Vision/install/rgb_camera:/home/vom/Nano_Vision/install/ir_camera:/opt/ros/humble PYTHONPATH=/home/vom/Nano_Vision/install/rgb_camera/lib/python3.10/site-packages:/home/vom/Nano_Vision/install/ir_camera/lib/python3.10/site-packages:/home/vom/ros2_ws/build/velodyne_lidar:/home/vom/ros2_ws/install/velodyne_lidar/lib/python3.10/site-packages:/home/vom/ros2_ws/build/rgb_camera:/home/vom/ros2_ws/install/rgb_camera/lib/python3.10/site-packages:/home/vom/ros2_ws/build/ir_camera:/home/vom/ros2_ws/install/ir_camera/lib/python3.10/site-packages:/home/vom/RasPi_LiDAR/install/velodyne_lidar/lib/python3.10/site-packages:/home/vom/Nano_Vision/build/rgb_camera:/home/vom/Nano_Vision/build/ir_camera:/opt/ros/humble/lib/python3.10/site-packages:/opt/ros/humble/local/lib/python3.10/dist-packages /usr/bin/cmake --install /home/vom/Nano_Vision/build/yansa_vision_bringup
[4.233s] Level 1:colcon.colcon_core.environment:create_environment_scripts_only(yansa_vision_bringup)
[4.234s] DEBUG:colcon.colcon_core.event_handler.log_command:Invoked command in '/home/vom/Nano_Vision/build/yansa_vision_bringup' returned '0': AMENT_PREFIX_PATH=/home/vom/Nano_Vision/install/rgb_camera:/home/vom/Nano_Vision/install/ir_camera:/home/vom/ros2_ws/install/yansa_vision_bringup:/home/vom/ros2_ws/install/velodyne_lidar_bringup:/home/vom/ros2_ws/install/velodyne_lidar:/home/vom/ros2_ws/install/rgb_camera:/home/vom/ros2_ws/install/ir_camera:/home/vom/RasPi_LiDAR/install/velodyne_lidar_bringup:/home/vom/RasPi_LiDAR/install/velodyne_lidar:/home/vom/Nano_Vision/install/yansa_vision_bringup:/opt/ros/humble CMAKE_PREFIX_PATH=${CMAKE_PREFIX_PATH}:/home/vom/ros2_ws/install/velodyne_lidar:/home/vom/ros2_ws/install/rgb_camera:/home/vom/ros2_ws/install/ir_camera:/home/vom/RasPi_LiDAR/install/velodyne_lidar:/home/vom/Nano_Vision/install/rgb_camera:/home/vom/Nano_Vision/install/ir_camera:/opt/ros/humble PYTHONPATH=/home/vom/Nano_Vision/install/rgb_camera/lib/python3.10/site-packages:/home/vom/Nano_Vision/install/ir_camera/lib/python3.10/site-packages:/home/vom/ros2_ws/build/velodyne_lidar:/home/vom/ros2_ws/install/velodyne_lidar/lib/python3.10/site-packages:/home/vom/ros2_ws/build/rgb_camera:/home/vom/ros2_ws/install/rgb_camera/lib/python3.10/site-packages:/home/vom/ros2_ws/build/ir_camera:/home/vom/ros2_ws/install/ir_camera/lib/python3.10/site-packages:/home/vom/RasPi_LiDAR/install/velodyne_lidar/lib/python3.10/site-packages:/home/vom/Nano_Vision/build/rgb_camera:/home/vom/Nano_Vision/build/ir_camera:/opt/ros/humble/lib/python3.10/site-packages:/opt/ros/humble/local/lib/python3.10/dist-packages /usr/bin/cmake --install /home/vom/Nano_Vision/build/yansa_vision_bringup
[4.254s] Level 1:colcon.colcon_core.environment:checking '/home/vom/Nano_Vision/install/yansa_vision_bringup' for CMake module files
[4.255s] Level 1:colcon.colcon_core.environment:checking '/home/vom/Nano_Vision/install/yansa_vision_bringup' for CMake config files
[4.255s] Level 1:colcon.colcon_core.shell:create_environment_hook('yansa_vision_bringup', 'cmake_prefix_path')
[4.275s] INFO:colcon.colcon_core.shell:Creating environment hook '/home/vom/Nano_Vision/install/yansa_vision_bringup/share/yansa_vision_bringup/hook/cmake_prefix_path.ps1'
[4.275s] INFO:colcon.colcon_core.shell:Creating environment descriptor '/home/vom/Nano_Vision/install/yansa_vision_bringup/share/yansa_vision_bringup/hook/cmake_prefix_path.dsv'
[4.276s] INFO:colcon.colcon_core.shell:Creating environment hook '/home/vom/Nano_Vision/install/yansa_vision_bringup/share/yansa_vision_bringup/hook/cmake_prefix_path.sh'
[4.276s] Level 1:colcon.colcon_core.environment:checking '/home/vom/Nano_Vision/install/yansa_vision_bringup/bin'
[4.276s] Level 1:colcon.colcon_core.environment:checking '/home/vom/Nano_Vision/install/yansa_vision_bringup/lib/pkgconfig/yansa_vision_bringup.pc'
[4.277s] Level 1:colcon.colcon_core.environment:checking '/home/vom/Nano_Vision/install/yansa_vision_bringup/lib/python3.10/site-packages'
[4.277s] Level 1:colcon.colcon_core.environment:checking '/home/vom/Nano_Vision/install/yansa_vision_bringup/bin'
[4.297s] INFO:colcon.colcon_core.shell:Creating package script '/home/vom/Nano_Vision/install/yansa_vision_bringup/share/yansa_vision_bringup/package.ps1'
[4.298s] INFO:colcon.colcon_core.shell:Creating package descriptor '/home/vom/Nano_Vision/install/yansa_vision_bringup/share/yansa_vision_bringup/package.dsv'
[4.298s] INFO:colcon.colcon_core.shell:Creating package script '/home/vom/Nano_Vision/install/yansa_vision_bringup/share/yansa_vision_bringup/package.sh'
[4.299s] INFO:colcon.colcon_core.shell:Creating package script '/home/vom/Nano_Vision/install/yansa_vision_bringup/share/yansa_vision_bringup/package.bash'
[4.299s] INFO:colcon.colcon_core.shell:Creating package script '/home/vom/Nano_Vision/install/yansa_vision_bringup/share/yansa_vision_bringup/package.zsh'
[4.299s] Level 1:colcon.colcon_core.environment:create_file_with_runtime_dependencies(/home/vom/Nano_Vision/install/yansa_vision_bringup/share/colcon-core/packages/yansa_vision_bringup)
[4.342s] Level 1:colcon.colcon_core.environment:create_environment_scripts_only(yansa_vision_bringup)
[4.364s] Level 1:colcon.colcon_core.environment:checking '/home/vom/Nano_Vision/install/yansa_vision_bringup' for CMake module files
[4.365s] Level 1:colcon.colcon_core.environment:checking '/home/vom/Nano_Vision/install/yansa_vision_bringup' for CMake config files
[4.365s] Level 1:colcon.colcon_core.shell:create_environment_hook('yansa_vision_bringup', 'cmake_prefix_path')
[4.384s] INFO:colcon.colcon_core.shell:Creating environment hook '/home/vom/Nano_Vision/install/yansa_vision_bringup/share/yansa_vision_bringup/hook/cmake_prefix_path.ps1'
[4.385s] INFO:colcon.colcon_core.shell:Creating environment descriptor '/home/vom/Nano_Vision/install/yansa_vision_bringup/share/yansa_vision_bringup/hook/cmake_prefix_path.dsv'
[4.385s] INFO:colcon.colcon_core.shell:Creating environment hook '/home/vom/Nano_Vision/install/yansa_vision_bringup/share/yansa_vision_bringup/hook/cmake_prefix_path.sh'
[4.386s] Level 1:colcon.colcon_core.environment:checking '/home/vom/Nano_Vision/install/yansa_vision_bringup/bin'
[4.386s] Level 1:colcon.colcon_core.environment:checking '/home/vom/Nano_Vision/install/yansa_vision_bringup/lib/pkgconfig/yansa_vision_bringup.pc'
[4.386s] Level 1:colcon.colcon_core.environment:checking '/home/vom/Nano_Vision/install/yansa_vision_bringup/lib/python3.10/site-packages'
[4.386s] Level 1:colcon.colcon_core.environment:checking '/home/vom/Nano_Vision/install/yansa_vision_bringup/bin'
[4.406s] INFO:colcon.colcon_core.shell:Creating package script '/home/vom/Nano_Vision/install/yansa_vision_bringup/share/yansa_vision_bringup/package.ps1'
[4.407s] INFO:colcon.colcon_core.shell:Creating package descriptor '/home/vom/Nano_Vision/install/yansa_vision_bringup/share/yansa_vision_bringup/package.dsv'
[4.407s] INFO:colcon.colcon_core.shell:Creating package script '/home/vom/Nano_Vision/install/yansa_vision_bringup/share/yansa_vision_bringup/package.sh'
[4.408s] INFO:colcon.colcon_core.shell:Creating package script '/home/vom/Nano_Vision/install/yansa_vision_bringup/share/yansa_vision_bringup/package.bash'
[4.408s] INFO:colcon.colcon_core.shell:Creating package script '/home/vom/Nano_Vision/install/yansa_vision_bringup/share/yansa_vision_bringup/package.zsh'
[4.409s] Level 1:colcon.colcon_core.environment:create_file_with_runtime_dependencies(/home/vom/Nano_Vision/install/yansa_vision_bringup/share/colcon-core/packages/yansa_vision_bringup)
[4.409s] DEBUG:colcon.colcon_parallel_executor.executor.parallel:closing loop
[4.410s] DEBUG:colcon.colcon_parallel_executor.executor.parallel:loop closed
[4.410s] DEBUG:colcon.colcon_parallel_executor.executor.parallel:run_until_complete finished with '0'
[4.410s] DEBUG:colcon.colcon_core.event_reactor:joining thread
[4.435s] INFO:colcon.colcon_core.plugin_system:Skipping extension 'colcon_notification.desktop_notification.terminal_notifier': Not used on non-Darwin systems
[4.435s] INFO:colcon.colcon_core.plugin_system:Skipping extension 'colcon_notification.desktop_notification.win32': Not used on non-Windows systems
[4.435s] INFO:colcon.colcon_notification.desktop_notification:Sending desktop notification using 'notify2'
[4.450s] DEBUG:colcon.colcon_core.event_reactor:joined thread
[4.476s] INFO:colcon.colcon_core.shell:Creating prefix script '/home/vom/Nano_Vision/install/local_setup.ps1'
[4.478s] INFO:colcon.colcon_core.shell:Creating prefix util module '/home/vom/Nano_Vision/install/_local_setup_util_ps1.py'
[4.481s] INFO:colcon.colcon_core.shell:Creating prefix chain script '/home/vom/Nano_Vision/install/setup.ps1'
[4.512s] INFO:colcon.colcon_core.shell:Creating prefix script '/home/vom/Nano_Vision/install/local_setup.sh'
[4.513s] INFO:colcon.colcon_core.shell:Creating prefix util module '/home/vom/Nano_Vision/install/_local_setup_util_sh.py'
[4.514s] INFO:colcon.colcon_core.shell:Creating prefix chain script '/home/vom/Nano_Vision/install/setup.sh'
[4.536s] INFO:colcon.colcon_core.shell:Creating prefix script '/home/vom/Nano_Vision/install/local_setup.bash'
[4.536s] INFO:colcon.colcon_core.shell:Creating prefix chain script '/home/vom/Nano_Vision/install/setup.bash'
[4.553s] INFO:colcon.colcon_core.shell:Creating prefix script '/home/vom/Nano_Vision/install/local_setup.zsh'
[4.554s] INFO:colcon.colcon_core.shell:Creating prefix chain script '/home/vom/Nano_Vision/install/setup.zsh'
