[0.150s] Invoking command in '/home/vom/ros2_ws/Nano_Vision/build/yansa_vision_bringup': AMENT_PREFIX_PATH=/home/vom/ros2_ws/Nano_Vision/install/usb_mount:/home/vom/ros2_ws/Nano_Vision/install/rgb_camera:/home/vom/ros2_ws/Nano_Vision/install/ir_camera:${AMENT_PREFIX_PATH} CMAKE_PREFIX_PATH=${CMAKE_PREFIX_PATH}:/home/vom/ros2_ws/RasPi_GPS_IMU/install/imu:/home/vom/ros2_ws/RasPi_GPS_IMU/install/gps_rtk2:/home/vom/ros2_ws/RasPi_LiDAR/install/velodyne_lidar:/home/vom/ros2_ws/HusarionRosbot2R/install/my_robot_controller:/opt/ros/humble PYTHONPATH=/home/vom/ros2_ws/Nano_Vision/build/usb_mount:/home/vom/ros2_ws/Nano_Vision/install/usb_mount/lib/python3.10/site-packages:/home/vom/ros2_ws/Nano_Vision/build/rgb_camera:/home/vom/ros2_ws/Nano_Vision/install/rgb_camera/lib/python3.10/site-packages:/home/vom/ros2_ws/Nano_Vision/build/ir_camera:/home/vom/ros2_ws/Nano_Vision/install/ir_camera/lib/python3.10/site-packages:${PYTHONPATH} /usr/bin/cmake /home/vom/ros2_ws/Nano_Vision/src/yansa_vision_bringup -DAMENT_CMAKE_SYMLINK_INSTALL=1 -DCMAKE_INSTALL_PREFIX=/home/vom/ros2_ws/Nano_Vision/install/yansa_vision_bringup
[0.231s] -- The C compiler identification is GNU 11.4.0
[0.310s] -- The CXX compiler identification is GNU 11.4.0
[0.318s] -- Detecting C compiler ABI info
[0.392s] -- Detecting C compiler ABI info - done
[0.400s] -- Check for working C compiler: /usr/bin/cc - skipped
[0.401s] -- Detecting C compile features
[0.401s] -- Detecting C compile features - done
[0.405s] -- Detecting CXX compiler ABI info
[0.502s] -- Detecting CXX compiler ABI info - done
[0.512s] -- Check for working CXX compiler: /usr/bin/c++ - skipped
[0.513s] -- Detecting CXX compile features
[0.513s] -- Detecting CXX compile features - done
[0.516s] -- Found ament_cmake: 1.3.6 (/opt/ros/humble/share/ament_cmake/cmake)
[0.735s] -- Found Python3: /usr/bin/python3.10 (found version "3.10.12") found components: Interpreter 
[0.804s] -- Override CMake install command with custom implementation using symlinks instead of copying resources
[0.915s] -- Configuring done
[0.917s] -- Generating done
[0.918s] -- Build files have been written to: /home/vom/ros2_ws/Nano_Vision/build/yansa_vision_bringup
[0.924s] Invoked command in '/home/vom/ros2_ws/Nano_Vision/build/yansa_vision_bringup' returned '0': AMENT_PREFIX_PATH=/home/vom/ros2_ws/Nano_Vision/install/usb_mount:/home/vom/ros2_ws/Nano_Vision/install/rgb_camera:/home/vom/ros2_ws/Nano_Vision/install/ir_camera:${AMENT_PREFIX_PATH} CMAKE_PREFIX_PATH=${CMAKE_PREFIX_PATH}:/home/vom/ros2_ws/RasPi_GPS_IMU/install/imu:/home/vom/ros2_ws/RasPi_GPS_IMU/install/gps_rtk2:/home/vom/ros2_ws/RasPi_LiDAR/install/velodyne_lidar:/home/vom/ros2_ws/HusarionRosbot2R/install/my_robot_controller:/opt/ros/humble PYTHONPATH=/home/vom/ros2_ws/Nano_Vision/build/usb_mount:/home/vom/ros2_ws/Nano_Vision/install/usb_mount/lib/python3.10/site-packages:/home/vom/ros2_ws/Nano_Vision/build/rgb_camera:/home/vom/ros2_ws/Nano_Vision/install/rgb_camera/lib/python3.10/site-packages:/home/vom/ros2_ws/Nano_Vision/build/ir_camera:/home/vom/ros2_ws/Nano_Vision/install/ir_camera/lib/python3.10/site-packages:${PYTHONPATH} /usr/bin/cmake /home/vom/ros2_ws/Nano_Vision/src/yansa_vision_bringup -DAMENT_CMAKE_SYMLINK_INSTALL=1 -DCMAKE_INSTALL_PREFIX=/home/vom/ros2_ws/Nano_Vision/install/yansa_vision_bringup
[0.927s] Invoking command in '/home/vom/ros2_ws/Nano_Vision/build/yansa_vision_bringup': AMENT_PREFIX_PATH=/home/vom/ros2_ws/Nano_Vision/install/usb_mount:/home/vom/ros2_ws/Nano_Vision/install/rgb_camera:/home/vom/ros2_ws/Nano_Vision/install/ir_camera:${AMENT_PREFIX_PATH} CMAKE_PREFIX_PATH=${CMAKE_PREFIX_PATH}:/home/vom/ros2_ws/RasPi_GPS_IMU/install/imu:/home/vom/ros2_ws/RasPi_GPS_IMU/install/gps_rtk2:/home/vom/ros2_ws/RasPi_LiDAR/install/velodyne_lidar:/home/vom/ros2_ws/HusarionRosbot2R/install/my_robot_controller:/opt/ros/humble PYTHONPATH=/home/vom/ros2_ws/Nano_Vision/build/usb_mount:/home/vom/ros2_ws/Nano_Vision/install/usb_mount/lib/python3.10/site-packages:/home/vom/ros2_ws/Nano_Vision/build/rgb_camera:/home/vom/ros2_ws/Nano_Vision/install/rgb_camera/lib/python3.10/site-packages:/home/vom/ros2_ws/Nano_Vision/build/ir_camera:/home/vom/ros2_ws/Nano_Vision/install/ir_camera/lib/python3.10/site-packages:${PYTHONPATH} /usr/bin/cmake --build /home/vom/ros2_ws/Nano_Vision/build/yansa_vision_bringup -- -j8 -l8
[0.976s] Invoked command in '/home/vom/ros2_ws/Nano_Vision/build/yansa_vision_bringup' returned '0': AMENT_PREFIX_PATH=/home/vom/ros2_ws/Nano_Vision/install/usb_mount:/home/vom/ros2_ws/Nano_Vision/install/rgb_camera:/home/vom/ros2_ws/Nano_Vision/install/ir_camera:${AMENT_PREFIX_PATH} CMAKE_PREFIX_PATH=${CMAKE_PREFIX_PATH}:/home/vom/ros2_ws/RasPi_GPS_IMU/install/imu:/home/vom/ros2_ws/RasPi_GPS_IMU/install/gps_rtk2:/home/vom/ros2_ws/RasPi_LiDAR/install/velodyne_lidar:/home/vom/ros2_ws/HusarionRosbot2R/install/my_robot_controller:/opt/ros/humble PYTHONPATH=/home/vom/ros2_ws/Nano_Vision/build/usb_mount:/home/vom/ros2_ws/Nano_Vision/install/usb_mount/lib/python3.10/site-packages:/home/vom/ros2_ws/Nano_Vision/build/rgb_camera:/home/vom/ros2_ws/Nano_Vision/install/rgb_camera/lib/python3.10/site-packages:/home/vom/ros2_ws/Nano_Vision/build/ir_camera:/home/vom/ros2_ws/Nano_Vision/install/ir_camera/lib/python3.10/site-packages:${PYTHONPATH} /usr/bin/cmake --build /home/vom/ros2_ws/Nano_Vision/build/yansa_vision_bringup -- -j8 -l8
[1.018s] Invoking command in '/home/vom/ros2_ws/Nano_Vision/build/yansa_vision_bringup': AMENT_PREFIX_PATH=/home/vom/ros2_ws/Nano_Vision/install/usb_mount:/home/vom/ros2_ws/Nano_Vision/install/rgb_camera:/home/vom/ros2_ws/Nano_Vision/install/ir_camera:${AMENT_PREFIX_PATH} CMAKE_PREFIX_PATH=${CMAKE_PREFIX_PATH}:/home/vom/ros2_ws/RasPi_GPS_IMU/install/imu:/home/vom/ros2_ws/RasPi_GPS_IMU/install/gps_rtk2:/home/vom/ros2_ws/RasPi_LiDAR/install/velodyne_lidar:/home/vom/ros2_ws/HusarionRosbot2R/install/my_robot_controller:/opt/ros/humble PYTHONPATH=/home/vom/ros2_ws/Nano_Vision/build/usb_mount:/home/vom/ros2_ws/Nano_Vision/install/usb_mount/lib/python3.10/site-packages:/home/vom/ros2_ws/Nano_Vision/build/rgb_camera:/home/vom/ros2_ws/Nano_Vision/install/rgb_camera/lib/python3.10/site-packages:/home/vom/ros2_ws/Nano_Vision/build/ir_camera:/home/vom/ros2_ws/Nano_Vision/install/ir_camera/lib/python3.10/site-packages:${PYTHONPATH} /usr/bin/cmake --install /home/vom/ros2_ws/Nano_Vision/build/yansa_vision_bringup
[1.026s] -- Install configuration: ""
[1.028s] -- Execute custom install script
[1.028s] -- Symlinking: /home/vom/ros2_ws/Nano_Vision/install/yansa_vision_bringup/share/yansa_vision_bringup/launch/vision.launch.py
[1.039s] -- Symlinking: /home/vom/ros2_ws/Nano_Vision/install/yansa_vision_bringup/share/ament_index/resource_index/package_run_dependencies/yansa_vision_bringup
[1.050s] -- Symlinking: /home/vom/ros2_ws/Nano_Vision/install/yansa_vision_bringup/share/ament_index/resource_index/parent_prefix_path/yansa_vision_bringup
[1.061s] -- Symlinking: /home/vom/ros2_ws/Nano_Vision/install/yansa_vision_bringup/share/yansa_vision_bringup/environment/ament_prefix_path.sh
[1.070s] -- Symlinking: /home/vom/ros2_ws/Nano_Vision/install/yansa_vision_bringup/share/yansa_vision_bringup/environment/ament_prefix_path.dsv
[1.079s] -- Symlinking: /home/vom/ros2_ws/Nano_Vision/install/yansa_vision_bringup/share/yansa_vision_bringup/environment/path.sh
[1.088s] -- Symlinking: /home/vom/ros2_ws/Nano_Vision/install/yansa_vision_bringup/share/yansa_vision_bringup/environment/path.dsv
[1.099s] -- Symlinking: /home/vom/ros2_ws/Nano_Vision/install/yansa_vision_bringup/share/yansa_vision_bringup/local_setup.bash
[1.109s] -- Symlinking: /home/vom/ros2_ws/Nano_Vision/install/yansa_vision_bringup/share/yansa_vision_bringup/local_setup.sh
[1.120s] -- Symlinking: /home/vom/ros2_ws/Nano_Vision/install/yansa_vision_bringup/share/yansa_vision_bringup/local_setup.zsh
[1.129s] -- Symlinking: /home/vom/ros2_ws/Nano_Vision/install/yansa_vision_bringup/share/yansa_vision_bringup/local_setup.dsv
[1.138s] -- Symlinking: /home/vom/ros2_ws/Nano_Vision/install/yansa_vision_bringup/share/yansa_vision_bringup/package.dsv
[1.148s] -- Symlinking: /home/vom/ros2_ws/Nano_Vision/install/yansa_vision_bringup/share/ament_index/resource_index/packages/yansa_vision_bringup
[1.157s] -- Symlinking: /home/vom/ros2_ws/Nano_Vision/install/yansa_vision_bringup/share/yansa_vision_bringup/cmake/yansa_vision_bringupConfig.cmake
[1.165s] -- Symlinking: /home/vom/ros2_ws/Nano_Vision/install/yansa_vision_bringup/share/yansa_vision_bringup/cmake/yansa_vision_bringupConfig-version.cmake
[1.174s] -- Symlinking: /home/vom/ros2_ws/Nano_Vision/install/yansa_vision_bringup/share/yansa_vision_bringup/package.xml
[1.185s] Invoked command in '/home/vom/ros2_ws/Nano_Vision/build/yansa_vision_bringup' returned '0': AMENT_PREFIX_PATH=/home/vom/ros2_ws/Nano_Vision/install/usb_mount:/home/vom/ros2_ws/Nano_Vision/install/rgb_camera:/home/vom/ros2_ws/Nano_Vision/install/ir_camera:${AMENT_PREFIX_PATH} CMAKE_PREFIX_PATH=${CMAKE_PREFIX_PATH}:/home/vom/ros2_ws/RasPi_GPS_IMU/install/imu:/home/vom/ros2_ws/RasPi_GPS_IMU/install/gps_rtk2:/home/vom/ros2_ws/RasPi_LiDAR/install/velodyne_lidar:/home/vom/ros2_ws/HusarionRosbot2R/install/my_robot_controller:/opt/ros/humble PYTHONPATH=/home/vom/ros2_ws/Nano_Vision/build/usb_mount:/home/vom/ros2_ws/Nano_Vision/install/usb_mount/lib/python3.10/site-packages:/home/vom/ros2_ws/Nano_Vision/build/rgb_camera:/home/vom/ros2_ws/Nano_Vision/install/rgb_camera/lib/python3.10/site-packages:/home/vom/ros2_ws/Nano_Vision/build/ir_camera:/home/vom/ros2_ws/Nano_Vision/install/ir_camera/lib/python3.10/site-packages:${PYTHONPATH} /usr/bin/cmake --install /home/vom/ros2_ws/Nano_Vision/build/yansa_vision_bringup
