running develop
running egg_info
creating ir_camera.egg-info
writing ir_camera.egg-info/PKG-INFO
writing dependency_links to ir_camera.egg-info/dependency_links.txt
writing entry points to ir_camera.egg-info/entry_points.txt
writing requirements to ir_camera.egg-info/requires.txt
writing top-level names to ir_camera.egg-info/top_level.txt
writing manifest file 'ir_camera.egg-info/SOURCES.txt'
reading manifest file 'ir_camera.egg-info/SOURCES.txt'
writing manifest file 'ir_camera.egg-info/SOURCES.txt'
running build_ext
Creating /home/vom/ros2_ws/Nano_Vision/install/ir_camera/lib/python3.10/site-packages/ir-camera.egg-link (link to .)
Installing ir_grab script to /home/vom/ros2_ws/Nano_Vision/install/ir_camera/lib/ir_camera
Installing ir_pub script to /home/vom/ros2_ws/Nano_Vision/install/ir_camera/lib/ir_camera
Installing ir_sub script to /home/vom/ros2_ws/Nano_Vision/install/ir_camera/lib/ir_camera

Installed /home/vom/ros2_ws/Nano_Vision/build/ir_camera
running install_data
creating /home/vom/ros2_ws/Nano_Vision/install/ir_camera/share/ament_index
creating /home/vom/ros2_ws/Nano_Vision/install/ir_camera/share/ament_index/resource_index
creating /home/vom/ros2_ws/Nano_Vision/install/ir_camera/share/ament_index/resource_index/packages
copying resource/ir_camera -> /home/vom/ros2_ws/Nano_Vision/install/ir_camera/share/ament_index/resource_index/packages
copying package.xml -> /home/vom/ros2_ws/Nano_Vision/install/ir_camera/share/ir_camera
