/home/vom/Nano_Vision/install/ir_camera/lib/python3.10/site-packages/ir_camera/image_pub.py
/home/vom/Nano_Vision/install/ir_camera/lib/python3.10/site-packages/ir_camera/__init__.py
/home/vom/Nano_Vision/install/ir_camera/lib/python3.10/site-packages/ir_camera/image_sub.py
/home/vom/Nano_Vision/install/ir_camera/lib/python3.10/site-packages/ir_camera/image_grab.py
/home/vom/Nano_Vision/install/ir_camera/lib/python3.10/site-packages/ir_camera/__pycache__/image_pub.cpython-310.pyc
/home/vom/Nano_Vision/install/ir_camera/lib/python3.10/site-packages/ir_camera/__pycache__/__init__.cpython-310.pyc
/home/vom/Nano_Vision/install/ir_camera/lib/python3.10/site-packages/ir_camera/__pycache__/image_sub.cpython-310.pyc
/home/vom/Nano_Vision/install/ir_camera/lib/python3.10/site-packages/ir_camera/__pycache__/image_grab.cpython-310.pyc
/home/vom/Nano_Vision/install/ir_camera/share/ament_index/resource_index/packages/ir_camera
/home/vom/Nano_Vision/install/ir_camera/share/ir_camera/package.xml
/home/vom/Nano_Vision/install/ir_camera/lib/python3.10/site-packages/ir_camera-0.0.0-py3.10.egg-info/requires.txt
/home/vom/Nano_Vision/install/ir_camera/lib/python3.10/site-packages/ir_camera-0.0.0-py3.10.egg-info/entry_points.txt
/home/vom/Nano_Vision/install/ir_camera/lib/python3.10/site-packages/ir_camera-0.0.0-py3.10.egg-info/SOURCES.txt
/home/vom/Nano_Vision/install/ir_camera/lib/python3.10/site-packages/ir_camera-0.0.0-py3.10.egg-info/top_level.txt
/home/vom/Nano_Vision/install/ir_camera/lib/python3.10/site-packages/ir_camera-0.0.0-py3.10.egg-info/dependency_links.txt
/home/vom/Nano_Vision/install/ir_camera/lib/python3.10/site-packages/ir_camera-0.0.0-py3.10.egg-info/PKG-INFO
/home/vom/Nano_Vision/install/ir_camera/lib/python3.10/site-packages/ir_camera-0.0.0-py3.10.egg-info/zip-safe
/home/vom/Nano_Vision/install/ir_camera/lib/ir_camera/ir_grab
/home/vom/Nano_Vision/install/ir_camera/lib/ir_camera/ir_pub
/home/vom/Nano_Vision/install/ir_camera/lib/ir_camera/ir_sub
