[0.968s] DEBUG:colcon:Command line arguments: ['/usr/bin/colcon', 'build', '--symlink-install']
[0.968s] DEBUG:colcon:Parsed command line arguments: Namespace(log_base=None, log_level=None, verb_name='build', build_base='build', install_base='install', merge_install=False, symlink_install=True, test_result_base=None, continue_on_error=False, executor='parallel', parallel_workers=8, event_handlers=None, ignore_user_meta=False, metas=['./colcon.meta'], base_paths=['.'], packages_ignore=None, packages_ignore_regex=None, paths=None, packages_up_to=None, packages_up_to_regex=None, packages_above=None, packages_above_and_dependencies=None, packages_above_depth=None, packages_select_by_dep=None, packages_skip_by_dep=None, packages_skip_up_to=None, packages_select_build_failed=False, packages_skip_build_finished=False, packages_select_test_failures=False, packages_skip_test_passed=False, packages_select=None, packages_skip=None, packages_select_regex=None, packages_skip_regex=None, packages_start=None, packages_end=None, allow_overriding=[], cmake_args=None, cmake_target=None, cmake_target_skip_unavailable=False, cmake_clean_cache=False, cmake_clean_first=False, cmake_force_configure=False, ament_cmake_args=None, catkin_cmake_args=None, catkin_skip_building_tests=False, verb_parser=<colcon_defaults.argument_parser.defaults.DefaultArgumentsDecorator object at 0x7f86b7acfd30>, verb_extension=<colcon_core.verb.build.BuildVerb object at 0x7f86b80db970>, main=<bound method BuildVerb.main of <colcon_core.verb.build.BuildVerb object at 0x7f86b80db970>>)
[1.013s] Level 1:colcon.colcon_core.package_discovery:discover_packages(colcon_meta) check parameters
[1.013s] Level 1:colcon.colcon_core.package_discovery:discover_packages(recursive) check parameters
[1.013s] Level 1:colcon.colcon_core.package_discovery:discover_packages(ignore) check parameters
[1.013s] Level 1:colcon.colcon_core.package_discovery:discover_packages(path) check parameters
[1.013s] Level 1:colcon.colcon_core.package_discovery:discover_packages(colcon_meta) discover
[1.013s] Level 1:colcon.colcon_core.package_discovery:discover_packages(recursive) discover
[1.013s] INFO:colcon.colcon_core.package_discovery:Crawling recursively for packages in '/home/vom/Nano_Vision'
[1.013s] Level 1:colcon.colcon_core.package_identification:_identify(.) by extensions ['ignore', 'ignore_ament_install']
[1.014s] Level 1:colcon.colcon_core.package_identification:_identify(.) by extension 'ignore'
[1.014s] Level 1:colcon.colcon_core.package_identification:_identify(.) by extension 'ignore_ament_install'
[1.014s] Level 1:colcon.colcon_core.package_identification:_identify(.) by extensions ['colcon_pkg']
[1.014s] Level 1:colcon.colcon_core.package_identification:_identify(.) by extension 'colcon_pkg'
[1.014s] Level 1:colcon.colcon_core.package_identification:_identify(.) by extensions ['colcon_meta']
[1.014s] Level 1:colcon.colcon_core.package_identification:_identify(.) by extension 'colcon_meta'
[1.014s] Level 1:colcon.colcon_core.package_identification:_identify(.) by extensions ['ros']
[1.014s] Level 1:colcon.colcon_core.package_identification:_identify(.) by extension 'ros'
[1.023s] Level 1:colcon.colcon_core.package_identification:_identify(.) by extensions ['cmake', 'python']
[1.024s] Level 1:colcon.colcon_core.package_identification:_identify(.) by extension 'cmake'
[1.024s] Level 1:colcon.colcon_core.package_identification:_identify(.) by extension 'python'
[1.024s] Level 1:colcon.colcon_core.package_identification:_identify(.) by extensions ['python_setup_py']
[1.024s] Level 1:colcon.colcon_core.package_identification:_identify(.) by extension 'python_setup_py'
[1.024s] Level 1:colcon.colcon_core.package_identification:_identify(build) by extensions ['ignore', 'ignore_ament_install']
[1.024s] Level 1:colcon.colcon_core.package_identification:_identify(build) by extension 'ignore'
[1.024s] Level 1:colcon.colcon_core.package_identification:_identify(build) ignored
[1.024s] Level 1:colcon.colcon_core.package_identification:_identify(install) by extensions ['ignore', 'ignore_ament_install']
[1.024s] Level 1:colcon.colcon_core.package_identification:_identify(install) by extension 'ignore'
[1.024s] Level 1:colcon.colcon_core.package_identification:_identify(install) ignored
[1.025s] Level 1:colcon.colcon_core.package_identification:_identify(log) by extensions ['ignore', 'ignore_ament_install']
[1.025s] Level 1:colcon.colcon_core.package_identification:_identify(log) by extension 'ignore'
[1.025s] Level 1:colcon.colcon_core.package_identification:_identify(log) ignored
[1.025s] Level 1:colcon.colcon_core.package_identification:_identify(src) by extensions ['ignore', 'ignore_ament_install']
[1.025s] Level 1:colcon.colcon_core.package_identification:_identify(src) by extension 'ignore'
[1.025s] Level 1:colcon.colcon_core.package_identification:_identify(src) by extension 'ignore_ament_install'
[1.025s] Level 1:colcon.colcon_core.package_identification:_identify(src) by extensions ['colcon_pkg']
[1.025s] Level 1:colcon.colcon_core.package_identification:_identify(src) by extension 'colcon_pkg'
[1.025s] Level 1:colcon.colcon_core.package_identification:_identify(src) by extensions ['colcon_meta']
[1.025s] Level 1:colcon.colcon_core.package_identification:_identify(src) by extension 'colcon_meta'
[1.025s] Level 1:colcon.colcon_core.package_identification:_identify(src) by extensions ['ros']
[1.025s] Level 1:colcon.colcon_core.package_identification:_identify(src) by extension 'ros'
[1.025s] Level 1:colcon.colcon_core.package_identification:_identify(src) by extensions ['cmake', 'python']
[1.025s] Level 1:colcon.colcon_core.package_identification:_identify(src) by extension 'cmake'
[1.025s] Level 1:colcon.colcon_core.package_identification:_identify(src) by extension 'python'
[1.025s] Level 1:colcon.colcon_core.package_identification:_identify(src) by extensions ['python_setup_py']
[1.025s] Level 1:colcon.colcon_core.package_identification:_identify(src) by extension 'python_setup_py'
[1.026s] Level 1:colcon.colcon_core.package_identification:_identify(src/ir_camera) by extensions ['ignore', 'ignore_ament_install']
[1.026s] Level 1:colcon.colcon_core.package_identification:_identify(src/ir_camera) by extension 'ignore'
[1.026s] Level 1:colcon.colcon_core.package_identification:_identify(src/ir_camera) by extension 'ignore_ament_install'
[1.026s] Level 1:colcon.colcon_core.package_identification:_identify(src/ir_camera) by extensions ['colcon_pkg']
[1.026s] Level 1:colcon.colcon_core.package_identification:_identify(src/ir_camera) by extension 'colcon_pkg'
[1.026s] Level 1:colcon.colcon_core.package_identification:_identify(src/ir_camera) by extensions ['colcon_meta']
[1.026s] Level 1:colcon.colcon_core.package_identification:_identify(src/ir_camera) by extension 'colcon_meta'
[1.026s] Level 1:colcon.colcon_core.package_identification:_identify(src/ir_camera) by extensions ['ros']
[1.026s] Level 1:colcon.colcon_core.package_identification:_identify(src/ir_camera) by extension 'ros'
[1.029s] DEBUG:colcon.colcon_core.package_identification:Package 'src/ir_camera' with type 'ros.ament_python' and name 'ir_camera'
[1.029s] Level 1:colcon.colcon_core.package_identification:_identify(src/rgb_camera) by extensions ['ignore', 'ignore_ament_install']
[1.029s] Level 1:colcon.colcon_core.package_identification:_identify(src/rgb_camera) by extension 'ignore'
[1.029s] Level 1:colcon.colcon_core.package_identification:_identify(src/rgb_camera) by extension 'ignore_ament_install'
[1.029s] Level 1:colcon.colcon_core.package_identification:_identify(src/rgb_camera) by extensions ['colcon_pkg']
[1.029s] Level 1:colcon.colcon_core.package_identification:_identify(src/rgb_camera) by extension 'colcon_pkg'
[1.029s] Level 1:colcon.colcon_core.package_identification:_identify(src/rgb_camera) by extensions ['colcon_meta']
[1.029s] Level 1:colcon.colcon_core.package_identification:_identify(src/rgb_camera) by extension 'colcon_meta'
[1.029s] Level 1:colcon.colcon_core.package_identification:_identify(src/rgb_camera) by extensions ['ros']
[1.029s] Level 1:colcon.colcon_core.package_identification:_identify(src/rgb_camera) by extension 'ros'
[1.030s] DEBUG:colcon.colcon_core.package_identification:Package 'src/rgb_camera' with type 'ros.ament_python' and name 'rgb_camera'
[1.030s] Level 1:colcon.colcon_core.package_identification:_identify(src/yansa_vision_bringup) by extensions ['ignore', 'ignore_ament_install']
[1.030s] Level 1:colcon.colcon_core.package_identification:_identify(src/yansa_vision_bringup) by extension 'ignore'
[1.030s] Level 1:colcon.colcon_core.package_identification:_identify(src/yansa_vision_bringup) by extension 'ignore_ament_install'
[1.030s] Level 1:colcon.colcon_core.package_identification:_identify(src/yansa_vision_bringup) by extensions ['colcon_pkg']
[1.030s] Level 1:colcon.colcon_core.package_identification:_identify(src/yansa_vision_bringup) by extension 'colcon_pkg'
[1.030s] Level 1:colcon.colcon_core.package_identification:_identify(src/yansa_vision_bringup) by extensions ['colcon_meta']
[1.030s] Level 1:colcon.colcon_core.package_identification:_identify(src/yansa_vision_bringup) by extension 'colcon_meta'
[1.030s] Level 1:colcon.colcon_core.package_identification:_identify(src/yansa_vision_bringup) by extensions ['ros']
[1.030s] Level 1:colcon.colcon_core.package_identification:_identify(src/yansa_vision_bringup) by extension 'ros'
[1.031s] DEBUG:colcon.colcon_core.package_identification:Package 'src/yansa_vision_bringup' with type 'ros.ament_cmake' and name 'yansa_vision_bringup'
[1.031s] Level 1:colcon.colcon_core.package_discovery:discover_packages(recursive) using defaults
[1.031s] Level 1:colcon.colcon_core.package_discovery:discover_packages(ignore) discover
[1.031s] Level 1:colcon.colcon_core.package_discovery:discover_packages(ignore) using defaults
[1.031s] Level 1:colcon.colcon_core.package_discovery:discover_packages(path) discover
[1.031s] Level 1:colcon.colcon_core.package_discovery:discover_packages(path) using defaults
[1.116s] Level 1:colcon.colcon_core.package_discovery:discover_packages(prefix_path) check parameters
[1.116s] Level 1:colcon.colcon_core.package_discovery:discover_packages(prefix_path) discover
[1.145s] DEBUG:colcon.colcon_installed_package_information.package_discovery:Found 2 installed packages in /home/vom/RasPi_LiDAR/install
[1.160s] DEBUG:colcon.colcon_installed_package_information.package_discovery:Found 282 installed packages in /opt/ros/humble
[1.162s] Level 1:colcon.colcon_core.package_discovery:discover_packages(prefix_path) using defaults
[1.245s] Level 5:colcon.colcon_core.verb:set package 'ir_camera' build argument 'cmake_args' from command line to 'None'
[1.246s] Level 5:colcon.colcon_core.verb:set package 'ir_camera' build argument 'cmake_target' from command line to 'None'
[1.246s] Level 5:colcon.colcon_core.verb:set package 'ir_camera' build argument 'cmake_target_skip_unavailable' from command line to 'False'
[1.246s] Level 5:colcon.colcon_core.verb:set package 'ir_camera' build argument 'cmake_clean_cache' from command line to 'False'
[1.246s] Level 5:colcon.colcon_core.verb:set package 'ir_camera' build argument 'cmake_clean_first' from command line to 'False'
[1.246s] Level 5:colcon.colcon_core.verb:set package 'ir_camera' build argument 'cmake_force_configure' from command line to 'False'
[1.246s] Level 5:colcon.colcon_core.verb:set package 'ir_camera' build argument 'ament_cmake_args' from command line to 'None'
[1.246s] Level 5:colcon.colcon_core.verb:set package 'ir_camera' build argument 'catkin_cmake_args' from command line to 'None'
[1.246s] Level 5:colcon.colcon_core.verb:set package 'ir_camera' build argument 'catkin_skip_building_tests' from command line to 'False'
[1.246s] DEBUG:colcon.colcon_core.verb:Building package 'ir_camera' with the following arguments: {'ament_cmake_args': None, 'build_base': '/home/vom/Nano_Vision/build/ir_camera', 'catkin_cmake_args': None, 'catkin_skip_building_tests': False, 'cmake_args': None, 'cmake_clean_cache': False, 'cmake_clean_first': False, 'cmake_force_configure': False, 'cmake_target': None, 'cmake_target_skip_unavailable': False, 'install_base': '/home/vom/Nano_Vision/install/ir_camera', 'merge_install': False, 'path': '/home/vom/Nano_Vision/src/ir_camera', 'symlink_install': True, 'test_result_base': None}
[1.259s] Level 5:colcon.colcon_core.verb:set package 'rgb_camera' build argument 'cmake_args' from command line to 'None'
[1.260s] Level 5:colcon.colcon_core.verb:set package 'rgb_camera' build argument 'cmake_target' from command line to 'None'
[1.260s] Level 5:colcon.colcon_core.verb:set package 'rgb_camera' build argument 'cmake_target_skip_unavailable' from command line to 'False'
[1.260s] Level 5:colcon.colcon_core.verb:set package 'rgb_camera' build argument 'cmake_clean_cache' from command line to 'False'
[1.260s] Level 5:colcon.colcon_core.verb:set package 'rgb_camera' build argument 'cmake_clean_first' from command line to 'False'
[1.260s] Level 5:colcon.colcon_core.verb:set package 'rgb_camera' build argument 'cmake_force_configure' from command line to 'False'
[1.260s] Level 5:colcon.colcon_core.verb:set package 'rgb_camera' build argument 'ament_cmake_args' from command line to 'None'
[1.260s] Level 5:colcon.colcon_core.verb:set package 'rgb_camera' build argument 'catkin_cmake_args' from command line to 'None'
[1.260s] Level 5:colcon.colcon_core.verb:set package 'rgb_camera' build argument 'catkin_skip_building_tests' from command line to 'False'
[1.260s] DEBUG:colcon.colcon_core.verb:Building package 'rgb_camera' with the following arguments: {'ament_cmake_args': None, 'build_base': '/home/vom/Nano_Vision/build/rgb_camera', 'catkin_cmake_args': None, 'catkin_skip_building_tests': False, 'cmake_args': None, 'cmake_clean_cache': False, 'cmake_clean_first': False, 'cmake_force_configure': False, 'cmake_target': None, 'cmake_target_skip_unavailable': False, 'install_base': '/home/vom/Nano_Vision/install/rgb_camera', 'merge_install': False, 'path': '/home/vom/Nano_Vision/src/rgb_camera', 'symlink_install': True, 'test_result_base': None}
[1.273s] Level 5:colcon.colcon_core.verb:set package 'yansa_vision_bringup' build argument 'cmake_args' from command line to 'None'
[1.274s] Level 5:colcon.colcon_core.verb:set package 'yansa_vision_bringup' build argument 'cmake_target' from command line to 'None'
[1.274s] Level 5:colcon.colcon_core.verb:set package 'yansa_vision_bringup' build argument 'cmake_target_skip_unavailable' from command line to 'False'
[1.274s] Level 5:colcon.colcon_core.verb:set package 'yansa_vision_bringup' build argument 'cmake_clean_cache' from command line to 'False'
[1.274s] Level 5:colcon.colcon_core.verb:set package 'yansa_vision_bringup' build argument 'cmake_clean_first' from command line to 'False'
[1.274s] Level 5:colcon.colcon_core.verb:set package 'yansa_vision_bringup' build argument 'cmake_force_configure' from command line to 'False'
[1.274s] Level 5:colcon.colcon_core.verb:set package 'yansa_vision_bringup' build argument 'ament_cmake_args' from command line to 'None'
[1.274s] Level 5:colcon.colcon_core.verb:set package 'yansa_vision_bringup' build argument 'catkin_cmake_args' from command line to 'None'
[1.274s] Level 5:colcon.colcon_core.verb:set package 'yansa_vision_bringup' build argument 'catkin_skip_building_tests' from command line to 'False'
[1.274s] DEBUG:colcon.colcon_core.verb:Building package 'yansa_vision_bringup' with the following arguments: {'ament_cmake_args': None, 'build_base': '/home/vom/Nano_Vision/build/yansa_vision_bringup', 'catkin_cmake_args': None, 'catkin_skip_building_tests': False, 'cmake_args': None, 'cmake_clean_cache': False, 'cmake_clean_first': False, 'cmake_force_configure': False, 'cmake_target': None, 'cmake_target_skip_unavailable': False, 'install_base': '/home/vom/Nano_Vision/install/yansa_vision_bringup', 'merge_install': False, 'path': '/home/vom/Nano_Vision/src/yansa_vision_bringup', 'symlink_install': True, 'test_result_base': None}
[1.287s] INFO:colcon.colcon_core.executor:Executing jobs using 'parallel' executor
[1.302s] DEBUG:colcon.colcon_parallel_executor.executor.parallel:run_until_complete
[1.302s] INFO:colcon.colcon_ros.task.ament_python.build:Building ROS package in '/home/vom/Nano_Vision/src/ir_camera' with build type 'ament_python'
[1.302s] Level 1:colcon.colcon_core.shell:create_environment_hook('ir_camera', 'ament_prefix_path')
[1.319s] INFO:colcon.colcon_core.plugin_system:Skipping extension 'colcon_core.shell.bat': Not used on non-Windows systems
[1.320s] INFO:colcon.colcon_core.shell:Creating environment hook '/home/vom/Nano_Vision/install/ir_camera/share/ir_camera/hook/ament_prefix_path.ps1'
[1.321s] INFO:colcon.colcon_core.shell:Creating environment descriptor '/home/vom/Nano_Vision/install/ir_camera/share/ir_camera/hook/ament_prefix_path.dsv'
[1.322s] INFO:colcon.colcon_core.shell:Creating environment hook '/home/vom/Nano_Vision/install/ir_camera/share/ir_camera/hook/ament_prefix_path.sh'
[1.338s] INFO:colcon.colcon_core.shell:Skip shell extension 'powershell' for command environment: Not usable outside of PowerShell
[1.338s] DEBUG:colcon.colcon_core.shell:Skip shell extension 'dsv' for command environment
[1.386s] INFO:colcon.colcon_ros.task.ament_python.build:Building ROS package in '/home/vom/Nano_Vision/src/rgb_camera' with build type 'ament_python'
[1.386s] Level 1:colcon.colcon_core.shell:create_environment_hook('rgb_camera', 'ament_prefix_path')
[1.401s] INFO:colcon.colcon_core.shell:Creating environment hook '/home/vom/Nano_Vision/install/rgb_camera/share/rgb_camera/hook/ament_prefix_path.ps1'
[1.401s] INFO:colcon.colcon_core.shell:Creating environment descriptor '/home/vom/Nano_Vision/install/rgb_camera/share/rgb_camera/hook/ament_prefix_path.dsv'
[1.402s] INFO:colcon.colcon_core.shell:Creating environment hook '/home/vom/Nano_Vision/install/rgb_camera/share/rgb_camera/hook/ament_prefix_path.sh'
[1.419s] INFO:colcon.colcon_core.shell:Skip shell extension 'powershell' for command environment: Not usable outside of PowerShell
[1.419s] DEBUG:colcon.colcon_core.shell:Skip shell extension 'dsv' for command environment
[1.726s] INFO:colcon.colcon_core.task.python.build:Building Python package in '/home/vom/Nano_Vision/src/ir_camera'
[1.741s] INFO:colcon.colcon_core.shell:Skip shell extension 'powershell' for command environment: Not usable outside of PowerShell
[1.741s] DEBUG:colcon.colcon_core.shell:Skip shell extension 'dsv' for command environment
[2.026s] INFO:colcon.colcon_core.task.python.build:Building Python package in '/home/vom/Nano_Vision/src/rgb_camera'
[2.040s] INFO:colcon.colcon_core.shell:Skip shell extension 'powershell' for command environment: Not usable outside of PowerShell
[2.040s] DEBUG:colcon.colcon_core.shell:Skip shell extension 'dsv' for command environment
[2.475s] DEBUG:colcon.colcon_core.event_handler.log_command:Invoking command in '/home/vom/Nano_Vision/build/ir_camera': PYTHONPATH=/home/vom/Nano_Vision/build/ir_camera/prefix_override:/home/vom/Nano_Vision/install/ir_camera/lib/python3.10/site-packages:${PYTHONPATH} /usr/bin/python3 setup.py develop --editable --build-directory /home/vom/Nano_Vision/build/ir_camera/build --no-deps install_data
[2.480s] DEBUG:colcon.colcon_core.event_handler.log_command:Invoking command in '/home/vom/Nano_Vision/build/rgb_camera': PYTHONPATH=/home/vom/Nano_Vision/build/rgb_camera/prefix_override:/home/vom/Nano_Vision/install/rgb_camera/lib/python3.10/site-packages:${PYTHONPATH} /usr/bin/python3 setup.py develop --editable --build-directory /home/vom/Nano_Vision/build/rgb_camera/build --no-deps install_data
[2.972s] Level 1:colcon.colcon_core.shell:create_environment_hook('ir_camera', 'pythonpath_develop')
[2.973s] DEBUG:colcon.colcon_core.event_handler.log_command:Invoked command in '/home/vom/Nano_Vision/build/ir_camera' returned '0': PYTHONPATH=/home/vom/Nano_Vision/build/ir_camera/prefix_override:/home/vom/Nano_Vision/install/ir_camera/lib/python3.10/site-packages:${PYTHONPATH} /usr/bin/python3 setup.py develop --editable --build-directory /home/vom/Nano_Vision/build/ir_camera/build --no-deps install_data
[2.993s] INFO:colcon.colcon_core.shell:Creating environment hook '/home/vom/Nano_Vision/build/ir_camera/share/ir_camera/hook/pythonpath_develop.ps1'
[2.994s] INFO:colcon.colcon_core.shell:Creating environment descriptor '/home/vom/Nano_Vision/build/ir_camera/share/ir_camera/hook/pythonpath_develop.dsv'
[2.994s] INFO:colcon.colcon_core.shell:Creating environment hook '/home/vom/Nano_Vision/build/ir_camera/share/ir_camera/hook/pythonpath_develop.sh'
[3.011s] Level 1:colcon.colcon_core.environment:checking '/home/vom/Nano_Vision/install/ir_camera' for CMake module files
[3.012s] Level 1:colcon.colcon_core.environment:checking '/home/vom/Nano_Vision/install/ir_camera' for CMake config files
[3.012s] Level 1:colcon.colcon_core.environment:checking '/home/vom/Nano_Vision/install/ir_camera/lib'
[3.012s] Level 1:colcon.colcon_core.environment:checking '/home/vom/Nano_Vision/install/ir_camera/bin'
[3.012s] Level 1:colcon.colcon_core.environment:checking '/home/vom/Nano_Vision/install/ir_camera/lib/pkgconfig/ir_camera.pc'
[3.013s] Level 1:colcon.colcon_core.environment:checking '/home/vom/Nano_Vision/install/ir_camera/lib/python3.10/site-packages'
[3.013s] Level 1:colcon.colcon_core.shell:create_environment_hook('ir_camera', 'pythonpath')
[3.028s] INFO:colcon.colcon_core.shell:Creating environment hook '/home/vom/Nano_Vision/install/ir_camera/share/ir_camera/hook/pythonpath.ps1'
[3.029s] INFO:colcon.colcon_core.shell:Creating environment descriptor '/home/vom/Nano_Vision/install/ir_camera/share/ir_camera/hook/pythonpath.dsv'
[3.029s] INFO:colcon.colcon_core.shell:Creating environment hook '/home/vom/Nano_Vision/install/ir_camera/share/ir_camera/hook/pythonpath.sh'
[3.029s] Level 1:colcon.colcon_core.environment:checking '/home/vom/Nano_Vision/install/ir_camera/bin'
[3.030s] Level 1:colcon.colcon_core.environment:create_environment_scripts_only(ir_camera)
[3.044s] INFO:colcon.colcon_core.shell:Creating package script '/home/vom/Nano_Vision/install/ir_camera/share/ir_camera/package.ps1'
[3.044s] INFO:colcon.colcon_core.shell:Creating package descriptor '/home/vom/Nano_Vision/install/ir_camera/share/ir_camera/package.dsv'
[3.045s] INFO:colcon.colcon_core.shell:Creating package script '/home/vom/Nano_Vision/install/ir_camera/share/ir_camera/package.sh'
[3.045s] INFO:colcon.colcon_core.shell:Creating package script '/home/vom/Nano_Vision/install/ir_camera/share/ir_camera/package.bash'
[3.046s] INFO:colcon.colcon_core.shell:Creating package script '/home/vom/Nano_Vision/install/ir_camera/share/ir_camera/package.zsh'
[3.046s] Level 1:colcon.colcon_core.environment:create_file_with_runtime_dependencies(/home/vom/Nano_Vision/install/ir_camera/share/colcon-core/packages/ir_camera)
[3.047s] Level 1:colcon.colcon_core.shell:create_environment_hook('rgb_camera', 'pythonpath_develop')
[3.048s] DEBUG:colcon.colcon_core.event_handler.log_command:Invoked command in '/home/vom/Nano_Vision/build/rgb_camera' returned '0': PYTHONPATH=/home/vom/Nano_Vision/build/rgb_camera/prefix_override:/home/vom/Nano_Vision/install/rgb_camera/lib/python3.10/site-packages:${PYTHONPATH} /usr/bin/python3 setup.py develop --editable --build-directory /home/vom/Nano_Vision/build/rgb_camera/build --no-deps install_data
[3.062s] INFO:colcon.colcon_core.shell:Creating environment hook '/home/vom/Nano_Vision/build/rgb_camera/share/rgb_camera/hook/pythonpath_develop.ps1'
[3.062s] INFO:colcon.colcon_core.shell:Creating environment descriptor '/home/vom/Nano_Vision/build/rgb_camera/share/rgb_camera/hook/pythonpath_develop.dsv'
[3.063s] INFO:colcon.colcon_core.shell:Creating environment hook '/home/vom/Nano_Vision/build/rgb_camera/share/rgb_camera/hook/pythonpath_develop.sh'
[3.078s] Level 1:colcon.colcon_core.environment:checking '/home/vom/Nano_Vision/install/rgb_camera' for CMake module files
[3.079s] Level 1:colcon.colcon_core.environment:checking '/home/vom/Nano_Vision/install/rgb_camera' for CMake config files
[3.079s] Level 1:colcon.colcon_core.environment:checking '/home/vom/Nano_Vision/install/rgb_camera/lib'
[3.079s] Level 1:colcon.colcon_core.environment:checking '/home/vom/Nano_Vision/install/rgb_camera/bin'
[3.080s] Level 1:colcon.colcon_core.environment:checking '/home/vom/Nano_Vision/install/rgb_camera/lib/pkgconfig/rgb_camera.pc'
[3.080s] Level 1:colcon.colcon_core.environment:checking '/home/vom/Nano_Vision/install/rgb_camera/lib/python3.10/site-packages'
[3.080s] Level 1:colcon.colcon_core.shell:create_environment_hook('rgb_camera', 'pythonpath')
[3.095s] INFO:colcon.colcon_core.shell:Creating environment hook '/home/vom/Nano_Vision/install/rgb_camera/share/rgb_camera/hook/pythonpath.ps1'
[3.095s] INFO:colcon.colcon_core.shell:Creating environment descriptor '/home/vom/Nano_Vision/install/rgb_camera/share/rgb_camera/hook/pythonpath.dsv'
[3.095s] INFO:colcon.colcon_core.shell:Creating environment hook '/home/vom/Nano_Vision/install/rgb_camera/share/rgb_camera/hook/pythonpath.sh'
[3.096s] Level 1:colcon.colcon_core.environment:checking '/home/vom/Nano_Vision/install/rgb_camera/bin'
[3.096s] Level 1:colcon.colcon_core.environment:create_environment_scripts_only(rgb_camera)
[3.111s] INFO:colcon.colcon_core.shell:Creating package script '/home/vom/Nano_Vision/install/rgb_camera/share/rgb_camera/package.ps1'
[3.111s] INFO:colcon.colcon_core.shell:Creating package descriptor '/home/vom/Nano_Vision/install/rgb_camera/share/rgb_camera/package.dsv'
[3.112s] INFO:colcon.colcon_core.shell:Creating package script '/home/vom/Nano_Vision/install/rgb_camera/share/rgb_camera/package.sh'
[3.112s] INFO:colcon.colcon_core.shell:Creating package script '/home/vom/Nano_Vision/install/rgb_camera/share/rgb_camera/package.bash'
[3.112s] INFO:colcon.colcon_core.shell:Creating package script '/home/vom/Nano_Vision/install/rgb_camera/share/rgb_camera/package.zsh'
[3.112s] Level 1:colcon.colcon_core.environment:create_file_with_runtime_dependencies(/home/vom/Nano_Vision/install/rgb_camera/share/colcon-core/packages/rgb_camera)
[3.113s] INFO:colcon.colcon_ros.task.ament_cmake.build:Building ROS package in '/home/vom/Nano_Vision/src/yansa_vision_bringup' with build type 'ament_cmake'
[3.113s] INFO:colcon.colcon_cmake.task.cmake.build:Building CMake package in '/home/vom/Nano_Vision/src/yansa_vision_bringup'
[3.128s] INFO:colcon.colcon_core.shell:Skip shell extension 'powershell' for command environment: Not usable outside of PowerShell
[3.128s] DEBUG:colcon.colcon_core.shell:Skip shell extension 'dsv' for command environment
[3.186s] DEBUG:colcon.colcon_core.event_handler.log_command:Invoking command in '/home/vom/Nano_Vision/build/yansa_vision_bringup': AMENT_PREFIX_PATH=/home/vom/Nano_Vision/install/rgb_camera:/home/vom/Nano_Vision/install/ir_camera:${AMENT_PREFIX_PATH} CMAKE_PREFIX_PATH=${CMAKE_PREFIX_PATH}:/home/vom/RasPi_LiDAR/install/velodyne_lidar:/opt/ros/humble PYTHONPATH=/home/vom/Nano_Vision/build/rgb_camera:/home/vom/Nano_Vision/install/rgb_camera/lib/python3.10/site-packages:/home/vom/Nano_Vision/build/ir_camera:/home/vom/Nano_Vision/install/ir_camera/lib/python3.10/site-packages:${PYTHONPATH} /usr/bin/cmake /home/vom/Nano_Vision/src/yansa_vision_bringup -DAMENT_CMAKE_SYMLINK_INSTALL=1 -DCMAKE_INSTALL_PREFIX=/home/vom/Nano_Vision/install/yansa_vision_bringup
[3.943s] DEBUG:colcon.colcon_core.event_handler.log_command:Invoked command in '/home/vom/Nano_Vision/build/yansa_vision_bringup' returned '0': AMENT_PREFIX_PATH=/home/vom/Nano_Vision/install/rgb_camera:/home/vom/Nano_Vision/install/ir_camera:${AMENT_PREFIX_PATH} CMAKE_PREFIX_PATH=${CMAKE_PREFIX_PATH}:/home/vom/RasPi_LiDAR/install/velodyne_lidar:/opt/ros/humble PYTHONPATH=/home/vom/Nano_Vision/build/rgb_camera:/home/vom/Nano_Vision/install/rgb_camera/lib/python3.10/site-packages:/home/vom/Nano_Vision/build/ir_camera:/home/vom/Nano_Vision/install/ir_camera/lib/python3.10/site-packages:${PYTHONPATH} /usr/bin/cmake /home/vom/Nano_Vision/src/yansa_vision_bringup -DAMENT_CMAKE_SYMLINK_INSTALL=1 -DCMAKE_INSTALL_PREFIX=/home/vom/Nano_Vision/install/yansa_vision_bringup
[3.943s] DEBUG:colcon.colcon_core.event_handler.log_command:Invoking command in '/home/vom/Nano_Vision/build/yansa_vision_bringup': AMENT_PREFIX_PATH=/home/vom/Nano_Vision/install/rgb_camera:/home/vom/Nano_Vision/install/ir_camera:${AMENT_PREFIX_PATH} CMAKE_PREFIX_PATH=${CMAKE_PREFIX_PATH}:/home/vom/RasPi_LiDAR/install/velodyne_lidar:/opt/ros/humble PYTHONPATH=/home/vom/Nano_Vision/build/rgb_camera:/home/vom/Nano_Vision/install/rgb_camera/lib/python3.10/site-packages:/home/vom/Nano_Vision/build/ir_camera:/home/vom/Nano_Vision/install/ir_camera/lib/python3.10/site-packages:${PYTHONPATH} /usr/bin/cmake --build /home/vom/Nano_Vision/build/yansa_vision_bringup -- -j8 -l8
[3.977s] DEBUG:colcon.colcon_core.event_handler.log_command:Invoked command in '/home/vom/Nano_Vision/build/yansa_vision_bringup' returned '0': AMENT_PREFIX_PATH=/home/vom/Nano_Vision/install/rgb_camera:/home/vom/Nano_Vision/install/ir_camera:${AMENT_PREFIX_PATH} CMAKE_PREFIX_PATH=${CMAKE_PREFIX_PATH}:/home/vom/RasPi_LiDAR/install/velodyne_lidar:/opt/ros/humble PYTHONPATH=/home/vom/Nano_Vision/build/rgb_camera:/home/vom/Nano_Vision/install/rgb_camera/lib/python3.10/site-packages:/home/vom/Nano_Vision/build/ir_camera:/home/vom/Nano_Vision/install/ir_camera/lib/python3.10/site-packages:${PYTHONPATH} /usr/bin/cmake --build /home/vom/Nano_Vision/build/yansa_vision_bringup -- -j8 -l8
[4.005s] DEBUG:colcon.colcon_core.event_handler.log_command:Invoking command in '/home/vom/Nano_Vision/build/yansa_vision_bringup': AMENT_PREFIX_PATH=/home/vom/Nano_Vision/install/rgb_camera:/home/vom/Nano_Vision/install/ir_camera:${AMENT_PREFIX_PATH} CMAKE_PREFIX_PATH=${CMAKE_PREFIX_PATH}:/home/vom/RasPi_LiDAR/install/velodyne_lidar:/opt/ros/humble PYTHONPATH=/home/vom/Nano_Vision/build/rgb_camera:/home/vom/Nano_Vision/install/rgb_camera/lib/python3.10/site-packages:/home/vom/Nano_Vision/build/ir_camera:/home/vom/Nano_Vision/install/ir_camera/lib/python3.10/site-packages:${PYTHONPATH} /usr/bin/cmake --install /home/vom/Nano_Vision/build/yansa_vision_bringup
[4.133s] Level 1:colcon.colcon_core.environment:create_environment_scripts_only(yansa_vision_bringup)
[4.133s] DEBUG:colcon.colcon_core.event_handler.log_command:Invoked command in '/home/vom/Nano_Vision/build/yansa_vision_bringup' returned '0': AMENT_PREFIX_PATH=/home/vom/Nano_Vision/install/rgb_camera:/home/vom/Nano_Vision/install/ir_camera:${AMENT_PREFIX_PATH} CMAKE_PREFIX_PATH=${CMAKE_PREFIX_PATH}:/home/vom/RasPi_LiDAR/install/velodyne_lidar:/opt/ros/humble PYTHONPATH=/home/vom/Nano_Vision/build/rgb_camera:/home/vom/Nano_Vision/install/rgb_camera/lib/python3.10/site-packages:/home/vom/Nano_Vision/build/ir_camera:/home/vom/Nano_Vision/install/ir_camera/lib/python3.10/site-packages:${PYTHONPATH} /usr/bin/cmake --install /home/vom/Nano_Vision/build/yansa_vision_bringup
[4.148s] Level 1:colcon.colcon_core.environment:checking '/home/vom/Nano_Vision/install/yansa_vision_bringup' for CMake module files
[4.148s] Level 1:colcon.colcon_core.environment:checking '/home/vom/Nano_Vision/install/yansa_vision_bringup' for CMake config files
[4.148s] Level 1:colcon.colcon_core.shell:create_environment_hook('yansa_vision_bringup', 'cmake_prefix_path')
[4.163s] INFO:colcon.colcon_core.shell:Creating environment hook '/home/vom/Nano_Vision/install/yansa_vision_bringup/share/yansa_vision_bringup/hook/cmake_prefix_path.ps1'
[4.163s] INFO:colcon.colcon_core.shell:Creating environment descriptor '/home/vom/Nano_Vision/install/yansa_vision_bringup/share/yansa_vision_bringup/hook/cmake_prefix_path.dsv'
[4.163s] INFO:colcon.colcon_core.shell:Creating environment hook '/home/vom/Nano_Vision/install/yansa_vision_bringup/share/yansa_vision_bringup/hook/cmake_prefix_path.sh'
[4.164s] Level 1:colcon.colcon_core.environment:checking '/home/vom/Nano_Vision/install/yansa_vision_bringup/bin'
[4.164s] Level 1:colcon.colcon_core.environment:checking '/home/vom/Nano_Vision/install/yansa_vision_bringup/lib/pkgconfig/yansa_vision_bringup.pc'
[4.164s] Level 1:colcon.colcon_core.environment:checking '/home/vom/Nano_Vision/install/yansa_vision_bringup/lib/python3.10/site-packages'
[4.164s] Level 1:colcon.colcon_core.environment:checking '/home/vom/Nano_Vision/install/yansa_vision_bringup/bin'
[4.181s] INFO:colcon.colcon_core.shell:Creating package script '/home/vom/Nano_Vision/install/yansa_vision_bringup/share/yansa_vision_bringup/package.ps1'
[4.182s] INFO:colcon.colcon_core.shell:Creating package descriptor '/home/vom/Nano_Vision/install/yansa_vision_bringup/share/yansa_vision_bringup/package.dsv'
[4.182s] INFO:colcon.colcon_core.shell:Creating package script '/home/vom/Nano_Vision/install/yansa_vision_bringup/share/yansa_vision_bringup/package.sh'
[4.182s] INFO:colcon.colcon_core.shell:Creating package script '/home/vom/Nano_Vision/install/yansa_vision_bringup/share/yansa_vision_bringup/package.bash'
[4.183s] INFO:colcon.colcon_core.shell:Creating package script '/home/vom/Nano_Vision/install/yansa_vision_bringup/share/yansa_vision_bringup/package.zsh'
[4.183s] Level 1:colcon.colcon_core.environment:create_file_with_runtime_dependencies(/home/vom/Nano_Vision/install/yansa_vision_bringup/share/colcon-core/packages/yansa_vision_bringup)
[4.220s] Level 1:colcon.colcon_core.environment:create_environment_scripts_only(yansa_vision_bringup)
[4.235s] Level 1:colcon.colcon_core.environment:checking '/home/vom/Nano_Vision/install/yansa_vision_bringup' for CMake module files
[4.236s] Level 1:colcon.colcon_core.environment:checking '/home/vom/Nano_Vision/install/yansa_vision_bringup' for CMake config files
[4.236s] Level 1:colcon.colcon_core.shell:create_environment_hook('yansa_vision_bringup', 'cmake_prefix_path')
[4.252s] INFO:colcon.colcon_core.shell:Creating environment hook '/home/vom/Nano_Vision/install/yansa_vision_bringup/share/yansa_vision_bringup/hook/cmake_prefix_path.ps1'
[4.253s] INFO:colcon.colcon_core.shell:Creating environment descriptor '/home/vom/Nano_Vision/install/yansa_vision_bringup/share/yansa_vision_bringup/hook/cmake_prefix_path.dsv'
[4.253s] INFO:colcon.colcon_core.shell:Creating environment hook '/home/vom/Nano_Vision/install/yansa_vision_bringup/share/yansa_vision_bringup/hook/cmake_prefix_path.sh'
[4.253s] Level 1:colcon.colcon_core.environment:checking '/home/vom/Nano_Vision/install/yansa_vision_bringup/bin'
[4.253s] Level 1:colcon.colcon_core.environment:checking '/home/vom/Nano_Vision/install/yansa_vision_bringup/lib/pkgconfig/yansa_vision_bringup.pc'
[4.254s] Level 1:colcon.colcon_core.environment:checking '/home/vom/Nano_Vision/install/yansa_vision_bringup/lib/python3.10/site-packages'
[4.254s] Level 1:colcon.colcon_core.environment:checking '/home/vom/Nano_Vision/install/yansa_vision_bringup/bin'
[4.268s] INFO:colcon.colcon_core.shell:Creating package script '/home/vom/Nano_Vision/install/yansa_vision_bringup/share/yansa_vision_bringup/package.ps1'
[4.269s] INFO:colcon.colcon_core.shell:Creating package descriptor '/home/vom/Nano_Vision/install/yansa_vision_bringup/share/yansa_vision_bringup/package.dsv'
[4.269s] INFO:colcon.colcon_core.shell:Creating package script '/home/vom/Nano_Vision/install/yansa_vision_bringup/share/yansa_vision_bringup/package.sh'
[4.269s] INFO:colcon.colcon_core.shell:Creating package script '/home/vom/Nano_Vision/install/yansa_vision_bringup/share/yansa_vision_bringup/package.bash'
[4.270s] INFO:colcon.colcon_core.shell:Creating package script '/home/vom/Nano_Vision/install/yansa_vision_bringup/share/yansa_vision_bringup/package.zsh'
[4.270s] Level 1:colcon.colcon_core.environment:create_file_with_runtime_dependencies(/home/vom/Nano_Vision/install/yansa_vision_bringup/share/colcon-core/packages/yansa_vision_bringup)
[4.271s] DEBUG:colcon.colcon_parallel_executor.executor.parallel:closing loop
[4.271s] DEBUG:colcon.colcon_parallel_executor.executor.parallel:loop closed
[4.271s] DEBUG:colcon.colcon_parallel_executor.executor.parallel:run_until_complete finished with '0'
[4.271s] DEBUG:colcon.colcon_core.event_reactor:joining thread
[4.291s] INFO:colcon.colcon_core.plugin_system:Skipping extension 'colcon_notification.desktop_notification.terminal_notifier': Not used on non-Darwin systems
[4.291s] INFO:colcon.colcon_core.plugin_system:Skipping extension 'colcon_notification.desktop_notification.win32': Not used on non-Windows systems
[4.291s] INFO:colcon.colcon_notification.desktop_notification:Sending desktop notification using 'notify2'
[4.304s] DEBUG:colcon.colcon_core.event_reactor:joined thread
[4.328s] INFO:colcon.colcon_core.shell:Creating prefix script '/home/vom/Nano_Vision/install/local_setup.ps1'
[4.330s] INFO:colcon.colcon_core.shell:Creating prefix util module '/home/vom/Nano_Vision/install/_local_setup_util_ps1.py'
[4.331s] INFO:colcon.colcon_core.shell:Creating prefix chain script '/home/vom/Nano_Vision/install/setup.ps1'
[4.350s] INFO:colcon.colcon_core.shell:Creating prefix script '/home/vom/Nano_Vision/install/local_setup.sh'
[4.350s] INFO:colcon.colcon_core.shell:Creating prefix util module '/home/vom/Nano_Vision/install/_local_setup_util_sh.py'
[4.350s] INFO:colcon.colcon_core.shell:Creating prefix chain script '/home/vom/Nano_Vision/install/setup.sh'
[4.366s] INFO:colcon.colcon_core.shell:Creating prefix script '/home/vom/Nano_Vision/install/local_setup.bash'
[4.367s] INFO:colcon.colcon_core.shell:Creating prefix chain script '/home/vom/Nano_Vision/install/setup.bash'
[4.382s] INFO:colcon.colcon_core.shell:Creating prefix script '/home/vom/Nano_Vision/install/local_setup.zsh'
[4.382s] INFO:colcon.colcon_core.shell:Creating prefix chain script '/home/vom/Nano_Vision/install/setup.zsh'
